2025-07-15 11:21:49,463 - __main__                  - INFO     - [진단] main.py: main() 진입
2025-07-15 11:21:49,616 - SClassDMS_v19_default     - INFO     - ✅ AI 드라이빙 코치 시스템 초기화 완료
2025-07-15 11:21:49,616 - SClassDMS_v19_default     - INFO     - ✅ V2D 헬스케어 시스템 초기화 완료
2025-07-15 11:21:49,632 - SClassDMS_v19_default     - INFO     - ✅ AR HUD 시스템 초기화 완료
2025-07-15 11:21:49,632 - SClassDMS_v19_default     - INFO     - ✅ 감성 케어 시스템 초기화 완료
2025-07-15 11:21:49,635 - SClassDMS_v19_default     - INFO     - ✅ 디지털 트윈 플랫폼 초기화 완료
2025-07-15 11:21:49,635 - SClassDMS_v19_default     - INFO     - 혁신 시스템 초기화 완료: 5개 시스템 성공
2025-07-15 11:21:49,636 - SClassDMS_v19_default     - INFO     - S-Class DMS v19.0 시스템 초기화 완료
2025-07-15 11:21:49,636 - SClassDMS_v19_default     - INFO     - 사용자: default, 에디션: RESEARCH
2025-07-15 11:21:49,636 - SClassDMS_v19_default     - INFO     - 활성화된 기능: ['Expert Systems', 'AI Coach', 'Healthcare', 'AR HUD', 'Emotional Care', 'Digital Twin']
2025-07-15 11:22:02,644 - SClassDMS_v19_default     - INFO     - ✅ AI 드라이빙 코치 시스템 초기화 완료
2025-07-15 11:22:02,644 - SClassDMS_v19_default     - INFO     - ✅ V2D 헬스케어 시스템 초기화 완료
2025-07-15 11:22:02,644 - SClassDMS_v19_default     - INFO     - ✅ AR HUD 시스템 초기화 완료
2025-07-15 11:22:02,644 - SClassDMS_v19_default     - INFO     - ✅ 감성 케어 시스템 초기화 완료
2025-07-15 11:22:02,644 - SClassDMS_v19_default     - INFO     - ✅ 디지털 트윈 플랫폼 초기화 완료
2025-07-15 11:22:02,644 - SClassDMS_v19_default     - INFO     - 혁신 시스템 초기화 완료: 5개 시스템 성공
2025-07-15 11:22:02,644 - SClassDMS_v19_default     - INFO     - S-Class DMS v19.0 시스템 초기화 완료
2025-07-15 11:22:02,644 - SClassDMS_v19_default     - INFO     - 사용자: default, 에디션: RESEARCH
2025-07-15 11:22:02,644 - SClassDMS_v19_default     - INFO     - 활성화된 기능: ['Expert Systems', 'AI Coach', 'Healthcare', 'AR HUD', 'Emotional Care', 'Digital Twin']
2025-07-15 11:22:02,686 - __main__                  - INFO     - S-Class 설정 완료: {'input_source': 0, 'user_id': 'default', 'camera_position': <CameraPosition.REARVIEW_MIRROR: '백미러 위치'>, 'enable_calibration': True, 'is_same_driver': True, 'system_type': <AnalysisSystemType.STANDARD: 'standard'>, 'use_legacy_engine': False, 'edition': 'RESEARCH', 'sclass_features': {'enable_rppg': True, 'enable_saccade': True, 'enable_spinal_analysis': True, 'enable_tremor_fft': True, 'enable_bayesian_prediction': True, 'enable_emotion_ai': True, 'enable_predictive_safety': True, 'enable_biometric_fusion': True, 'enable_adaptive_thresholds': True}, 'enable_performance_optimization': True}
2025-07-15 11:22:02,686 - app                       - INFO     - [수정] app_fixed.py: DMSApp.__init__ 진입
2025-07-15 11:22:02,686 - app                       - INFO     - 에디션 'RESEARCH'에 따른 기능 설정 중...
2025-07-15 11:22:02,686 - app                       - INFO     - 에디션 'RESEARCH' 기능 설정 완료: {'enable_rppg': True, 'enable_saccade': True, 'enable_spinal_analysis': True, 'enable_tremor_fft': True, 'enable_bayesian_prediction': True, 'enable_emotion_ai': True, 'enable_predictive_safety': True, 'enable_biometric_fusion': True, 'enable_adaptive_thresholds': True}
2025-07-15 11:22:02,686 - systems.performance       - INFO     - PerformanceOptimizer 초기화 완료
2025-07-15 11:22:02,704 - systems.personalization   - INFO     - 사용자 프로필 로드됨: default
2025-07-15 11:22:02,706 - systems.dynamic           - INFO     - DynamicAnalysisEngine 상태 초기화됨.
2025-07-15 11:22:02,708 - systems.dynamic           - INFO     - DynamicAnalysisEngine 초기화 완료
2025-07-15 11:22:02,708 - systems.backup            - INFO     - SensorBackupManager 초기화 완료
2025-07-15 11:22:02,709 - utils.memory_monitor      - INFO     - MemoryMonitor 초기화 - 경고: 600MB, 위험: 1000MB
2025-07-15 11:22:02,712 - app                       - INFO     - [수정] S-Class 시스템 초기화 완료
2025-07-15 11:22:02,713 - app                       - INFO     - [수정] app.py: run 진입
2025-07-15 11:22:02,716 - app                       - INFO     - [수정] app.py: run - opencv_display_loop 진입
2025-07-15 11:22:02,722 - app                       - INFO     - [수정] app.py: run - async_frame_producer 진입
2025-07-15 11:22:02,725 - app                       - INFO     - [수정] S-Class DMS 시스템 초기화 시작...
2025-07-15 11:22:02,727 - app                       - ERROR    - S-Class DMS 시스템 초기화 실패: EnhancedStateManager.__init__() takes 1 positional argument but 2 were given
Traceback (most recent call last):
  File "c:\Users\HKIT\Desktop\DMS_Project2\app.py", line 329, in initialize
    self.state_manager = EnhancedStateManager(self.user_id)
                         ^^^^^^^^^^^^^^^^^^^^^^^^^^^^^^^^^^
TypeError: EnhancedStateManager.__init__() takes 1 positional argument but 2 were given
2025-07-15 11:22:02,732 - app                       - INFO     - [수정] app.py: run - S-Class DMS 시스템 초기화 완료
2025-07-15 11:22:02,838 - __main__                  - ERROR    - S-Class 시스템 실행 실패: 'DMSApp' object has no attribute 'video_input_manager'
Traceback (most recent call last):
  File "c:\Users\HKIT\Desktop\DMS_Project2\main.py", line 1256, in main
    app.run()
  File "c:\Users\HKIT\Desktop\DMS_Project2\app.py", line 455, in run
    asyncio.run(async_frame_producer())
  File "C:\Users\HKIT\.conda\envs\new_env\Lib\asyncio\runners.py", line 190, in run
    return runner.run(main)
           ^^^^^^^^^^^^^^^^
  File "C:\Users\HKIT\.conda\envs\new_env\Lib\asyncio\runners.py", line 118, in run
    return self._loop.run_until_complete(task)
           ^^^^^^^^^^^^^^^^^^^^^^^^^^^^^^^^^^^
  File "C:\Users\HKIT\.conda\envs\new_env\Lib\asyncio\base_events.py", line 654, in run_until_complete
    return future.result()
           ^^^^^^^^^^^^^^^
  File "c:\Users\HKIT\Desktop\DMS_Project2\app.py", line 413, in async_frame_producer
    frame = self.video_input_manager.get_frame()  # 항상 numpy
            ^^^^^^^^^^^^^^^^^^^^^^^^
AttributeError: 'DMSApp' object has no attribute 'video_input_manager'
