2025-07-14 17:30:58,970 - __main__                  - INFO     - [진단] main.py: main() 진입
2025-07-14 17:30:59,039 - SClassDMS_v19_default     - INFO     - ✅ AI 드라이빙 코치 시스템 초기화 완료
2025-07-14 17:30:59,039 - SClassDMS_v19_default     - INFO     - ✅ V2D 헬스케어 시스템 초기화 완료
2025-07-14 17:30:59,039 - SClassDMS_v19_default     - INFO     - ✅ AR HUD 시스템 초기화 완료
2025-07-14 17:30:59,039 - SClassDMS_v19_default     - INFO     - ✅ 감성 케어 시스템 초기화 완료
2025-07-14 17:30:59,055 - SClassDMS_v19_default     - INFO     - ✅ 디지털 트윈 플랫폼 초기화 완료
2025-07-14 17:30:59,055 - SClassDMS_v19_default     - INFO     - 혁신 시스템 초기화 완료: 5개 시스템 성공
2025-07-14 17:30:59,056 - SClassDMS_v19_default     - INFO     - S-Class DMS v19.0 시스템 초기화 완료
2025-07-14 17:30:59,056 - SClassDMS_v19_default     - INFO     - 사용자: default, 에디션: RESEARCH
2025-07-14 17:30:59,056 - SClassDMS_v19_default     - INFO     - 활성화된 기능: ['Expert Systems', 'AI Coach', 'Healthcare', 'AR HUD', 'Emotional Care', 'Digital Twin']
2025-07-14 17:30:59,984 - __main__                  - ERROR    - S-Class 시스템 실행 실패: Layout Horizontal.SClass.TProgressbar not found
Traceback (most recent call last):
  File "c:\Users\HKIT\Desktop\DMS_Project2\main.py", line 1093, in main
    gui_setup = SClass_DMS_GUI_Setup(root)
                ^^^^^^^^^^^^^^^^^^^^^^^^^^
  File "c:\Users\HKIT\Desktop\DMS_Project2\main.py", line 247, in __init__
    self._create_advanced_gui()
  File "c:\Users\HKIT\Desktop\DMS_Project2\main.py", line 357, in _create_advanced_gui
    self._create_main_tab()
  File "c:\Users\HKIT\Desktop\DMS_Project2\main.py", line 370, in _create_main_tab
    self._create_enhanced_header_section(main_tab)
  File "c:\Users\HKIT\Desktop\DMS_Project2\main.py", line 423, in _create_enhanced_header_section
    self.progress_bar = ttk.Progressbar(
                        ^^^^^^^^^^^^^^^^
  File "C:\Users\HKIT\.conda\envs\new_env\Lib\tkinter\ttk.py", line 982, in __init__
    Widget.__init__(self, master, "ttk::progressbar", kw)
  File "C:\Users\HKIT\.conda\envs\new_env\Lib\tkinter\ttk.py", line 527, in __init__
    tkinter.Widget.__init__(self, master, widgetname, kw=kw)
  File "C:\Users\HKIT\.conda\envs\new_env\Lib\tkinter\__init__.py", line 2647, in __init__
    self.tk.call(
_tkinter.TclError: Layout Horizontal.SClass.TProgressbar not found
