2025-07-11 17:16:49,723 - __main__                  - INFO     - [진단] main.py: main() 진입
2025-07-11 17:16:56,492 - __main__                  - INFO     - S-Class 설정 완료: {'input_source': 0, 'user_id': 'default', 'camera_position': <CameraPosition.REARVIEW_MIRROR: '백미러 위치'>, 'enable_calibration': False, 'is_same_driver': True, 'system_type': <AnalysisSystemType.STANDARD: 'standard'>, 'use_legacy_engine': False, 'sclass_features': {'enable_rppg': True, 'enable_saccade': True, 'enable_spinal_analysis': True, 'enable_tremor_fft': True, 'enable_bayesian_prediction': True}}
2025-07-11 17:16:56,492 - app                       - INFO     - [수정] app_fixed.py: DMSApp.__init__ 진입
2025-07-11 17:16:56,492 - systems.performance       - INFO     - PerformanceOptimizer 초기화 완료
2025-07-11 17:16:56,492 - systems.personalization   - INFO     - 사용자 프로필 로드됨: default
2025-07-11 17:16:56,492 - systems.dynamic           - INFO     - DynamicAnalysisEngine 상태 초기화됨.
2025-07-11 17:16:56,492 - systems.dynamic           - INFO     - DynamicAnalysisEngine 초기화 완료
2025-07-11 17:16:56,492 - systems.backup            - INFO     - SensorBackupManager 초기화 완료
2025-07-11 17:16:56,508 - app                       - INFO     - [수정] S-Class 시스템 초기화 완료
2025-07-11 17:16:56,508 - app                       - INFO     - [수정] S-Class DMS 시스템 시작
2025-07-11 17:16:56,513 - app                       - INFO     - [수정] S-Class DMS 시스템 초기화 시작...
2025-07-11 17:16:56,517 - systems.metrics_manager   - INFO     - MetricsManager 초기화 완료 - 히스토리 크기: 900
2025-07-11 17:16:56,518 - integration.integrated_system - INFO     - 새로운 시스템 초기화 시작 - 성능 우선 전략
2025-07-11 17:16:56,519 - analysis.factory.analysis_factory - INFO     - DMS 분석 시스템 생성 시작: standard
2025-07-11 17:16:56,519 - analysis.factory.analysis_factory - INFO     - 지원 기능: advanced_drowsiness_detection, multi_level_distraction_detection, precise_head_pose_tracking, gaze_zone_classification, emotion_recognition...
2025-07-11 17:16:56,519 - analysis.factory.analysis_factory - INFO     - 표준 성능 DMS 시스템 생성 중...
2025-07-11 17:16:56,520 - analysis.fusion.fusion_engine_advanced - INFO     - MultiModalFusionEngine (S-Class) 초기화 완료 - 디지털 신경과학자 준비됨
2025-07-11 17:16:56,646 - analysis.drowsiness       - INFO     - EnhancedDrowsinessDetector 초기화 완료
2025-07-11 17:16:56,646 - analysis.emotion          - INFO     - EmotionRecognitionSystem 초기화 완료
2025-07-11 17:16:56,646 - analysis.gaze             - INFO     - EnhancedSphericalGazeClassifier 초기화: 11개 구역 정의됨
2025-07-11 17:16:56,646 - analysis.identity         - INFO     - 1명의 운전자 프로필 로드됨
2025-07-11 17:16:56,646 - analysis.identity         - INFO     - DriverIdentificationSystem 초기화 완료
2025-07-11 17:16:56,646 - analysis.processors.face_processor_s_class - INFO     - FaceDataProcessor (S-Class) 초기화 완료 - 디지털 심리학자 준비됨
2025-07-11 17:16:56,646 - analysis.processors.pose_processor_s_class - INFO     - PoseDataProcessor (S-Class) 초기화 완료 - 자세 분석 전문가 준비됨
2025-07-11 17:16:56,646 - analysis.processors.hand_processor_s_class - INFO     - HandDataProcessor (S-Class, 인터페이스 통합) 초기화 완료
2025-07-11 17:16:56,646 - analysis.processors.object_processor_s_class - INFO     - ObjectDataProcessor (S-Class) 초기화 완료 - 행동 예측 전문가 준비됨
2025-07-11 17:16:56,646 - analysis.orchestrator.orchestrator_advanced - INFO     - AnalysisOrchestrator (S-Class) 초기화 완료 - 지능형 지휘자 준비됨
2025-07-11 17:16:56,646 - analysis.factory.analysis_factory - INFO     - 표준 DMS 시스템 생성 완료 - 균형 모드 활성화
2025-07-11 17:16:56,646 - analysis.factory.analysis_factory - INFO     - DMS 분석 시스템 생성 완료: standard
2025-07-11 17:16:56,646 - integration.integrated_system - INFO     - ✅ 새로운 standard 시스템 생성 완료
2025-07-11 17:16:56,646 - integration.integrated_system - INFO     - IntegratedDMSSystem 초기화 완료 - 타입: standard, 레거시: False
2025-07-11 17:16:56,656 - events.event_bus          - INFO     - EventBus 초기화 완료 - 중추 신경계 가동 시작
2025-07-11 17:16:56,657 - events.event_bus          - INFO     - EventBus 시작됨 - 모든 우선순위 큐 처리 시작
2025-07-11 17:16:56,658 - events.event_bus          - INFO     - 글로벌 이벤트 시스템 초기화 완료
2025-07-11 17:16:56,658 - events.handlers           - INFO     - SafetyEventHandler 초기화 완료 - 안전 모니터링 시작
2025-07-11 17:16:56,659 - events.event_bus          - INFO     - 글로벌 핸들러 등록: SafetyEventHandler
2025-07-11 17:16:56,659 - events.handlers           - INFO     - AnalyticsEventHandler 초기화 완료 - 성능 모니터링 시작
2025-07-11 17:16:56,660 - events.event_bus          - INFO     - 글로벌 핸들러 등록: AnalyticsEventHandler
2025-07-11 17:16:56,660 - systems.metrics_manager   - INFO     - StateManager와 연결됨
2025-07-11 17:16:56,661 - core.state_manager        - INFO     - MetricsManager와 연결됨
2025-07-11 17:16:56,661 - integration.integrated_system - INFO     - IntegratedDMSSystem 비동기 초기화 완료
2025-07-11 17:16:56,663 - systems.personalization   - INFO     - 사용자 프로필 로드됨: default
2025-07-11 17:16:56,664 - systems.personalization   - INFO     - PersonalizationEngine for default initialized.
2025-07-11 17:16:56,664 - systems.dynamic           - INFO     - DynamicAnalysisEngine 상태 초기화됨.
2025-07-11 17:16:56,665 - systems.dynamic           - INFO     - DynamicAnalysisEngine for async initialized.
2025-07-11 17:16:56,666 - app                       - INFO     - [수정] 모든 S-Class 비동기 컴포넌트 초기화 완료
2025-07-11 17:16:56,667 - systems.performance       - INFO     - PerformanceOptimizer 초기화 완료
2025-07-11 17:16:56,668 - app                       - ERROR    - [수정] 초기화 중 오류: 'EnhancedMediaPipeManager' object has no attribute '_initialize_tasks'
Traceback (most recent call last):
  File "c:\Users\HKIT\Downloads\DMS_Project\app.py", line 181, in initialize
    self.mediapipe_manager = EnhancedMediaPipeManager(DummyAnalysisEngine())
                             ^^^^^^^^^^^^^^^^^^^^^^^^^^^^^^^^^^^^^^^^^^^^^^^
  File "c:\Users\HKIT\Downloads\DMS_Project\systems\mediapipe_manager.py", line 29, in __init__
    self._initialize_tasks()
    ^^^^^^^^^^^^^^^^^^^^^^
AttributeError: 'EnhancedMediaPipeManager' object has no attribute '_initialize_tasks'
2025-07-11 17:16:56,670 - app                       - INFO     - [수정] S-Class 통합 시스템 시작
2025-07-11 17:16:56,773 - events.event_bus          - INFO     - CRITICAL 우선순위 큐 처리 취소됨
2025-07-11 17:16:56,773 - events.event_bus          - INFO     - LOW 우선순위 큐 처리 취소됨
2025-07-11 17:16:56,774 - events.event_bus          - INFO     - MEDIUM 우선순위 큐 처리 취소됨
2025-07-11 17:16:56,775 - events.event_bus          - INFO     - EMERGENCY 우선순위 큐 처리 취소됨
2025-07-11 17:16:56,775 - events.event_bus          - INFO     - HIGH 우선순위 큐 처리 취소됨
2025-07-11 17:16:56,776 - __main__                  - ERROR    - S-Class 시스템 실행 실패: 'DMSApp' object has no attribute 'video_input_manager'
Traceback (most recent call last):
  File "c:\Users\HKIT\Downloads\DMS_Project\main.py", line 519, in main
    app.run()
  File "c:\Users\HKIT\Downloads\DMS_Project\app.py", line 552, in run
    asyncio.run(async_frame_producer())
  File "C:\Users\HKIT\.conda\envs\new_env\Lib\asyncio\runners.py", line 190, in run
    return runner.run(main)
           ^^^^^^^^^^^^^^^^
  File "C:\Users\HKIT\.conda\envs\new_env\Lib\asyncio\runners.py", line 118, in run
    return self._loop.run_until_complete(task)
           ^^^^^^^^^^^^^^^^^^^^^^^^^^^^^^^^^^^
  File "C:\Users\HKIT\.conda\envs\new_env\Lib\asyncio\base_events.py", line 654, in run_until_complete
    return future.result()
           ^^^^^^^^^^^^^^^
  File "c:\Users\HKIT\Downloads\DMS_Project\app.py", line 487, in async_frame_producer
    frame = self.video_input_manager.get_frame()
            ^^^^^^^^^^^^^^^^^^^^^^^^
AttributeError: 'DMSApp' object has no attribute 'video_input_manager'
