2025-07-14 17:40:30,597 - __main__                  - INFO     - [진단] main.py: main() 진입
2025-07-14 17:40:30,656 - SClassDMS_v19_default     - INFO     - ✅ AI 드라이빙 코치 시스템 초기화 완료
2025-07-14 17:40:30,656 - SClassDMS_v19_default     - INFO     - ✅ V2D 헬스케어 시스템 초기화 완료
2025-07-14 17:40:30,656 - SClassDMS_v19_default     - INFO     - ✅ AR HUD 시스템 초기화 완료
2025-07-14 17:40:30,671 - SClassDMS_v19_default     - INFO     - ✅ 감성 케어 시스템 초기화 완료
2025-07-14 17:40:30,672 - SClassDMS_v19_default     - INFO     - ✅ 디지털 트윈 플랫폼 초기화 완료
2025-07-14 17:40:30,673 - SClassDMS_v19_default     - INFO     - 혁신 시스템 초기화 완료: 5개 시스템 성공
2025-07-14 17:40:30,673 - SClassDMS_v19_default     - INFO     - S-Class DMS v19.0 시스템 초기화 완료
2025-07-14 17:40:30,673 - SClassDMS_v19_default     - INFO     - 사용자: default, 에디션: RESEARCH
2025-07-14 17:40:30,673 - SClassDMS_v19_default     - INFO     - 활성화된 기능: ['Expert Systems', 'AI Coach', 'Healthcare', 'AR HUD', 'Emotional Care', 'Digital Twin']
2025-07-14 17:40:45,059 - SClassDMS_v19_default     - INFO     - ✅ AI 드라이빙 코치 시스템 초기화 완료
2025-07-14 17:40:45,059 - SClassDMS_v19_default     - INFO     - ✅ V2D 헬스케어 시스템 초기화 완료
2025-07-14 17:40:45,059 - SClassDMS_v19_default     - INFO     - ✅ AR HUD 시스템 초기화 완료
2025-07-14 17:40:45,059 - SClassDMS_v19_default     - INFO     - ✅ 감성 케어 시스템 초기화 완료
2025-07-14 17:40:45,059 - SClassDMS_v19_default     - INFO     - ✅ 디지털 트윈 플랫폼 초기화 완료
2025-07-14 17:40:45,059 - SClassDMS_v19_default     - INFO     - 혁신 시스템 초기화 완료: 5개 시스템 성공
2025-07-14 17:40:45,059 - SClassDMS_v19_default     - INFO     - S-Class DMS v19.0 시스템 초기화 완료
2025-07-14 17:40:45,059 - SClassDMS_v19_default     - INFO     - 사용자: default, 에디션: RESEARCH
2025-07-14 17:40:45,059 - SClassDMS_v19_default     - INFO     - 활성화된 기능: ['Expert Systems', 'AI Coach', 'Healthcare', 'AR HUD', 'Emotional Care', 'Digital Twin']
2025-07-14 17:40:45,091 - __main__                  - INFO     - S-Class 설정 완료: {'input_source': 0, 'user_id': 'default', 'camera_position': <CameraPosition.REARVIEW_MIRROR: '백미러 위치'>, 'enable_calibration': True, 'is_same_driver': True, 'system_type': <AnalysisSystemType.STANDARD: 'standard'>, 'use_legacy_engine': False, 'sclass_features': {'enable_rppg': True, 'enable_saccade': True, 'enable_spinal_analysis': True, 'enable_tremor_fft': True, 'enable_bayesian_prediction': True, 'enable_emotion_ai': True, 'enable_predictive_safety': True, 'enable_biometric_fusion': True, 'enable_adaptive_thresholds': True}}
2025-07-14 17:40:45,091 - __main__                  - ERROR    - S-Class 시스템 실행 실패: Too early to create variable: no default root window
Traceback (most recent call last):
  File "c:\Users\HKIT\Desktop\DMS_Project2\main.py", line 1119, in main
    edition = config.get('edition') if 'edition' in config else getattr(gui_setup, 'edition_var', tk.StringVar(value='RESEARCH')).get()
                                                                                                  ^^^^^^^^^^^^^^^^^^^^^^^^^^^^^^
  File "C:\Users\HKIT\.conda\envs\new_env\Lib\tkinter\__init__.py", line 562, in __init__
    Variable.__init__(self, master, value, name)
  File "C:\Users\HKIT\.conda\envs\new_env\Lib\tkinter\__init__.py", line 393, in __init__
    master = _get_default_root('create variable')
             ^^^^^^^^^^^^^^^^^^^^^^^^^^^^^^^^^^^^
  File "C:\Users\HKIT\.conda\envs\new_env\Lib\tkinter\__init__.py", line 319, in _get_default_root
    raise RuntimeError(f"Too early to {what}: no default root window")
RuntimeError: Too early to create variable: no default root window
