2025-07-10 18:30:39,717 - __main__                  - INFO     - S-Class 설정 완료: {'input_source': 0, 'user_id': 'default', 'camera_position': <CameraPosition.REARVIEW_MIRROR: '백미러 위치'>, 'enable_calibration': False, 'is_same_driver': True, 'system_type': <AnalysisSystemType.STANDARD: 'standard'>, 'use_legacy_engine': False, 'sclass_features': {'enable_rppg': True, 'enable_saccade': True, 'enable_spinal_analysis': True, 'enable_tremor_fft': True, 'enable_bayesian_prediction': True}}
2025-07-10 18:30:39,724 - systems.performance       - INFO     - PerformanceOptimizer 초기화 완료
2025-07-10 18:30:39,726 - systems.personalization   - INFO     - 사용자 프로필 로드됨: default
2025-07-10 18:30:39,726 - systems.dynamic           - INFO     - DynamicAnalysisEngine 상태 초기화됨.
2025-07-10 18:30:39,727 - systems.dynamic           - INFO     - DynamicAnalysisEngine 초기화 완료
2025-07-10 18:30:39,727 - systems.backup            - INFO     - SensorBackupManager 초기화 완료
2025-07-10 18:30:39,730 - app                       - INFO     - 🚀 S-Class DMS 시스템 초기화 시작...
2025-07-10 18:30:39,733 - systems.metrics_manager   - INFO     - MetricsManager 초기화 완료 - 히스토리 크기: 900
2025-07-10 18:30:39,733 - integration.integrated_system - INFO     - 새로운 시스템 초기화 시작 - 성능 우선 전략
2025-07-10 18:30:39,734 - analysis.factory.analysis_factory - INFO     - DMS 분석 시스템 생성 시작: standard
2025-07-10 18:30:39,734 - analysis.factory.analysis_factory - INFO     - 지원 기능: advanced_drowsiness_detection, multi_level_distraction_detection, precise_head_pose_tracking, gaze_zone_classification, emotion_recognition...
2025-07-10 18:30:39,735 - analysis.factory.analysis_factory - INFO     - 표준 성능 DMS 시스템 생성 중...
2025-07-10 18:30:39,735 - analysis.fusion.fusion_engine_advanced - INFO     - MultiModalFusionEngine (S-Class) 초기화 완료 - 디지털 신경과학자 준비됨
2025-07-10 18:30:39,853 - analysis.drowsiness       - INFO     - EnhancedDrowsinessDetector 초기화 완료
2025-07-10 18:30:39,853 - analysis.emotion          - INFO     - EmotionRecognitionSystem 초기화 완료
2025-07-10 18:30:39,853 - analysis.gaze             - INFO     - EnhancedSphericalGazeClassifier 초기화: 11개 구역 정의됨
2025-07-10 18:30:39,853 - analysis.identity         - INFO     - 1명의 운전자 프로필 로드됨
2025-07-10 18:30:39,853 - analysis.identity         - INFO     - DriverIdentificationSystem 초기화 완료
2025-07-10 18:30:39,853 - analysis.processors.face_processor_s_class - INFO     - FaceDataProcessor (S-Class) 초기화 완료 - 디지털 심리학자 준비됨
2025-07-10 18:30:39,853 - analysis.processors.pose_processor_s_class - INFO     - PoseDataProcessor (S-Class) 초기화 완료 - 자세 분석 전문가 준비됨
2025-07-10 18:30:39,853 - analysis.processors.hand_processor_s_class - INFO     - HandDataProcessor (S-Class, 인터페이스 통합) 초기화 완료
2025-07-10 18:30:39,853 - analysis.processors.object_processor_s_class - INFO     - ObjectDataProcessor (S-Class) 초기화 완료 - 행동 예측 전문가 준비됨
2025-07-10 18:30:39,853 - analysis.orchestrator.orchestrator_advanced - INFO     - AnalysisOrchestrator (S-Class) 초기화 완료 - 지능형 지휘자 준비됨
2025-07-10 18:30:39,853 - analysis.factory.analysis_factory - INFO     - 표준 DMS 시스템 생성 완료 - 균형 모드 활성화
2025-07-10 18:30:39,853 - analysis.factory.analysis_factory - INFO     - DMS 분석 시스템 생성 완료: standard
2025-07-10 18:30:39,853 - integration.integrated_system - INFO     - ✅ 새로운 standard 시스템 생성 완료
2025-07-10 18:30:39,853 - integration.integrated_system - INFO     - IntegratedDMSSystem 초기화 완료 - 타입: standard, 레거시: False
2025-07-10 18:30:39,853 - events.event_bus          - INFO     - EventBus 초기화 완료 - 중추 신경계 가동 시작
2025-07-10 18:30:39,853 - events.event_bus          - INFO     - EventBus 시작됨 - 모든 우선순위 큐 처리 시작
2025-07-10 18:30:39,853 - events.event_bus          - INFO     - 글로벌 이벤트 시스템 초기화 완료
2025-07-10 18:30:39,869 - events.handlers           - INFO     - SafetyEventHandler 초기화 완료 - 안전 모니터링 시작
2025-07-10 18:30:39,869 - events.event_bus          - INFO     - 글로벌 핸들러 등록: SafetyEventHandler
2025-07-10 18:30:39,869 - events.handlers           - INFO     - AnalyticsEventHandler 초기화 완료 - 성능 모니터링 시작
2025-07-10 18:30:39,869 - events.event_bus          - INFO     - 글로벌 핸들러 등록: AnalyticsEventHandler
2025-07-10 18:30:39,869 - systems.metrics_manager   - INFO     - StateManager와 연결됨
2025-07-10 18:30:39,869 - core.state_manager        - INFO     - MetricsManager와 연결됨
2025-07-10 18:30:39,869 - integration.integrated_system - INFO     - IntegratedDMSSystem 비동기 초기화 완료
2025-07-10 18:30:39,869 - systems.personalization   - INFO     - 사용자 프로필 로드됨: default
2025-07-10 18:30:39,869 - systems.dynamic           - INFO     - DynamicAnalysisEngine 상태 초기화됨.
2025-07-10 18:30:39,869 - app                       - INFO     - ✅ 모든 S-Class 컴포넌트 초기화 완료
2025-07-10 18:30:39,873 - systems.performance       - INFO     - PerformanceOptimizer 초기화 완료
2025-07-10 18:30:39,940 - systems.mediapipe_manager - INFO     - ✅ FaceLandmarker 초기화 완료 (블렌드셰이프 활성화)
2025-07-10 18:30:40,187 - systems.mediapipe_manager - INFO     - ✅ PoseLandmarker 초기화 완료 (33 키포인트)
2025-07-10 18:30:40,272 - systems.mediapipe_manager - INFO     - ✅ HandLandmarker 초기화 완료
2025-07-10 18:30:40,336 - systems.mediapipe_manager - INFO     - ✅ ObjectDetector 초기화 완료 (주의산만 객체 감지)
2025-07-10 18:30:46,672 - io_handler.video_input    - INFO     - ✅ 입력 소스 초기화 및 스레드 시작
2025-07-10 18:30:46,672 - app                       - INFO     - 🚀 고도화된 S-Class DMS 시스템 v18+ (연구 결과 통합) 초기화 완료
2025-07-10 18:30:46,672 - app                       - INFO     - 📊 S-Class 기능: rPPG 심박수, 사카드 분석, 스파인 정렬, FFT 떨림 분석, 베이지안 예측
2025-07-10 18:30:46,672 - app                       - INFO     - 🎯 어텐션 메커니즘, 인지 부하 모델링, 적응형 파이프라인 활성화
2025-07-10 18:30:46,672 - app                       - INFO     - 🎯 S-Class DMS v18+ 시스템 시작. 'q'를 눌러 종료, 스페이스바로 일시정지, 's'로 스크린샷 저장
2025-07-10 18:30:47,228 - analysis.processors.face_processor_s_class - WARNING  - 얼굴이 감지되지 않음 - 모든 얼굴 관련 지표를 기본값으로 설정
2025-07-10 18:30:47,228 - analysis.processors.pose_processor_s_class - WARNING  - 자세가 감지되지 않음 - 백업 모드 또는 센서 재보정 필요
2025-07-10 18:30:47,228 - analysis.processors.hand_processor_s_class - WARNING  - 손이 감지되지 않았습니다.
2025-07-10 18:30:47,228 - systems.metrics_manager   - WARNING  - 경고 발생 - distraction: critical (값: 1.000)
2025-07-10 18:30:47,228 - core.state_manager        - WARNING  - 경고 수신: distraction - critical (값: 1.000)
2025-07-10 18:30:47,228 - integration.integrated_system - INFO     - 성능 리포트 - 평균 처리시간: 0.1ms, FPS: 12446.0
2025-07-10 18:30:47,432 - analysis.processors.face_processor_s_class - WARNING  - 얼굴이 감지되지 않음 - 모든 얼굴 관련 지표를 기본값으로 설정
2025-07-10 18:30:47,436 - analysis.processors.pose_processor_s_class - WARNING  - 자세가 감지되지 않음 - 백업 모드 또는 센서 재보정 필요
2025-07-10 18:30:47,437 - analysis.processors.hand_processor_s_class - WARNING  - 손이 감지되지 않았습니다.
2025-07-10 18:30:47,479 - analysis.processors.face_processor_s_class - WARNING  - 얼굴이 감지되지 않음 - 모든 얼굴 관련 지표를 기본값으로 설정
2025-07-10 18:30:47,479 - analysis.processors.pose_processor_s_class - WARNING  - 자세가 감지되지 않음 - 백업 모드 또는 센서 재보정 필요
2025-07-10 18:30:47,480 - analysis.processors.hand_processor_s_class - WARNING  - 손이 감지되지 않았습니다.
2025-07-10 18:30:47,504 - analysis.processors.face_processor_s_class - WARNING  - 얼굴이 감지되지 않음 - 모든 얼굴 관련 지표를 기본값으로 설정
2025-07-10 18:30:47,506 - analysis.processors.pose_processor_s_class - WARNING  - 자세가 감지되지 않음 - 백업 모드 또는 센서 재보정 필요
2025-07-10 18:30:47,509 - analysis.processors.hand_processor_s_class - WARNING  - 손이 감지되지 않았습니다.
2025-07-10 18:30:47,568 - analysis.processors.face_processor_s_class - WARNING  - 얼굴이 감지되지 않음 - 모든 얼굴 관련 지표를 기본값으로 설정
2025-07-10 18:30:47,574 - analysis.processors.pose_processor_s_class - WARNING  - 자세가 감지되지 않음 - 백업 모드 또는 센서 재보정 필요
2025-07-10 18:30:47,581 - analysis.processors.hand_processor_s_class - WARNING  - 손이 감지되지 않았습니다.
2025-07-10 18:30:47,636 - analysis.processors.face_processor_s_class - WARNING  - 얼굴이 감지되지 않음 - 모든 얼굴 관련 지표를 기본값으로 설정
2025-07-10 18:30:47,642 - analysis.processors.pose_processor_s_class - WARNING  - 자세가 감지되지 않음 - 백업 모드 또는 센서 재보정 필요
2025-07-10 18:30:47,654 - analysis.processors.hand_processor_s_class - WARNING  - 손이 감지되지 않았습니다.
2025-07-10 18:30:47,694 - analysis.processors.face_processor_s_class - WARNING  - 얼굴이 감지되지 않음 - 모든 얼굴 관련 지표를 기본값으로 설정
2025-07-10 18:30:47,696 - analysis.processors.pose_processor_s_class - WARNING  - 자세가 감지되지 않음 - 백업 모드 또는 센서 재보정 필요
2025-07-10 18:30:47,697 - analysis.processors.hand_processor_s_class - WARNING  - 손이 감지되지 않았습니다.
2025-07-10 18:30:47,753 - analysis.processors.face_processor_s_class - WARNING  - 얼굴이 감지되지 않음 - 모든 얼굴 관련 지표를 기본값으로 설정
2025-07-10 18:30:47,754 - analysis.processors.pose_processor_s_class - WARNING  - 자세가 감지되지 않음 - 백업 모드 또는 센서 재보정 필요
2025-07-10 18:30:47,758 - analysis.processors.hand_processor_s_class - WARNING  - 손이 감지되지 않았습니다.
2025-07-10 18:30:47,800 - analysis.processors.face_processor_s_class - WARNING  - 얼굴이 감지되지 않음 - 모든 얼굴 관련 지표를 기본값으로 설정
2025-07-10 18:30:47,803 - analysis.processors.pose_processor_s_class - WARNING  - 자세가 감지되지 않음 - 백업 모드 또는 센서 재보정 필요
2025-07-10 18:30:47,805 - analysis.processors.hand_processor_s_class - WARNING  - 손이 감지되지 않았습니다.
2025-07-10 18:30:47,837 - analysis.processors.face_processor_s_class - WARNING  - 얼굴이 감지되지 않음 - 모든 얼굴 관련 지표를 기본값으로 설정
2025-07-10 18:30:47,842 - analysis.processors.pose_processor_s_class - WARNING  - 자세가 감지되지 않음 - 백업 모드 또는 센서 재보정 필요
2025-07-10 18:30:47,853 - analysis.processors.hand_processor_s_class - WARNING  - 손이 감지되지 않았습니다.
2025-07-10 18:30:47,882 - analysis.processors.face_processor_s_class - WARNING  - 얼굴이 감지되지 않음 - 모든 얼굴 관련 지표를 기본값으로 설정
2025-07-10 18:30:47,887 - analysis.processors.pose_processor_s_class - WARNING  - 자세가 감지되지 않음 - 백업 모드 또는 센서 재보정 필요
2025-07-10 18:30:47,896 - analysis.processors.hand_processor_s_class - WARNING  - 손이 감지되지 않았습니다.
2025-07-10 18:30:47,951 - analysis.processors.face_processor_s_class - WARNING  - 얼굴이 감지되지 않음 - 모든 얼굴 관련 지표를 기본값으로 설정
2025-07-10 18:30:47,952 - analysis.processors.pose_processor_s_class - WARNING  - 자세가 감지되지 않음 - 백업 모드 또는 센서 재보정 필요
2025-07-10 18:30:47,954 - analysis.processors.hand_processor_s_class - WARNING  - 손이 감지되지 않았습니다.
2025-07-10 18:30:47,988 - analysis.processors.face_processor_s_class - WARNING  - 얼굴이 감지되지 않음 - 모든 얼굴 관련 지표를 기본값으로 설정
2025-07-10 18:30:48,001 - analysis.processors.pose_processor_s_class - WARNING  - 자세가 감지되지 않음 - 백업 모드 또는 센서 재보정 필요
2025-07-10 18:30:48,002 - analysis.processors.hand_processor_s_class - WARNING  - 손이 감지되지 않았습니다.
2025-07-10 18:30:48,034 - analysis.processors.face_processor_s_class - WARNING  - 얼굴이 감지되지 않음 - 모든 얼굴 관련 지표를 기본값으로 설정
2025-07-10 18:30:48,036 - analysis.processors.pose_processor_s_class - WARNING  - 자세가 감지되지 않음 - 백업 모드 또는 센서 재보정 필요
2025-07-10 18:30:48,037 - analysis.processors.hand_processor_s_class - WARNING  - 손이 감지되지 않았습니다.
2025-07-10 18:30:48,071 - analysis.processors.face_processor_s_class - WARNING  - 얼굴이 감지되지 않음 - 모든 얼굴 관련 지표를 기본값으로 설정
2025-07-10 18:30:48,071 - analysis.processors.pose_processor_s_class - WARNING  - 자세가 감지되지 않음 - 백업 모드 또는 센서 재보정 필요
2025-07-10 18:30:48,076 - analysis.processors.hand_processor_s_class - WARNING  - 손이 감지되지 않았습니다.
2025-07-10 18:30:48,106 - analysis.processors.face_processor_s_class - WARNING  - 얼굴이 감지되지 않음 - 모든 얼굴 관련 지표를 기본값으로 설정
2025-07-10 18:30:48,113 - analysis.processors.pose_processor_s_class - WARNING  - 자세가 감지되지 않음 - 백업 모드 또는 센서 재보정 필요
2025-07-10 18:30:48,115 - analysis.processors.hand_processor_s_class - WARNING  - 손이 감지되지 않았습니다.
2025-07-10 18:30:48,153 - analysis.processors.face_processor_s_class - WARNING  - 얼굴이 감지되지 않음 - 모든 얼굴 관련 지표를 기본값으로 설정
2025-07-10 18:30:48,154 - analysis.processors.pose_processor_s_class - WARNING  - 자세가 감지되지 않음 - 백업 모드 또는 센서 재보정 필요
2025-07-10 18:30:48,170 - analysis.processors.hand_processor_s_class - WARNING  - 손이 감지되지 않았습니다.
2025-07-10 18:30:48,203 - analysis.processors.face_processor_s_class - WARNING  - 얼굴이 감지되지 않음 - 모든 얼굴 관련 지표를 기본값으로 설정
2025-07-10 18:30:48,217 - analysis.processors.pose_processor_s_class - WARNING  - 자세가 감지되지 않음 - 백업 모드 또는 센서 재보정 필요
2025-07-10 18:30:48,220 - analysis.processors.hand_processor_s_class - WARNING  - 손이 감지되지 않았습니다.
2025-07-10 18:30:48,250 - analysis.processors.face_processor_s_class - WARNING  - 얼굴이 감지되지 않음 - 모든 얼굴 관련 지표를 기본값으로 설정
2025-07-10 18:30:48,252 - analysis.processors.pose_processor_s_class - WARNING  - 자세가 감지되지 않음 - 백업 모드 또는 센서 재보정 필요
2025-07-10 18:30:48,253 - analysis.processors.hand_processor_s_class - WARNING  - 손이 감지되지 않았습니다.
2025-07-10 18:30:48,271 - analysis.processors.face_processor_s_class - WARNING  - 얼굴이 감지되지 않음 - 모든 얼굴 관련 지표를 기본값으로 설정
2025-07-10 18:30:48,274 - analysis.processors.pose_processor_s_class - WARNING  - 자세가 감지되지 않음 - 백업 모드 또는 센서 재보정 필요
2025-07-10 18:30:48,275 - analysis.processors.hand_processor_s_class - WARNING  - 손이 감지되지 않았습니다.
2025-07-10 18:30:48,293 - analysis.processors.face_processor_s_class - WARNING  - 얼굴이 감지되지 않음 - 모든 얼굴 관련 지표를 기본값으로 설정
2025-07-10 18:30:48,294 - analysis.processors.pose_processor_s_class - WARNING  - 자세가 감지되지 않음 - 백업 모드 또는 센서 재보정 필요
2025-07-10 18:30:48,295 - analysis.processors.hand_processor_s_class - WARNING  - 손이 감지되지 않았습니다.
2025-07-10 18:30:48,329 - analysis.processors.face_processor_s_class - WARNING  - 얼굴이 감지되지 않음 - 모든 얼굴 관련 지표를 기본값으로 설정
2025-07-10 18:30:48,330 - analysis.processors.pose_processor_s_class - WARNING  - 자세가 감지되지 않음 - 백업 모드 또는 센서 재보정 필요
2025-07-10 18:30:48,331 - analysis.processors.hand_processor_s_class - WARNING  - 손이 감지되지 않았습니다.
2025-07-10 18:30:48,358 - analysis.processors.face_processor_s_class - WARNING  - 얼굴이 감지되지 않음 - 모든 얼굴 관련 지표를 기본값으로 설정
2025-07-10 18:30:48,359 - analysis.processors.pose_processor_s_class - WARNING  - 자세가 감지되지 않음 - 백업 모드 또는 센서 재보정 필요
2025-07-10 18:30:48,360 - analysis.processors.hand_processor_s_class - WARNING  - 손이 감지되지 않았습니다.
2025-07-10 18:30:48,377 - analysis.processors.face_processor_s_class - WARNING  - 얼굴이 감지되지 않음 - 모든 얼굴 관련 지표를 기본값으로 설정
2025-07-10 18:30:48,378 - analysis.processors.pose_processor_s_class - WARNING  - 자세가 감지되지 않음 - 백업 모드 또는 센서 재보정 필요
2025-07-10 18:30:48,378 - analysis.processors.hand_processor_s_class - WARNING  - 손이 감지되지 않았습니다.
2025-07-10 18:30:48,407 - analysis.processors.face_processor_s_class - WARNING  - 얼굴이 감지되지 않음 - 모든 얼굴 관련 지표를 기본값으로 설정
2025-07-10 18:30:48,484 - analysis.processors.pose_processor_s_class - WARNING  - 자세가 감지되지 않음 - 백업 모드 또는 센서 재보정 필요
2025-07-10 18:30:48,510 - analysis.processors.hand_processor_s_class - WARNING  - 손이 감지되지 않았습니다.
2025-07-10 18:30:48,534 - analysis.processors.face_processor_s_class - WARNING  - 얼굴이 감지되지 않음 - 모든 얼굴 관련 지표를 기본값으로 설정
2025-07-10 18:30:48,575 - analysis.processors.pose_processor_s_class - WARNING  - 자세가 감지되지 않음 - 백업 모드 또는 센서 재보정 필요
2025-07-10 18:30:48,638 - analysis.processors.hand_processor_s_class - WARNING  - 손이 감지되지 않았습니다.
2025-07-10 18:30:48,700 - analysis.processors.face_processor_s_class - WARNING  - 얼굴이 감지되지 않음 - 모든 얼굴 관련 지표를 기본값으로 설정
2025-07-10 18:30:48,763 - analysis.processors.pose_processor_s_class - WARNING  - 자세가 감지되지 않음 - 백업 모드 또는 센서 재보정 필요
2025-07-10 18:30:48,763 - analysis.processors.hand_processor_s_class - WARNING  - 손이 감지되지 않았습니다.
2025-07-10 18:30:48,794 - analysis.processors.face_processor_s_class - WARNING  - 얼굴이 감지되지 않음 - 모든 얼굴 관련 지표를 기본값으로 설정
2025-07-10 18:30:48,794 - analysis.processors.pose_processor_s_class - WARNING  - 자세가 감지되지 않음 - 백업 모드 또는 센서 재보정 필요
2025-07-10 18:30:48,794 - analysis.processors.hand_processor_s_class - WARNING  - 손이 감지되지 않았습니다.
2025-07-10 18:30:48,814 - analysis.processors.face_processor_s_class - WARNING  - 얼굴이 감지되지 않음 - 모든 얼굴 관련 지표를 기본값으로 설정
2025-07-10 18:30:48,814 - analysis.processors.pose_processor_s_class - WARNING  - 자세가 감지되지 않음 - 백업 모드 또는 센서 재보정 필요
2025-07-10 18:30:48,814 - analysis.processors.hand_processor_s_class - WARNING  - 손이 감지되지 않았습니다.
2025-07-10 18:30:48,849 - analysis.processors.face_processor_s_class - WARNING  - 얼굴이 감지되지 않음 - 모든 얼굴 관련 지표를 기본값으로 설정
2025-07-10 18:30:48,887 - analysis.processors.pose_processor_s_class - WARNING  - 자세가 감지되지 않음 - 백업 모드 또는 센서 재보정 필요
2025-07-10 18:30:48,891 - analysis.processors.hand_processor_s_class - WARNING  - 손이 감지되지 않았습니다.
2025-07-10 18:30:48,915 - analysis.processors.face_processor_s_class - WARNING  - 얼굴이 감지되지 않음 - 모든 얼굴 관련 지표를 기본값으로 설정
2025-07-10 18:30:48,917 - analysis.processors.pose_processor_s_class - WARNING  - 자세가 감지되지 않음 - 백업 모드 또는 센서 재보정 필요
2025-07-10 18:30:48,917 - analysis.processors.hand_processor_s_class - WARNING  - 손이 감지되지 않았습니다.
2025-07-10 18:30:48,951 - analysis.processors.face_processor_s_class - WARNING  - 얼굴이 감지되지 않음 - 모든 얼굴 관련 지표를 기본값으로 설정
2025-07-10 18:30:48,951 - analysis.processors.pose_processor_s_class - WARNING  - 자세가 감지되지 않음 - 백업 모드 또는 센서 재보정 필요
2025-07-10 18:30:48,956 - analysis.processors.hand_processor_s_class - WARNING  - 손이 감지되지 않았습니다.
2025-07-10 18:30:49,013 - analysis.processors.face_processor_s_class - WARNING  - 얼굴이 감지되지 않음 - 모든 얼굴 관련 지표를 기본값으로 설정
2025-07-10 18:30:49,020 - analysis.processors.pose_processor_s_class - WARNING  - 자세가 감지되지 않음 - 백업 모드 또는 센서 재보정 필요
2025-07-10 18:30:49,030 - analysis.processors.hand_processor_s_class - WARNING  - 손이 감지되지 않았습니다.
2025-07-10 18:30:49,058 - systems.performance       - WARNING  - 성능 최적화 모드 활성화
2025-07-10 18:30:49,067 - systems.performance       - INFO     - 적용 전략: 프레임 스키핑 증가
2025-07-10 18:30:49,072 - systems.performance       - INFO     - 적용 전략: 분석 해상도 감소
2025-07-10 18:30:49,077 - systems.performance       - INFO     - 적용 전략: 일부 분석 기능 비활성화
2025-07-10 18:30:49,077 - systems.performance       - INFO     - 적용 전략: 메모리 정리 강화
2025-07-10 18:30:49,083 - analysis.processors.face_processor_s_class - WARNING  - 얼굴이 감지되지 않음 - 모든 얼굴 관련 지표를 기본값으로 설정
2025-07-10 18:30:49,083 - analysis.processors.pose_processor_s_class - WARNING  - 자세가 감지되지 않음 - 백업 모드 또는 센서 재보정 필요
2025-07-10 18:30:49,083 - analysis.processors.hand_processor_s_class - WARNING  - 손이 감지되지 않았습니다.
2025-07-10 18:30:49,090 - systems.performance       - WARNING  - 성능 최적화 모드 활성화
2025-07-10 18:30:49,094 - systems.performance       - INFO     - 적용 전략: 프레임 스키핑 증가
2025-07-10 18:30:49,095 - systems.performance       - INFO     - 적용 전략: 분석 해상도 감소
2025-07-10 18:30:49,099 - systems.performance       - INFO     - 적용 전략: 일부 분석 기능 비활성화
2025-07-10 18:30:49,100 - systems.performance       - INFO     - 적용 전략: 메모리 정리 강화
2025-07-10 18:30:49,129 - analysis.processors.face_processor_s_class - WARNING  - 얼굴이 감지되지 않음 - 모든 얼굴 관련 지표를 기본값으로 설정
2025-07-10 18:30:49,135 - analysis.processors.pose_processor_s_class - WARNING  - 자세가 감지되지 않음 - 백업 모드 또는 센서 재보정 필요
2025-07-10 18:30:49,135 - analysis.processors.hand_processor_s_class - WARNING  - 손이 감지되지 않았습니다.
2025-07-10 18:30:49,185 - analysis.processors.face_processor_s_class - WARNING  - 얼굴이 감지되지 않음 - 모든 얼굴 관련 지표를 기본값으로 설정
2025-07-10 18:30:49,185 - analysis.processors.pose_processor_s_class - WARNING  - 자세가 감지되지 않음 - 백업 모드 또는 센서 재보정 필요
2025-07-10 18:30:49,187 - analysis.processors.hand_processor_s_class - WARNING  - 손이 감지되지 않았습니다.
2025-07-10 18:30:49,214 - analysis.processors.face_processor_s_class - WARNING  - 얼굴이 감지되지 않음 - 모든 얼굴 관련 지표를 기본값으로 설정
2025-07-10 18:30:49,214 - analysis.processors.pose_processor_s_class - WARNING  - 자세가 감지되지 않음 - 백업 모드 또는 센서 재보정 필요
2025-07-10 18:30:49,214 - analysis.processors.hand_processor_s_class - WARNING  - 손이 감지되지 않았습니다.
2025-07-10 18:30:49,267 - analysis.processors.face_processor_s_class - WARNING  - 얼굴이 감지되지 않음 - 모든 얼굴 관련 지표를 기본값으로 설정
2025-07-10 18:30:49,267 - analysis.processors.pose_processor_s_class - WARNING  - 자세가 감지되지 않음 - 백업 모드 또는 센서 재보정 필요
2025-07-10 18:30:49,267 - analysis.processors.hand_processor_s_class - WARNING  - 손이 감지되지 않았습니다.
2025-07-10 18:30:49,303 - analysis.processors.face_processor_s_class - WARNING  - 얼굴이 감지되지 않음 - 모든 얼굴 관련 지표를 기본값으로 설정
2025-07-10 18:30:49,306 - analysis.processors.pose_processor_s_class - WARNING  - 자세가 감지되지 않음 - 백업 모드 또는 센서 재보정 필요
2025-07-10 18:30:49,318 - analysis.processors.hand_processor_s_class - WARNING  - 손이 감지되지 않았습니다.
2025-07-10 18:30:49,348 - analysis.processors.face_processor_s_class - WARNING  - 얼굴이 감지되지 않음 - 모든 얼굴 관련 지표를 기본값으로 설정
2025-07-10 18:30:49,349 - analysis.processors.pose_processor_s_class - WARNING  - 자세가 감지되지 않음 - 백업 모드 또는 센서 재보정 필요
2025-07-10 18:30:49,350 - analysis.processors.hand_processor_s_class - WARNING  - 손이 감지되지 않았습니다.
2025-07-10 18:30:49,374 - analysis.processors.face_processor_s_class - WARNING  - 얼굴이 감지되지 않음 - 모든 얼굴 관련 지표를 기본값으로 설정
2025-07-10 18:30:49,381 - analysis.processors.pose_processor_s_class - WARNING  - 자세가 감지되지 않음 - 백업 모드 또는 센서 재보정 필요
2025-07-10 18:30:49,382 - analysis.processors.hand_processor_s_class - WARNING  - 손이 감지되지 않았습니다.
2025-07-10 18:30:49,402 - analysis.processors.face_processor_s_class - WARNING  - 얼굴이 감지되지 않음 - 모든 얼굴 관련 지표를 기본값으로 설정
2025-07-10 18:30:49,403 - analysis.processors.pose_processor_s_class - WARNING  - 자세가 감지되지 않음 - 백업 모드 또는 센서 재보정 필요
2025-07-10 18:30:49,414 - analysis.processors.hand_processor_s_class - WARNING  - 손이 감지되지 않았습니다.
2025-07-10 18:30:49,467 - analysis.processors.face_processor_s_class - WARNING  - 얼굴이 감지되지 않음 - 모든 얼굴 관련 지표를 기본값으로 설정
2025-07-10 18:30:49,469 - analysis.processors.pose_processor_s_class - WARNING  - 자세가 감지되지 않음 - 백업 모드 또는 센서 재보정 필요
2025-07-10 18:30:49,471 - analysis.processors.hand_processor_s_class - WARNING  - 손이 감지되지 않았습니다.
2025-07-10 18:30:49,523 - analysis.processors.face_processor_s_class - WARNING  - 얼굴이 감지되지 않음 - 모든 얼굴 관련 지표를 기본값으로 설정
2025-07-10 18:30:49,527 - analysis.processors.pose_processor_s_class - WARNING  - 자세가 감지되지 않음 - 백업 모드 또는 센서 재보정 필요
2025-07-10 18:30:49,535 - analysis.processors.hand_processor_s_class - WARNING  - 손이 감지되지 않았습니다.
2025-07-10 18:30:49,597 - analysis.processors.face_processor_s_class - WARNING  - 얼굴이 감지되지 않음 - 모든 얼굴 관련 지표를 기본값으로 설정
2025-07-10 18:30:49,603 - analysis.processors.pose_processor_s_class - WARNING  - 자세가 감지되지 않음 - 백업 모드 또는 센서 재보정 필요
2025-07-10 18:30:49,604 - analysis.processors.hand_processor_s_class - WARNING  - 손이 감지되지 않았습니다.
2025-07-10 18:30:49,636 - analysis.processors.face_processor_s_class - WARNING  - 얼굴이 감지되지 않음 - 모든 얼굴 관련 지표를 기본값으로 설정
2025-07-10 18:30:49,645 - analysis.processors.pose_processor_s_class - WARNING  - 자세가 감지되지 않음 - 백업 모드 또는 센서 재보정 필요
2025-07-10 18:30:49,647 - analysis.processors.hand_processor_s_class - WARNING  - 손이 감지되지 않았습니다.
2025-07-10 18:30:49,714 - analysis.processors.face_processor_s_class - WARNING  - 얼굴이 감지되지 않음 - 모든 얼굴 관련 지표를 기본값으로 설정
2025-07-10 18:30:49,715 - analysis.processors.pose_processor_s_class - WARNING  - 자세가 감지되지 않음 - 백업 모드 또는 센서 재보정 필요
2025-07-10 18:30:49,716 - analysis.processors.hand_processor_s_class - WARNING  - 손이 감지되지 않았습니다.
2025-07-10 18:30:49,744 - analysis.processors.face_processor_s_class - WARNING  - 얼굴이 감지되지 않음 - 모든 얼굴 관련 지표를 기본값으로 설정
2025-07-10 18:30:49,746 - analysis.processors.pose_processor_s_class - WARNING  - 자세가 감지되지 않음 - 백업 모드 또는 센서 재보정 필요
2025-07-10 18:30:49,746 - analysis.processors.hand_processor_s_class - WARNING  - 손이 감지되지 않았습니다.
2025-07-10 18:30:49,787 - analysis.processors.face_processor_s_class - WARNING  - 얼굴이 감지되지 않음 - 모든 얼굴 관련 지표를 기본값으로 설정
2025-07-10 18:30:49,794 - analysis.processors.pose_processor_s_class - WARNING  - 자세가 감지되지 않음 - 백업 모드 또는 센서 재보정 필요
2025-07-10 18:30:49,795 - analysis.processors.hand_processor_s_class - WARNING  - 손이 감지되지 않았습니다.
2025-07-10 18:30:49,836 - systems.performance       - INFO     - 성능 최적화 모드 비활성화 - 정상 성능 복구
2025-07-10 18:30:49,841 - analysis.processors.face_processor_s_class - WARNING  - 얼굴이 감지되지 않음 - 모든 얼굴 관련 지표를 기본값으로 설정
2025-07-10 18:30:49,850 - analysis.processors.pose_processor_s_class - WARNING  - 자세가 감지되지 않음 - 백업 모드 또는 센서 재보정 필요
2025-07-10 18:30:49,853 - analysis.processors.hand_processor_s_class - WARNING  - 손이 감지되지 않았습니다.
2025-07-10 18:30:49,875 - systems.performance       - INFO     - 성능 최적화 모드 비활성화 - 정상 성능 복구
2025-07-10 18:30:49,910 - analysis.processors.face_processor_s_class - WARNING  - 얼굴이 감지되지 않음 - 모든 얼굴 관련 지표를 기본값으로 설정
2025-07-10 18:30:49,933 - analysis.processors.pose_processor_s_class - WARNING  - 자세가 감지되지 않음 - 백업 모드 또는 센서 재보정 필요
2025-07-10 18:30:49,944 - analysis.processors.hand_processor_s_class - WARNING  - 손이 감지되지 않았습니다.
2025-07-10 18:30:49,984 - analysis.processors.face_processor_s_class - WARNING  - 얼굴이 감지되지 않음 - 모든 얼굴 관련 지표를 기본값으로 설정
2025-07-10 18:30:49,991 - analysis.processors.pose_processor_s_class - WARNING  - 자세가 감지되지 않음 - 백업 모드 또는 센서 재보정 필요
2025-07-10 18:30:49,994 - analysis.processors.hand_processor_s_class - WARNING  - 손이 감지되지 않았습니다.
2025-07-10 18:30:50,069 - analysis.processors.face_processor_s_class - WARNING  - 얼굴이 감지되지 않음 - 모든 얼굴 관련 지표를 기본값으로 설정
2025-07-10 18:30:50,085 - analysis.processors.pose_processor_s_class - WARNING  - 자세가 감지되지 않음 - 백업 모드 또는 센서 재보정 필요
2025-07-10 18:30:50,085 - analysis.processors.hand_processor_s_class - WARNING  - 손이 감지되지 않았습니다.
2025-07-10 18:30:50,117 - analysis.processors.face_processor_s_class - WARNING  - 얼굴이 감지되지 않음 - 모든 얼굴 관련 지표를 기본값으로 설정
2025-07-10 18:30:50,117 - analysis.processors.pose_processor_s_class - WARNING  - 자세가 감지되지 않음 - 백업 모드 또는 센서 재보정 필요
2025-07-10 18:30:50,124 - analysis.processors.hand_processor_s_class - WARNING  - 손이 감지되지 않았습니다.
2025-07-10 18:30:50,160 - analysis.processors.face_processor_s_class - WARNING  - 얼굴이 감지되지 않음 - 모든 얼굴 관련 지표를 기본값으로 설정
2025-07-10 18:30:50,168 - analysis.processors.pose_processor_s_class - WARNING  - 자세가 감지되지 않음 - 백업 모드 또는 센서 재보정 필요
2025-07-10 18:30:50,170 - analysis.processors.hand_processor_s_class - WARNING  - 손이 감지되지 않았습니다.
2025-07-10 18:30:50,211 - analysis.processors.face_processor_s_class - WARNING  - 얼굴이 감지되지 않음 - 모든 얼굴 관련 지표를 기본값으로 설정
2025-07-10 18:30:50,211 - analysis.processors.pose_processor_s_class - WARNING  - 자세가 감지되지 않음 - 백업 모드 또는 센서 재보정 필요
2025-07-10 18:30:50,211 - analysis.processors.hand_processor_s_class - WARNING  - 손이 감지되지 않았습니다.
2025-07-10 18:30:50,251 - analysis.processors.face_processor_s_class - WARNING  - 얼굴이 감지되지 않음 - 모든 얼굴 관련 지표를 기본값으로 설정
2025-07-10 18:30:50,252 - analysis.processors.pose_processor_s_class - WARNING  - 자세가 감지되지 않음 - 백업 모드 또는 센서 재보정 필요
2025-07-10 18:30:50,253 - analysis.processors.hand_processor_s_class - WARNING  - 손이 감지되지 않았습니다.
2025-07-10 18:30:50,301 - analysis.processors.face_processor_s_class - WARNING  - 얼굴이 감지되지 않음 - 모든 얼굴 관련 지표를 기본값으로 설정
2025-07-10 18:30:50,313 - analysis.processors.pose_processor_s_class - WARNING  - 자세가 감지되지 않음 - 백업 모드 또는 센서 재보정 필요
2025-07-10 18:30:50,313 - analysis.processors.hand_processor_s_class - WARNING  - 손이 감지되지 않았습니다.
2025-07-10 18:30:50,365 - analysis.processors.face_processor_s_class - WARNING  - 얼굴이 감지되지 않음 - 모든 얼굴 관련 지표를 기본값으로 설정
2025-07-10 18:30:50,366 - analysis.processors.pose_processor_s_class - WARNING  - 자세가 감지되지 않음 - 백업 모드 또는 센서 재보정 필요
2025-07-10 18:30:50,372 - analysis.processors.hand_processor_s_class - WARNING  - 손이 감지되지 않았습니다.
2025-07-10 18:30:50,400 - analysis.processors.face_processor_s_class - WARNING  - 얼굴이 감지되지 않음 - 모든 얼굴 관련 지표를 기본값으로 설정
2025-07-10 18:30:50,404 - analysis.processors.pose_processor_s_class - WARNING  - 자세가 감지되지 않음 - 백업 모드 또는 센서 재보정 필요
2025-07-10 18:30:50,407 - analysis.processors.hand_processor_s_class - WARNING  - 손이 감지되지 않았습니다.
2025-07-10 18:30:50,444 - analysis.processors.face_processor_s_class - WARNING  - 얼굴이 감지되지 않음 - 모든 얼굴 관련 지표를 기본값으로 설정
2025-07-10 18:30:50,444 - analysis.processors.pose_processor_s_class - WARNING  - 자세가 감지되지 않음 - 백업 모드 또는 센서 재보정 필요
2025-07-10 18:30:50,446 - analysis.processors.hand_processor_s_class - WARNING  - 손이 감지되지 않았습니다.
2025-07-10 18:30:50,491 - analysis.processors.face_processor_s_class - WARNING  - 얼굴이 감지되지 않음 - 모든 얼굴 관련 지표를 기본값으로 설정
2025-07-10 18:30:50,492 - analysis.processors.pose_processor_s_class - WARNING  - 자세가 감지되지 않음 - 백업 모드 또는 센서 재보정 필요
2025-07-10 18:30:50,496 - analysis.processors.hand_processor_s_class - WARNING  - 손이 감지되지 않았습니다.
2025-07-10 18:30:50,527 - analysis.processors.face_processor_s_class - WARNING  - 얼굴이 감지되지 않음 - 모든 얼굴 관련 지표를 기본값으로 설정
2025-07-10 18:30:50,530 - analysis.processors.pose_processor_s_class - WARNING  - 자세가 감지되지 않음 - 백업 모드 또는 센서 재보정 필요
2025-07-10 18:30:50,531 - analysis.processors.hand_processor_s_class - WARNING  - 손이 감지되지 않았습니다.
2025-07-10 18:30:50,579 - analysis.processors.face_processor_s_class - WARNING  - 얼굴이 감지되지 않음 - 모든 얼굴 관련 지표를 기본값으로 설정
2025-07-10 18:30:50,594 - analysis.processors.pose_processor_s_class - WARNING  - 자세가 감지되지 않음 - 백업 모드 또는 센서 재보정 필요
2025-07-10 18:30:50,602 - analysis.processors.hand_processor_s_class - WARNING  - 손이 감지되지 않았습니다.
2025-07-10 18:30:50,652 - analysis.processors.face_processor_s_class - WARNING  - 얼굴이 감지되지 않음 - 모든 얼굴 관련 지표를 기본값으로 설정
2025-07-10 18:30:50,655 - analysis.processors.pose_processor_s_class - WARNING  - 자세가 감지되지 않음 - 백업 모드 또는 센서 재보정 필요
2025-07-10 18:30:50,655 - analysis.processors.hand_processor_s_class - WARNING  - 손이 감지되지 않았습니다.
2025-07-10 18:30:50,690 - analysis.processors.face_processor_s_class - WARNING  - 얼굴이 감지되지 않음 - 모든 얼굴 관련 지표를 기본값으로 설정
2025-07-10 18:30:50,691 - analysis.processors.pose_processor_s_class - WARNING  - 자세가 감지되지 않음 - 백업 모드 또는 센서 재보정 필요
2025-07-10 18:30:50,693 - analysis.processors.hand_processor_s_class - WARNING  - 손이 감지되지 않았습니다.
2025-07-10 18:30:50,733 - analysis.processors.face_processor_s_class - WARNING  - 얼굴이 감지되지 않음 - 모든 얼굴 관련 지표를 기본값으로 설정
2025-07-10 18:30:50,741 - analysis.processors.pose_processor_s_class - WARNING  - 자세가 감지되지 않음 - 백업 모드 또는 센서 재보정 필요
2025-07-10 18:30:50,744 - analysis.processors.hand_processor_s_class - WARNING  - 손이 감지되지 않았습니다.
2025-07-10 18:30:50,770 - analysis.processors.face_processor_s_class - WARNING  - 얼굴이 감지되지 않음 - 모든 얼굴 관련 지표를 기본값으로 설정
2025-07-10 18:30:50,775 - analysis.processors.pose_processor_s_class - WARNING  - 자세가 감지되지 않음 - 백업 모드 또는 센서 재보정 필요
2025-07-10 18:30:50,776 - analysis.processors.hand_processor_s_class - WARNING  - 손이 감지되지 않았습니다.
2025-07-10 18:30:50,815 - analysis.processors.face_processor_s_class - WARNING  - 얼굴이 감지되지 않음 - 모든 얼굴 관련 지표를 기본값으로 설정
2025-07-10 18:30:50,835 - analysis.processors.pose_processor_s_class - WARNING  - 자세가 감지되지 않음 - 백업 모드 또는 센서 재보정 필요
2025-07-10 18:30:50,835 - analysis.processors.hand_processor_s_class - WARNING  - 손이 감지되지 않았습니다.
2025-07-10 18:30:50,877 - analysis.processors.face_processor_s_class - WARNING  - 얼굴이 감지되지 않음 - 모든 얼굴 관련 지표를 기본값으로 설정
2025-07-10 18:30:50,888 - analysis.processors.pose_processor_s_class - WARNING  - 자세가 감지되지 않음 - 백업 모드 또는 센서 재보정 필요
2025-07-10 18:30:50,901 - analysis.processors.hand_processor_s_class - WARNING  - 손이 감지되지 않았습니다.
2025-07-10 18:30:50,938 - analysis.processors.face_processor_s_class - WARNING  - 얼굴이 감지되지 않음 - 모든 얼굴 관련 지표를 기본값으로 설정
2025-07-10 18:30:50,938 - analysis.processors.pose_processor_s_class - WARNING  - 자세가 감지되지 않음 - 백업 모드 또는 센서 재보정 필요
2025-07-10 18:30:50,944 - analysis.processors.hand_processor_s_class - WARNING  - 손이 감지되지 않았습니다.
2025-07-10 18:30:50,985 - analysis.processors.face_processor_s_class - WARNING  - 얼굴이 감지되지 않음 - 모든 얼굴 관련 지표를 기본값으로 설정
2025-07-10 18:30:50,986 - analysis.processors.pose_processor_s_class - WARNING  - 자세가 감지되지 않음 - 백업 모드 또는 센서 재보정 필요
2025-07-10 18:30:50,986 - analysis.processors.hand_processor_s_class - WARNING  - 손이 감지되지 않았습니다.
2025-07-10 18:30:51,011 - analysis.processors.face_processor_s_class - WARNING  - 얼굴이 감지되지 않음 - 모든 얼굴 관련 지표를 기본값으로 설정
2025-07-10 18:30:51,021 - analysis.processors.pose_processor_s_class - WARNING  - 자세가 감지되지 않음 - 백업 모드 또는 센서 재보정 필요
2025-07-10 18:30:51,021 - analysis.processors.hand_processor_s_class - WARNING  - 손이 감지되지 않았습니다.
2025-07-10 18:30:51,062 - analysis.processors.face_processor_s_class - WARNING  - 얼굴이 감지되지 않음 - 모든 얼굴 관련 지표를 기본값으로 설정
2025-07-10 18:30:51,064 - analysis.processors.pose_processor_s_class - WARNING  - 자세가 감지되지 않음 - 백업 모드 또는 센서 재보정 필요
2025-07-10 18:30:51,073 - analysis.processors.hand_processor_s_class - WARNING  - 손이 감지되지 않았습니다.
2025-07-10 18:30:51,099 - analysis.processors.face_processor_s_class - WARNING  - 얼굴이 감지되지 않음 - 모든 얼굴 관련 지표를 기본값으로 설정
2025-07-10 18:30:51,100 - analysis.processors.pose_processor_s_class - WARNING  - 자세가 감지되지 않음 - 백업 모드 또는 센서 재보정 필요
2025-07-10 18:30:51,101 - analysis.processors.hand_processor_s_class - WARNING  - 손이 감지되지 않았습니다.
2025-07-10 18:30:51,126 - analysis.processors.face_processor_s_class - WARNING  - 얼굴이 감지되지 않음 - 모든 얼굴 관련 지표를 기본값으로 설정
2025-07-10 18:30:51,133 - analysis.processors.pose_processor_s_class - WARNING  - 자세가 감지되지 않음 - 백업 모드 또는 센서 재보정 필요
2025-07-10 18:30:51,135 - analysis.processors.hand_processor_s_class - WARNING  - 손이 감지되지 않았습니다.
2025-07-10 18:30:51,170 - analysis.processors.face_processor_s_class - WARNING  - 얼굴이 감지되지 않음 - 모든 얼굴 관련 지표를 기본값으로 설정
2025-07-10 18:30:51,171 - analysis.processors.pose_processor_s_class - WARNING  - 자세가 감지되지 않음 - 백업 모드 또는 센서 재보정 필요
2025-07-10 18:30:51,171 - analysis.processors.hand_processor_s_class - WARNING  - 손이 감지되지 않았습니다.
2025-07-10 18:30:51,210 - analysis.processors.face_processor_s_class - WARNING  - 얼굴이 감지되지 않음 - 모든 얼굴 관련 지표를 기본값으로 설정
2025-07-10 18:30:51,210 - analysis.processors.pose_processor_s_class - WARNING  - 자세가 감지되지 않음 - 백업 모드 또는 센서 재보정 필요
2025-07-10 18:30:51,210 - analysis.processors.hand_processor_s_class - WARNING  - 손이 감지되지 않았습니다.
2025-07-10 18:30:51,264 - analysis.processors.face_processor_s_class - WARNING  - 얼굴이 감지되지 않음 - 모든 얼굴 관련 지표를 기본값으로 설정
2025-07-10 18:30:51,267 - analysis.processors.pose_processor_s_class - WARNING  - 자세가 감지되지 않음 - 백업 모드 또는 센서 재보정 필요
2025-07-10 18:30:51,268 - analysis.processors.hand_processor_s_class - WARNING  - 손이 감지되지 않았습니다.
2025-07-10 18:30:51,310 - analysis.processors.face_processor_s_class - WARNING  - 얼굴이 감지되지 않음 - 모든 얼굴 관련 지표를 기본값으로 설정
2025-07-10 18:30:51,315 - analysis.processors.pose_processor_s_class - WARNING  - 자세가 감지되지 않음 - 백업 모드 또는 센서 재보정 필요
2025-07-10 18:30:51,316 - analysis.processors.hand_processor_s_class - WARNING  - 손이 감지되지 않았습니다.
2025-07-10 18:30:51,345 - analysis.processors.face_processor_s_class - WARNING  - 얼굴이 감지되지 않음 - 모든 얼굴 관련 지표를 기본값으로 설정
2025-07-10 18:30:51,346 - analysis.processors.pose_processor_s_class - WARNING  - 자세가 감지되지 않음 - 백업 모드 또는 센서 재보정 필요
2025-07-10 18:30:51,351 - analysis.processors.hand_processor_s_class - WARNING  - 손이 감지되지 않았습니다.
2025-07-10 18:30:51,375 - analysis.processors.face_processor_s_class - WARNING  - 얼굴이 감지되지 않음 - 모든 얼굴 관련 지표를 기본값으로 설정
2025-07-10 18:30:51,375 - analysis.processors.pose_processor_s_class - WARNING  - 자세가 감지되지 않음 - 백업 모드 또는 센서 재보정 필요
2025-07-10 18:30:51,375 - analysis.processors.hand_processor_s_class - WARNING  - 손이 감지되지 않았습니다.
2025-07-10 18:30:51,409 - analysis.processors.face_processor_s_class - WARNING  - 얼굴이 감지되지 않음 - 모든 얼굴 관련 지표를 기본값으로 설정
2025-07-10 18:30:51,409 - analysis.processors.pose_processor_s_class - WARNING  - 자세가 감지되지 않음 - 백업 모드 또는 센서 재보정 필요
2025-07-10 18:30:51,409 - analysis.processors.hand_processor_s_class - WARNING  - 손이 감지되지 않았습니다.
2025-07-10 18:30:51,441 - analysis.processors.face_processor_s_class - WARNING  - 얼굴이 감지되지 않음 - 모든 얼굴 관련 지표를 기본값으로 설정
2025-07-10 18:30:51,445 - analysis.processors.pose_processor_s_class - WARNING  - 자세가 감지되지 않음 - 백업 모드 또는 센서 재보정 필요
2025-07-10 18:30:51,446 - analysis.processors.hand_processor_s_class - WARNING  - 손이 감지되지 않았습니다.
2025-07-10 18:30:51,470 - analysis.processors.face_processor_s_class - WARNING  - 얼굴이 감지되지 않음 - 모든 얼굴 관련 지표를 기본값으로 설정
2025-07-10 18:30:51,472 - analysis.processors.pose_processor_s_class - WARNING  - 자세가 감지되지 않음 - 백업 모드 또는 센서 재보정 필요
2025-07-10 18:30:51,473 - analysis.processors.hand_processor_s_class - WARNING  - 손이 감지되지 않았습니다.
2025-07-10 18:30:51,501 - analysis.processors.face_processor_s_class - WARNING  - 얼굴이 감지되지 않음 - 모든 얼굴 관련 지표를 기본값으로 설정
2025-07-10 18:30:51,512 - analysis.processors.pose_processor_s_class - WARNING  - 자세가 감지되지 않음 - 백업 모드 또는 센서 재보정 필요
2025-07-10 18:30:51,514 - analysis.processors.hand_processor_s_class - WARNING  - 손이 감지되지 않았습니다.
2025-07-10 18:30:51,543 - analysis.processors.face_processor_s_class - WARNING  - 얼굴이 감지되지 않음 - 모든 얼굴 관련 지표를 기본값으로 설정
2025-07-10 18:30:51,544 - analysis.processors.pose_processor_s_class - WARNING  - 자세가 감지되지 않음 - 백업 모드 또는 센서 재보정 필요
2025-07-10 18:30:51,545 - analysis.processors.hand_processor_s_class - WARNING  - 손이 감지되지 않았습니다.
2025-07-10 18:30:51,568 - analysis.processors.face_processor_s_class - WARNING  - 얼굴이 감지되지 않음 - 모든 얼굴 관련 지표를 기본값으로 설정
2025-07-10 18:30:51,568 - analysis.processors.pose_processor_s_class - WARNING  - 자세가 감지되지 않음 - 백업 모드 또는 센서 재보정 필요
2025-07-10 18:30:51,568 - analysis.processors.hand_processor_s_class - WARNING  - 손이 감지되지 않았습니다.
2025-07-10 18:30:51,600 - analysis.processors.face_processor_s_class - WARNING  - 얼굴이 감지되지 않음 - 모든 얼굴 관련 지표를 기본값으로 설정
2025-07-10 18:30:51,601 - analysis.processors.pose_processor_s_class - WARNING  - 자세가 감지되지 않음 - 백업 모드 또는 센서 재보정 필요
2025-07-10 18:30:51,601 - analysis.processors.hand_processor_s_class - WARNING  - 손이 감지되지 않았습니다.
2025-07-10 18:30:51,634 - analysis.processors.face_processor_s_class - WARNING  - 얼굴이 감지되지 않음 - 모든 얼굴 관련 지표를 기본값으로 설정
2025-07-10 18:30:51,634 - analysis.processors.pose_processor_s_class - WARNING  - 자세가 감지되지 않음 - 백업 모드 또는 센서 재보정 필요
2025-07-10 18:30:51,634 - analysis.processors.hand_processor_s_class - WARNING  - 손이 감지되지 않았습니다.
2025-07-10 18:30:51,663 - analysis.processors.face_processor_s_class - WARNING  - 얼굴이 감지되지 않음 - 모든 얼굴 관련 지표를 기본값으로 설정
2025-07-10 18:30:51,664 - analysis.processors.pose_processor_s_class - WARNING  - 자세가 감지되지 않음 - 백업 모드 또는 센서 재보정 필요
2025-07-10 18:30:51,664 - analysis.processors.hand_processor_s_class - WARNING  - 손이 감지되지 않았습니다.
2025-07-10 18:30:51,701 - analysis.processors.face_processor_s_class - WARNING  - 얼굴이 감지되지 않음 - 모든 얼굴 관련 지표를 기본값으로 설정
2025-07-10 18:30:51,701 - analysis.processors.pose_processor_s_class - WARNING  - 자세가 감지되지 않음 - 백업 모드 또는 센서 재보정 필요
2025-07-10 18:30:51,702 - analysis.processors.hand_processor_s_class - WARNING  - 손이 감지되지 않았습니다.
2025-07-10 18:30:51,754 - analysis.processors.face_processor_s_class - WARNING  - 얼굴이 감지되지 않음 - 모든 얼굴 관련 지표를 기본값으로 설정
2025-07-10 18:30:51,755 - analysis.processors.pose_processor_s_class - WARNING  - 자세가 감지되지 않음 - 백업 모드 또는 센서 재보정 필요
2025-07-10 18:30:51,756 - analysis.processors.hand_processor_s_class - WARNING  - 손이 감지되지 않았습니다.
2025-07-10 18:30:51,789 - analysis.processors.face_processor_s_class - WARNING  - 얼굴이 감지되지 않음 - 모든 얼굴 관련 지표를 기본값으로 설정
2025-07-10 18:30:51,793 - analysis.processors.pose_processor_s_class - WARNING  - 자세가 감지되지 않음 - 백업 모드 또는 센서 재보정 필요
2025-07-10 18:30:51,793 - analysis.processors.hand_processor_s_class - WARNING  - 손이 감지되지 않았습니다.
2025-07-10 18:30:51,827 - analysis.processors.face_processor_s_class - WARNING  - 얼굴이 감지되지 않음 - 모든 얼굴 관련 지표를 기본값으로 설정
2025-07-10 18:30:51,832 - analysis.processors.pose_processor_s_class - WARNING  - 자세가 감지되지 않음 - 백업 모드 또는 센서 재보정 필요
2025-07-10 18:30:51,834 - analysis.processors.hand_processor_s_class - WARNING  - 손이 감지되지 않았습니다.
2025-07-10 18:30:51,869 - analysis.processors.face_processor_s_class - WARNING  - 얼굴이 감지되지 않음 - 모든 얼굴 관련 지표를 기본값으로 설정
2025-07-10 18:30:51,871 - analysis.processors.pose_processor_s_class - WARNING  - 자세가 감지되지 않음 - 백업 모드 또는 센서 재보정 필요
2025-07-10 18:30:51,871 - analysis.processors.hand_processor_s_class - WARNING  - 손이 감지되지 않았습니다.
2025-07-10 18:30:51,910 - analysis.processors.face_processor_s_class - WARNING  - 얼굴이 감지되지 않음 - 모든 얼굴 관련 지표를 기본값으로 설정
2025-07-10 18:30:51,910 - analysis.processors.pose_processor_s_class - WARNING  - 자세가 감지되지 않음 - 백업 모드 또는 센서 재보정 필요
2025-07-10 18:30:51,910 - analysis.processors.hand_processor_s_class - WARNING  - 손이 감지되지 않았습니다.
2025-07-10 18:30:51,967 - analysis.processors.face_processor_s_class - WARNING  - 얼굴이 감지되지 않음 - 모든 얼굴 관련 지표를 기본값으로 설정
2025-07-10 18:30:51,974 - analysis.processors.pose_processor_s_class - WARNING  - 자세가 감지되지 않음 - 백업 모드 또는 센서 재보정 필요
2025-07-10 18:30:51,979 - analysis.processors.hand_processor_s_class - WARNING  - 손이 감지되지 않았습니다.
2025-07-10 18:30:52,007 - analysis.processors.face_processor_s_class - WARNING  - 얼굴이 감지되지 않음 - 모든 얼굴 관련 지표를 기본값으로 설정
2025-07-10 18:30:52,009 - analysis.processors.pose_processor_s_class - WARNING  - 자세가 감지되지 않음 - 백업 모드 또는 센서 재보정 필요
2025-07-10 18:30:52,013 - analysis.processors.hand_processor_s_class - WARNING  - 손이 감지되지 않았습니다.
2025-07-10 18:30:52,077 - analysis.processors.face_processor_s_class - WARNING  - 얼굴이 감지되지 않음 - 모든 얼굴 관련 지표를 기본값으로 설정
2025-07-10 18:30:52,077 - analysis.processors.pose_processor_s_class - WARNING  - 자세가 감지되지 않음 - 백업 모드 또는 센서 재보정 필요
2025-07-10 18:30:52,077 - analysis.processors.hand_processor_s_class - WARNING  - 손이 감지되지 않았습니다.
2025-07-10 18:30:52,105 - analysis.processors.face_processor_s_class - WARNING  - 얼굴이 감지되지 않음 - 모든 얼굴 관련 지표를 기본값으로 설정
2025-07-10 18:30:52,106 - analysis.processors.pose_processor_s_class - WARNING  - 자세가 감지되지 않음 - 백업 모드 또는 센서 재보정 필요
2025-07-10 18:30:52,107 - analysis.processors.hand_processor_s_class - WARNING  - 손이 감지되지 않았습니다.
2025-07-10 18:30:52,136 - analysis.processors.face_processor_s_class - WARNING  - 얼굴이 감지되지 않음 - 모든 얼굴 관련 지표를 기본값으로 설정
2025-07-10 18:30:52,136 - analysis.processors.pose_processor_s_class - WARNING  - 자세가 감지되지 않음 - 백업 모드 또는 센서 재보정 필요
2025-07-10 18:30:52,138 - analysis.processors.hand_processor_s_class - WARNING  - 손이 감지되지 않았습니다.
2025-07-10 18:30:52,171 - analysis.processors.face_processor_s_class - WARNING  - 얼굴이 감지되지 않음 - 모든 얼굴 관련 지표를 기본값으로 설정
2025-07-10 18:30:52,171 - analysis.processors.pose_processor_s_class - WARNING  - 자세가 감지되지 않음 - 백업 모드 또는 센서 재보정 필요
2025-07-10 18:30:52,172 - analysis.processors.hand_processor_s_class - WARNING  - 손이 감지되지 않았습니다.
2025-07-10 18:30:52,191 - analysis.processors.face_processor_s_class - WARNING  - 얼굴이 감지되지 않음 - 모든 얼굴 관련 지표를 기본값으로 설정
2025-07-10 18:30:52,191 - analysis.processors.pose_processor_s_class - WARNING  - 자세가 감지되지 않음 - 백업 모드 또는 센서 재보정 필요
2025-07-10 18:30:52,198 - analysis.processors.hand_processor_s_class - WARNING  - 손이 감지되지 않았습니다.
2025-07-10 18:30:52,455 - analysis.processors.face_processor_s_class - WARNING  - 얼굴이 감지되지 않음 - 모든 얼굴 관련 지표를 기본값으로 설정
2025-07-10 18:30:52,455 - analysis.processors.pose_processor_s_class - WARNING  - 자세가 감지되지 않음 - 백업 모드 또는 센서 재보정 필요
2025-07-10 18:30:52,455 - analysis.processors.hand_processor_s_class - WARNING  - 손이 감지되지 않았습니다.
2025-07-10 18:30:52,455 - systems.metrics_manager   - WARNING  - 경고 발생 - distraction: critical (값: 1.000)
2025-07-10 18:30:52,455 - core.state_manager        - WARNING  - 경고 수신: distraction - critical (값: 1.000)
2025-07-10 18:30:52,466 - integration.integrated_system - INFO     - IntegratedDMSSystem 종료 시작
2025-07-10 18:30:52,466 - events.event_bus          - INFO     - EventBus 종료 중...
2025-07-10 18:30:52,466 - events.event_bus          - INFO     - LOW 우선순위 큐 처리 취소됨
2025-07-10 18:30:52,466 - events.event_bus          - INFO     - HIGH 우선순위 큐 처리 취소됨
2025-07-10 18:30:52,466 - events.event_bus          - INFO     - CRITICAL 우선순위 큐 처리 취소됨
2025-07-10 18:30:52,469 - events.event_bus          - INFO     - EMERGENCY 우선순위 큐 처리 취소됨
2025-07-10 18:30:52,469 - events.event_bus          - INFO     - EventBus 종료 완료
2025-07-10 18:30:52,470 - events.event_bus          - INFO     - 글로벌 이벤트 시스템 종료 완료
2025-07-10 18:30:52,470 - integration.integrated_system - INFO     - 최종 성능 리포트 - 총 105프레임, 평균 14.0ms
2025-07-10 18:30:52,470 - integration.integrated_system - INFO     - IntegratedDMSSystem 종료 완료
