2025-07-10 13:57:01,098 - __main__                  - INFO     - 설정 완료: {'input_source': ['C:/Users/HKIT/Videos/VS1/SGA5100180/SGA5100180S0097/video/SGA5100180S0097.mp4', 'C:/Users/HKIT/Videos/VS1/SGA5100180/SGA5100180S0126/video/SGA5100180S0126.mp4', 'C:/Users/HKIT/Videos/VS1/SGA5100180/SGA5100180S0135/video/SGA5100180S0135.mp4', 'C:/Users/HKIT/Videos/VS1/SGA5100180/SGA5100180S0086/video/SGA5100180S0086.mp4', 'C:/Users/HKIT/Videos/VS1/SGA5100180/SGA5100180S0101/video/SGA5100180S0101.mp4', 'C:/Users/HKIT/Videos/VS1/SGA5100180/SGA5100180S0109/video/SGA5100180S0109.mp4', 'C:/Users/HKIT/Videos/VS1/SGA5100180/SGA5100180S0113/video/SGA5100180S0113.mp4', 'C:/Users/HKIT/Videos/VS1/SGA5100180/SGA5100180S0128/video/SGA5100180S0128.mp4', 'C:/Users/HKIT/Videos/VS1/SGA5100180/SGA5100180S0177/video/SGA5100180S0177.mp4', 'C:/Users/HKIT/Videos/VS1/SGA5100180/SGA5100180S0032/video/SGA5100180S0032.mp4', 'C:/Users/HKIT/Videos/VS1/SGA5100180/SGA5100180S0036/video/SGA5100180S0036.mp4', 'C:/Users/HKIT/Videos/VS1/SGA5100180/SGA5100180S0063/video/SGA5100180S0063.mp4', 'C:/Users/HKIT/Videos/VS1/SGA5100180/SGA5100180S0090/video/SGA5100180S0090.mp4', 'C:/Users/HKIT/Videos/VS1/SGA5100180/SGA5100180S0010/video/SGA5100180S0010.mp4', 'C:/Users/HKIT/Videos/VS1/SGA5100180/SGA5100180S0020/video/SGA5100180S0020.mp4', 'C:/Users/HKIT/Videos/VS1/SGA5100180/SGA5100180S0062/video/SGA5100180S0062.mp4', 'C:/Users/HKIT/Videos/VS1/SGA5100180/SGA5100180S0073/video/SGA5100180S0073.mp4', 'C:/Users/HKIT/Videos/VS1/SGA5100180/SGA5100180S0169/video/SGA5100180S0169.mp4', 'C:/Users/HKIT/Videos/VS1/SGA5100180/SGA5100180S0088/video/SGA5100180S0088.mp4', 'C:/Users/HKIT/Videos/VS1/SGA5100180/SGA5100180S0104/video/SGA5100180S0104.mp4', 'C:/Users/HKIT/Videos/VS1/SGA5100180/SGA5100180S0171/video/SGA5100180S0171.mp4', 'C:/Users/HKIT/Videos/VS1/SGA5100180/SGA5100180S0048/video/SGA5100180S0048.mp4', 'C:/Users/HKIT/Videos/VS1/SGA5100180/SGA5100180S0119/video/SGA5100180S0119.mp4', 'C:/Users/HKIT/Videos/VS1/SGA5100180/SGA5100180S0174/video/SGA5100180S0174.mp4', 'C:/Users/HKIT/Videos/VS1/SGA5100180/SGA5100180S0005/video/SGA5100180S0005.mp4', 'C:/Users/HKIT/Videos/VS1/SGA5100180/SGA5100180S0108/video/SGA5100180S0108.mp4', 'C:/Users/HKIT/Videos/VS1/SGA5100180/SGA5100180S0116/video/SGA5100180S0116.mp4', 'C:/Users/HKIT/Videos/VS1/SGA5100180/SGA5100180S0154/video/SGA5100180S0154.mp4', 'C:/Users/HKIT/Videos/VS1/SGA5100180/SGA5100180S0057/video/SGA5100180S0057.mp4', 'C:/Users/HKIT/Videos/VS1/SGA5100180/SGA5100180S0194/video/SGA5100180S0194.mp4', 'C:/Users/HKIT/Videos/VS1/SGA5100180/SGA5100180S0197/video/SGA5100180S0197.mp4', 'C:/Users/HKIT/Videos/VS1/SGA5100180/SGA5100180S0074/video/SGA5100180S0074.mp4', 'C:/Users/HKIT/Videos/VS1/SGA5100180/SGA5100180S0098/video/SGA5100180S0098.mp4', 'C:/Users/HKIT/Videos/VS1/SGA5100180/SGA5100180S0132/video/SGA5100180S0132.mp4', 'C:/Users/HKIT/Videos/VS1/SGA5100180/SGA5100180S0191/video/SGA5100180S0191.mp4', 'C:/Users/HKIT/Videos/VS1/SGA5100180/SGA5100180S0056/video/SGA5100180S0056.mp4', 'C:/Users/HKIT/Videos/VS1/SGA5100180/SGA5100180S0091/video/SGA5100180S0091.mp4', 'C:/Users/HKIT/Videos/VS1/SGA5100180/SGA5100180S0130/video/SGA5100180S0130.mp4', 'C:/Users/HKIT/Videos/VS1/SGA5100180/SGA5100180S0011/video/SGA5100180S0011.mp4', 'C:/Users/HKIT/Videos/VS1/SGA5100180/SGA5100180S0030/video/SGA5100180S0030.mp4', 'C:/Users/HKIT/Videos/VS1/SGA5100180/SGA5100180S0061/video/SGA5100180S0061.mp4', 'C:/Users/HKIT/Videos/VS1/SGA5100180/SGA5100180S0017/video/SGA5100180S0017.mp4', 'C:/Users/HKIT/Videos/VS1/SGA5100180/SGA5100180S0022/video/SGA5100180S0022.mp4', 'C:/Users/HKIT/Videos/VS1/SGA5100180/SGA5100180S0070/video/SGA5100180S0070.mp4', 'C:/Users/HKIT/Videos/VS1/SGA5100180/SGA5100180S0081/video/SGA5100180S0081.mp4', 'C:/Users/HKIT/Videos/VS1/SGA5100180/SGA5100180S0107/video/SGA5100180S0107.mp4', 'C:/Users/HKIT/Videos/VS1/SGA5100180/SGA5100180S0134/video/SGA5100180S0134.mp4', 'C:/Users/HKIT/Videos/VS1/SGA5100180/SGA5100180S0176/video/SGA5100180S0176.mp4', 'C:/Users/HKIT/Videos/VS1/SGA5100180/SGA5100180S0199/video/SGA5100180S0199.mp4', 'C:/Users/HKIT/Videos/VS1/SGA5100180/SGA5100180S0035/video/SGA5100180S0035.mp4', 'C:/Users/HKIT/Videos/VS1/SGA5100180/SGA5100180S0094/video/SGA5100180S0094.mp4', 'C:/Users/HKIT/Videos/VS1/SGA5100180/SGA5100180S0125/video/SGA5100180S0125.mp4', 'C:/Users/HKIT/Videos/VS1/SGA5100180/SGA5100180S0064/video/SGA5100180S0064.mp4', 'C:/Users/HKIT/Videos/VS1/SGA5100180/SGA5100180S0068/video/SGA5100180S0068.mp4', 'C:/Users/HKIT/Videos/VS1/SGA5100180/SGA5100180S0103/video/SGA5100180S0103.mp4', 'C:/Users/HKIT/Videos/VS1/SGA5100180/SGA5100180S0012/video/SGA5100180S0012.mp4', 'C:/Users/HKIT/Videos/VS1/SGA5100180/SGA5100180S0024/video/SGA5100180S0024.mp4', 'C:/Users/HKIT/Videos/VS1/SGA5100180/SGA5100180S0127/video/SGA5100180S0127.mp4', 'C:/Users/HKIT/Videos/VS1/SGA5100180/SGA5100180S0173/video/SGA5100180S0173.mp4', 'C:/Users/HKIT/Videos/VS1/SGA5100180/SGA5100180S0102/video/SGA5100180S0102.mp4', 'C:/Users/HKIT/Videos/VS1/SGA5100180/SGA5100180S0118/video/SGA5100180S0118.mp4', 'C:/Users/HKIT/Videos/VS1/SGA5100180/SGA5100180S0188/video/SGA5100180S0188.mp4', 'C:/Users/HKIT/Videos/VS1/SGA5100180/SGA5100180S0084/video/SGA5100180S0084.mp4', 'C:/Users/HKIT/Videos/VS1/SGA5100180/SGA5100180S0150/video/SGA5100180S0150.mp4', 'C:/Users/HKIT/Videos/VS1/SGA5100180/SGA5100180S0198/video/SGA5100180S0198.mp4', 'C:/Users/HKIT/Videos/VS1/SGA5100180/SGA5100180S0031/video/SGA5100180S0031.mp4', 'C:/Users/HKIT/Videos/VS1/SGA5100180/SGA5100180S0059/video/SGA5100180S0059.mp4', 'C:/Users/HKIT/Videos/VS1/SGA5100180/SGA5100180S0067/video/SGA5100180S0067.mp4', 'C:/Users/HKIT/Videos/VS1/SGA5100180/SGA5100180S0083/video/SGA5100180S0083.mp4', 'C:/Users/HKIT/Videos/VS1/SGA5100180/SGA5100180S0045/video/SGA5100180S0045.mp4', 'C:/Users/HKIT/Videos/VS1/SGA5100180/SGA5100180S0151/video/SGA5100180S0151.mp4', 'C:/Users/HKIT/Videos/VS1/SGA5100180/SGA5100180S0172/video/SGA5100180S0172.mp4', 'C:/Users/HKIT/Videos/VS1/SGA5100180/SGA5100180S0025/video/SGA5100180S0025.mp4', 'C:/Users/HKIT/Videos/VS1/SGA5100180/SGA5100180S0123/video/SGA5100180S0123.mp4', 'C:/Users/HKIT/Videos/VS1/SGA5100180/SGA5100180S0131/video/SGA5100180S0131.mp4', 'C:/Users/HKIT/Videos/VS1/SGA5100180/SGA5100180S0139/video/SGA5100180S0139.mp4', 'C:/Users/HKIT/Videos/VS1/SGA5100180/SGA5100180S0014/video/SGA5100180S0014.mp4', 'C:/Users/HKIT/Videos/VS1/SGA5100180/SGA5100180S0080/video/SGA5100180S0080.mp4', 'C:/Users/HKIT/Videos/VS1/SGA5100180/SGA5100180S0196/video/SGA5100180S0196.mp4', 'C:/Users/HKIT/Videos/VS1/SGA5100180/SGA5100180S0037/video/SGA5100180S0037.mp4', 'C:/Users/HKIT/Videos/VS1/SGA5100180/SGA5100180S0044/video/SGA5100180S0044.mp4', 'C:/Users/HKIT/Videos/VS1/SGA5100180/SGA5100180S0186/video/SGA5100180S0186.mp4', 'C:/Users/HKIT/Videos/VS1/SGA5100180/SGA5100180S0013/video/SGA5100180S0013.mp4', 'C:/Users/HKIT/Videos/VS1/SGA5100180/SGA5100180S0100/video/SGA5100180S0100.mp4', 'C:/Users/HKIT/Videos/VS1/SGA5100180/SGA5100180S0120/video/SGA5100180S0120.mp4', 'C:/Users/HKIT/Videos/VS1/SGA5100180/SGA5100180S0146/video/SGA5100180S0146.mp4', 'C:/Users/HKIT/Videos/VS1/SGA5100180/SGA5100180S0021/video/SGA5100180S0021.mp4', 'C:/Users/HKIT/Videos/VS1/SGA5100180/SGA5100180S0028/video/SGA5100180S0028.mp4', 'C:/Users/HKIT/Videos/VS1/SGA5100180/SGA5100180S0136/video/SGA5100180S0136.mp4', 'C:/Users/HKIT/Videos/VS1/SGA5100180/SGA5100180S0019/video/SGA5100180S0019.mp4', 'C:/Users/HKIT/Videos/VS1/SGA5100180/SGA5100180S0033/video/SGA5100180S0033.mp4', 'C:/Users/HKIT/Videos/VS1/SGA5100180/SGA5100180S0195/video/SGA5100180S0195.mp4', 'C:/Users/HKIT/Videos/VS1/SGA5100180/SGA5100180S0201/video/SGA5100180S0201.mp4', 'C:/Users/HKIT/Videos/VS1/SGA5100180/SGA5100180S0149/video/SGA5100180S0149.mp4', 'C:/Users/HKIT/Videos/VS1/SGA5100180/SGA5100180S0152/video/SGA5100180S0152.mp4', 'C:/Users/HKIT/Videos/VS1/SGA5100180/SGA5100180S0166/video/SGA5100180S0166.mp4', 'C:/Users/HKIT/Videos/VS1/SGA5100180/SGA5100180S0155/video/SGA5100180S0155.mp4', 'C:/Users/HKIT/Videos/VS1/SGA5100180/SGA5100180S0089/video/SGA5100180S0089.mp4', 'C:/Users/HKIT/Videos/VS1/SGA5100180/SGA5100180S0023/video/SGA5100180S0023.mp4', 'C:/Users/HKIT/Videos/VS1/SGA5100180/SGA5100180S0029/video/SGA5100180S0029.mp4', 'C:/Users/HKIT/Videos/VS1/SGA5100180/SGA5100180S0087/video/SGA5100180S0087.mp4', 'C:/Users/HKIT/Videos/VS1/SGA5100180/SGA5100180S0193/video/SGA5100180S0193.mp4', 'C:/Users/HKIT/Videos/VS1/SGA5100180/SGA5100180S0027/video/SGA5100180S0027.mp4', 'C:/Users/HKIT/Videos/VS1/SGA5100180/SGA5100180S0082/video/SGA5100180S0082.mp4', 'C:/Users/HKIT/Videos/VS1/SGA5100180/SGA5100180S0137/video/SGA5100180S0137.mp4', 'C:/Users/HKIT/Videos/VS1/SGA5100180/SGA5100180S0140/video/SGA5100180S0140.mp4', 'C:/Users/HKIT/Videos/VS1/SGA5100180/SGA5100180S0008/video/SGA5100180S0008.mp4', 'C:/Users/HKIT/Videos/VS1/SGA5100180/SGA5100180S0042/video/SGA5100180S0042.mp4', 'C:/Users/HKIT/Videos/VS1/SGA5100180/SGA5100180S0058/video/SGA5100180S0058.mp4', 'C:/Users/HKIT/Videos/VS1/SGA5100180/SGA5100180S0015/video/SGA5100180S0015.mp4', 'C:/Users/HKIT/Videos/VS1/SGA5100180/SGA5100180S0096/video/SGA5100180S0096.mp4', 'C:/Users/HKIT/Videos/VS1/SGA5100180/SGA5100180S0187/video/SGA5100180S0187.mp4', 'C:/Users/HKIT/Videos/VS1/SGA5100180/SGA5100180S0016/video/SGA5100180S0016.mp4', 'C:/Users/HKIT/Videos/VS1/SGA5100180/SGA5100180S0046/video/SGA5100180S0046.mp4'], 'user_id': 'default', 'camera_position': <CameraPosition.DASHBOARD_CENTER: '대시보드 중앙'>, 'enable_calibration': False, 'is_same_driver': True}
2025-07-10 13:57:01,098 - systems.performance       - INFO     - PerformanceOptimizer 초기화 완료
2025-07-10 13:57:01,098 - io_handler.video_input    - INFO     - 운전자 연속성 설정됨: 동일 운전자
2025-07-10 13:57:01,114 - systems.personalization   - INFO     - 사용자 프로필 로드됨: default
2025-07-10 13:57:01,114 - systems.dynamic           - INFO     - DynamicAnalysisEngine 상태 초기화됨.
2025-07-10 13:57:01,114 - systems.dynamic           - INFO     - DynamicAnalysisEngine 초기화 완료
2025-07-10 13:57:01,114 - systems.backup            - INFO     - SensorBackupManager 초기화 완료
2025-07-10 13:57:01,114 - analysis.gaze             - INFO     - EnhancedSphericalGazeClassifier 초기화: 11개 구역 정의됨
2025-07-10 13:57:01,114 - analysis.drowsiness       - INFO     - EnhancedDrowsinessDetector 초기화 완료
2025-07-10 13:57:01,114 - analysis.emotion          - INFO     - EmotionRecognitionSystem 초기화 완료
2025-07-10 13:57:01,114 - analysis.distraction      - INFO     - DistractionObjectDetector 초기화 완료
2025-07-10 13:57:01,130 - analysis.identity         - INFO     - 1명의 운전자 프로필 로드됨
2025-07-10 13:57:01,130 - analysis.identity         - INFO     - DriverIdentificationSystem 초기화 완료
2025-07-10 13:57:01,130 - analysis.prediction       - INFO     - PredictiveSafetySystem 초기화 완료
2025-07-10 13:57:01,130 - systems.performance       - INFO     - PerformanceOptimizer 초기화 완료
2025-07-10 13:57:01,255 - systems.mediapipe_manager - INFO     - ✅ FaceLandmarker 초기화 완료 (블렌드셰이프 활성화)
2025-07-10 13:57:01,489 - systems.mediapipe_manager - INFO     - ✅ PoseLandmarker 초기화 완료 (33 키포인트)
2025-07-10 13:57:01,583 - systems.mediapipe_manager - INFO     - ✅ HandLandmarker 초기화 완료
2025-07-10 13:57:01,645 - systems.mediapipe_manager - INFO     - ✅ ObjectDetector 초기화 완료 (주의산만 객체 감지)
2025-07-10 13:57:01,894 - io_handler.video_input    - INFO     - ✅ 입력 소스 초기화 및 스레드 시작
2025-07-10 13:57:01,894 - app                       - INFO     - 🚀 고도화된 DMS 시스템 v18 (연구 결과 통합) 초기화 완료
2025-07-10 13:57:01,894 - app                       - INFO     - 📊 새로운 기능: 향상된 EAR, 감정 인식, 예측적 안전, 운전자 식별
2025-07-10 13:57:01,894 - app                       - INFO     - 🎯 DMS v18 시스템 시작. 'q'를 눌러 종료, 스페이스바로 일시정지, 's'로 스크린샷 저장
2025-07-10 13:57:02,186 - systems.backup            - WARNING  - 백업 모드 활성화: hand_backup_active
2025-07-10 13:57:03,444 - systems.performance       - WARNING  - 성능 최적화 모드 활성화
2025-07-10 13:57:03,444 - systems.performance       - INFO     - 적용 전략: 프레임 스키핑 증가
2025-07-10 13:57:03,444 - systems.performance       - INFO     - 적용 전략: 분석 해상도 감소
2025-07-10 13:57:03,444 - systems.performance       - INFO     - 적용 전략: 일부 분석 기능 비활성화
2025-07-10 13:57:03,444 - systems.performance       - INFO     - 적용 전략: 메모리 정리 강화
2025-07-10 13:57:03,684 - systems.performance       - WARNING  - 성능 최적화 모드 활성화
2025-07-10 13:57:03,684 - systems.performance       - INFO     - 적용 전략: 프레임 스키핑 증가
2025-07-10 13:57:03,684 - systems.performance       - INFO     - 적용 전략: 분석 해상도 감소
2025-07-10 13:57:03,684 - systems.performance       - INFO     - 적용 전략: 일부 분석 기능 비활성화
2025-07-10 13:57:03,684 - systems.performance       - INFO     - 적용 전략: 메모리 정리 강화
2025-07-10 13:57:04,060 - systems.performance       - INFO     - 성능 최적화 모드 비활성화 - 정상 성능 복구
2025-07-10 13:57:04,089 - systems.performance       - INFO     - 성능 최적화 모드 비활성화 - 정상 성능 복구
2025-07-10 13:57:07,122 - io_handler.video_input    - INFO     - 다음 비디오 로드: SGA5100180S0126.mp4
2025-07-10 13:57:12,928 - io_handler.video_input    - INFO     - 다음 비디오 로드: SGA5100180S0135.mp4
2025-07-10 13:57:13,136 - systems.backup            - WARNING  - 백업 모드 활성화: face_backup_active
2025-07-10 13:57:13,166 - systems.backup            - INFO     - 백업 모드 비활성화: face_backup_active - 원본 센서 복구됨
2025-07-10 13:57:15,409 - systems.backup            - WARNING  - 백업 모드 활성화: face_backup_active
2025-07-10 13:57:16,097 - systems.backup            - INFO     - 백업 모드 비활성화: face_backup_active - 원본 센서 복구됨
2025-07-10 13:57:16,114 - core.state_manager        - INFO     - 상태 전환: SAFE -> FATIGUE_LOW (이벤트: FATIGUE_ACCUMULATION)
2025-07-10 13:57:16,145 - systems.backup            - WARNING  - 백업 모드 활성화: face_backup_active
2025-07-10 13:57:16,170 - systems.backup            - INFO     - 백업 모드 비활성화: face_backup_active - 원본 센서 복구됨
2025-07-10 13:57:16,316 - core.state_manager        - INFO     - 상태 전환: FATIGUE_LOW -> FATIGUE_HIGH (이벤트: FATIGUE_ACCUMULATION)
2025-07-10 13:57:16,361 - core.state_manager        - INFO     - 상태 전환: FATIGUE_HIGH -> FATIGUE_LOW (이벤트: FATIGUE_ACCUMULATION)
2025-07-10 13:57:16,405 - core.state_manager        - INFO     - 상태 전환: FATIGUE_LOW -> FATIGUE_HIGH (이벤트: FATIGUE_ACCUMULATION)
2025-07-10 13:57:16,446 - core.state_manager        - INFO     - 상태 전환: FATIGUE_HIGH -> FATIGUE_LOW (이벤트: FATIGUE_ACCUMULATION)
2025-07-10 13:57:16,491 - core.state_manager        - INFO     - 상태 전환: FATIGUE_LOW -> FATIGUE_HIGH (이벤트: FATIGUE_ACCUMULATION)
2025-07-10 13:57:16,535 - core.state_manager        - INFO     - 상태 전환: FATIGUE_HIGH -> FATIGUE_LOW (이벤트: FATIGUE_ACCUMULATION)
2025-07-10 13:57:16,580 - analysis.drowsiness       - INFO     - 개인화 임계값 업데이트: 0.350
2025-07-10 13:57:16,596 - core.state_manager        - INFO     - 상태 전환: FATIGUE_LOW -> FATIGUE_HIGH (이벤트: FATIGUE_ACCUMULATION)
2025-07-10 13:57:16,629 - core.state_manager        - INFO     - 상태 전환: FATIGUE_HIGH -> FATIGUE_LOW (이벤트: FATIGUE_ACCUMULATION)
2025-07-10 13:57:16,675 - core.state_manager        - INFO     - 상태 전환: FATIGUE_LOW -> FATIGUE_HIGH (이벤트: FATIGUE_ACCUMULATION)
2025-07-10 13:57:16,721 - core.state_manager        - INFO     - 상태 전환: FATIGUE_HIGH -> FATIGUE_LOW (이벤트: FATIGUE_ACCUMULATION)
2025-07-10 13:57:16,766 - core.state_manager        - INFO     - 상태 전환: FATIGUE_LOW -> FATIGUE_HIGH (이벤트: FATIGUE_ACCUMULATION)
2025-07-10 13:57:16,811 - core.state_manager        - INFO     - 상태 전환: FATIGUE_HIGH -> FATIGUE_LOW (이벤트: FATIGUE_ACCUMULATION)
2025-07-10 13:57:16,852 - core.state_manager        - INFO     - 상태 전환: FATIGUE_LOW -> FATIGUE_HIGH (이벤트: FATIGUE_ACCUMULATION)
2025-07-10 13:57:16,897 - core.state_manager        - INFO     - 상태 전환: FATIGUE_HIGH -> FATIGUE_LOW (이벤트: FATIGUE_ACCUMULATION)
2025-07-10 13:57:16,942 - core.state_manager        - INFO     - 상태 전환: FATIGUE_LOW -> FATIGUE_HIGH (이벤트: FATIGUE_ACCUMULATION)
2025-07-10 13:57:16,986 - core.state_manager        - INFO     - 상태 전환: FATIGUE_HIGH -> FATIGUE_LOW (이벤트: FATIGUE_ACCUMULATION)
2025-07-10 13:57:17,030 - core.state_manager        - INFO     - 상태 전환: FATIGUE_LOW -> FATIGUE_HIGH (이벤트: FATIGUE_ACCUMULATION)
2025-07-10 13:57:17,076 - core.state_manager        - INFO     - 상태 전환: FATIGUE_HIGH -> FATIGUE_LOW (이벤트: FATIGUE_ACCUMULATION)
2025-07-10 13:57:17,121 - core.state_manager        - INFO     - 상태 전환: FATIGUE_LOW -> FATIGUE_HIGH (이벤트: FATIGUE_ACCUMULATION)
2025-07-10 13:57:17,165 - core.state_manager        - INFO     - 상태 전환: FATIGUE_HIGH -> FATIGUE_LOW (이벤트: FATIGUE_ACCUMULATION)
2025-07-10 13:57:17,209 - core.state_manager        - INFO     - 상태 전환: FATIGUE_LOW -> FATIGUE_HIGH (이벤트: FATIGUE_ACCUMULATION)
2025-07-10 13:57:17,250 - core.state_manager        - INFO     - 상태 전환: FATIGUE_HIGH -> FATIGUE_LOW (이벤트: FATIGUE_ACCUMULATION)
2025-07-10 13:57:17,294 - core.state_manager        - INFO     - 상태 전환: FATIGUE_LOW -> FATIGUE_HIGH (이벤트: FATIGUE_ACCUMULATION)
2025-07-10 13:57:17,325 - core.state_manager        - INFO     - 상태 전환: FATIGUE_HIGH -> FATIGUE_LOW (이벤트: FATIGUE_ACCUMULATION)
2025-07-10 13:57:17,378 - core.state_manager        - INFO     - 상태 전환: FATIGUE_LOW -> FATIGUE_HIGH (이벤트: FATIGUE_ACCUMULATION)
2025-07-10 13:57:17,419 - core.state_manager        - INFO     - 상태 전환: FATIGUE_HIGH -> FATIGUE_LOW (이벤트: FATIGUE_ACCUMULATION)
2025-07-10 13:57:17,466 - core.state_manager        - INFO     - 상태 전환: FATIGUE_LOW -> FATIGUE_HIGH (이벤트: FATIGUE_ACCUMULATION)
2025-07-10 13:57:17,513 - core.state_manager        - INFO     - 상태 전환: FATIGUE_HIGH -> DISTRACTION_NORMAL (이벤트: ATTENTION_DECLINE)
2025-07-10 13:57:17,574 - core.state_manager        - INFO     - 상태 전환: DISTRACTION_NORMAL -> DISTRACTION_DANGER (이벤트: ATTENTION_DECLINE)
2025-07-10 13:57:17,623 - core.state_manager        - INFO     - 상태 전환: DISTRACTION_DANGER -> DISTRACTION_NORMAL (이벤트: ATTENTION_DECLINE)
2025-07-10 13:57:17,817 - core.state_manager        - INFO     - 상태 전환: DISTRACTION_NORMAL -> DISTRACTION_DANGER (이벤트: ATTENTION_DECLINE)
2025-07-10 13:57:17,859 - core.state_manager        - INFO     - 상태 전환: DISTRACTION_DANGER -> DISTRACTION_NORMAL (이벤트: ATTENTION_DECLINE)
2025-07-10 13:57:17,900 - core.state_manager        - INFO     - 상태 전환: DISTRACTION_NORMAL -> DISTRACTION_DANGER (이벤트: ATTENTION_DECLINE)
2025-07-10 13:57:17,943 - core.state_manager        - INFO     - 상태 전환: DISTRACTION_DANGER -> DISTRACTION_NORMAL (이벤트: ATTENTION_DECLINE)
2025-07-10 13:57:17,985 - core.state_manager        - INFO     - 상태 전환: DISTRACTION_NORMAL -> DISTRACTION_DANGER (이벤트: ATTENTION_DECLINE)
2025-07-10 13:57:18,017 - io_handler.video_input    - INFO     - 다음 비디오 로드: SGA5100180S0086.mp4
2025-07-10 13:57:18,032 - core.state_manager        - INFO     - 상태 전환: DISTRACTION_DANGER -> DISTRACTION_NORMAL (이벤트: ATTENTION_DECLINE)
2025-07-10 13:57:18,079 - core.state_manager        - INFO     - 상태 전환: DISTRACTION_NORMAL -> DISTRACTION_DANGER (이벤트: ATTENTION_DECLINE)
2025-07-10 13:57:18,129 - core.state_manager        - INFO     - 상태 전환: DISTRACTION_DANGER -> DISTRACTION_NORMAL (이벤트: ATTENTION_DECLINE)
2025-07-10 13:57:18,168 - core.state_manager        - INFO     - 상태 전환: DISTRACTION_NORMAL -> DISTRACTION_DANGER (이벤트: ATTENTION_DECLINE)
2025-07-10 13:57:18,226 - core.state_manager        - INFO     - 상태 전환: DISTRACTION_DANGER -> DISTRACTION_NORMAL (이벤트: ATTENTION_DECLINE)
2025-07-10 13:57:18,269 - core.state_manager        - INFO     - 상태 전환: DISTRACTION_NORMAL -> DISTRACTION_DANGER (이벤트: ATTENTION_DECLINE)
2025-07-10 13:57:18,313 - core.state_manager        - INFO     - 상태 전환: DISTRACTION_DANGER -> DISTRACTION_NORMAL (이벤트: ATTENTION_DECLINE)
2025-07-10 13:57:20,695 - systems.backup            - WARNING  - 백업 모드 활성화: face_backup_active
2025-07-10 13:57:21,043 - systems.backup            - INFO     - 백업 모드 비활성화: face_backup_active - 원본 센서 복구됨
2025-07-10 13:57:21,126 - systems.backup            - WARNING  - 백업 모드 활성화: face_backup_active
2025-07-10 13:57:21,151 - systems.backup            - INFO     - 백업 모드 비활성화: face_backup_active - 원본 센서 복구됨
2025-07-10 13:57:21,290 - systems.backup            - WARNING  - 백업 모드 활성화: face_backup_active
2025-07-10 13:57:22,328 - systems.backup            - INFO     - 백업 모드 비활성화: face_backup_active - 원본 센서 복구됨
2025-07-10 13:57:22,369 - systems.backup            - WARNING  - 백업 모드 활성화: face_backup_active
2025-07-10 13:57:22,434 - systems.backup            - INFO     - 백업 모드 비활성화: face_backup_active - 원본 센서 복구됨
2025-07-10 13:57:22,486 - systems.backup            - WARNING  - 백업 모드 활성화: face_backup_active
2025-07-10 13:57:23,384 - core.state_manager        - INFO     - 상태 전환: DISTRACTION_NORMAL -> SAFE (이벤트: NORMAL_BEHAVIOR)
2025-07-10 13:57:23,633 - io_handler.video_input    - INFO     - 다음 비디오 로드: SGA5100180S0101.mp4
2025-07-10 13:57:23,926 - systems.backup            - INFO     - 백업 모드 비활성화: face_backup_active - 원본 센서 복구됨
2025-07-10 13:57:23,975 - systems.backup            - WARNING  - 백업 모드 활성화: face_backup_active
2025-07-10 13:57:24,015 - systems.backup            - INFO     - 백업 모드 비활성화: face_backup_active - 원본 센서 복구됨
2025-07-10 13:57:24,360 - core.state_manager        - INFO     - 상태 전환: SAFE -> DISTRACTION_NORMAL (이벤트: ATTENTION_DECLINE)
2025-07-10 13:57:24,424 - core.state_manager        - INFO     - 상태 전환: DISTRACTION_NORMAL -> DISTRACTION_DANGER (이벤트: ATTENTION_DECLINE)
2025-07-10 13:57:24,481 - core.state_manager        - INFO     - 상태 전환: DISTRACTION_DANGER -> DISTRACTION_NORMAL (이벤트: ATTENTION_DECLINE)
2025-07-10 13:57:24,531 - core.state_manager        - INFO     - 상태 전환: DISTRACTION_NORMAL -> DISTRACTION_DANGER (이벤트: ATTENTION_DECLINE)
2025-07-10 13:57:24,582 - core.state_manager        - INFO     - 상태 전환: DISTRACTION_DANGER -> DISTRACTION_NORMAL (이벤트: ATTENTION_DECLINE)
2025-07-10 13:57:24,633 - core.state_manager        - INFO     - 상태 전환: DISTRACTION_NORMAL -> DISTRACTION_DANGER (이벤트: ATTENTION_DECLINE)
2025-07-10 13:57:24,680 - core.state_manager        - INFO     - 상태 전환: DISTRACTION_DANGER -> DISTRACTION_NORMAL (이벤트: ATTENTION_DECLINE)
2025-07-10 13:57:24,729 - core.state_manager        - INFO     - 상태 전환: DISTRACTION_NORMAL -> DISTRACTION_DANGER (이벤트: ATTENTION_DECLINE)
2025-07-10 13:57:24,776 - core.state_manager        - INFO     - 상태 전환: DISTRACTION_DANGER -> DISTRACTION_NORMAL (이벤트: ATTENTION_DECLINE)
2025-07-10 13:57:24,816 - core.state_manager        - INFO     - 상태 전환: DISTRACTION_NORMAL -> DISTRACTION_DANGER (이벤트: ATTENTION_DECLINE)
2025-07-10 13:57:24,871 - core.state_manager        - INFO     - 상태 전환: DISTRACTION_DANGER -> DISTRACTION_NORMAL (이벤트: ATTENTION_DECLINE)
2025-07-10 13:57:24,912 - core.state_manager        - INFO     - 상태 전환: DISTRACTION_NORMAL -> DISTRACTION_DANGER (이벤트: ATTENTION_DECLINE)
2025-07-10 13:57:27,058 - app                       - ERROR    - 실행 중 오류 발생: Input timestamp must be monotonically increasing.
Traceback (most recent call last):
  File "C:\Users\HKIT\Downloads\DMS_Project\app.py", line 103, in main_async_loop
    self.mediapipe_manager.run_tasks(original_frame.copy())
  File "C:\Users\HKIT\Downloads\DMS_Project\systems\mediapipe_manager.py", line 101, in run_tasks
    self.face_landmarker.detect_async(mp_image, timestamp_ms)
  File "C:\Users\HKIT\AppData\Roaming\Python\Python312\site-packages\mediapipe\tasks\python\vision\face_landmarker.py", line 3237, in detect_async
    self._send_live_stream_data({
  File "C:\Users\HKIT\AppData\Roaming\Python\Python312\site-packages\mediapipe\tasks\python\vision\core\base_vision_task_api.py", line 139, in _send_live_stream_data
    self._runner.send(inputs)
ValueError: Input timestamp must be monotonically increasing.
2025-07-10 13:57:27,146 - systems.performance       - INFO     - 세션 요약 저장: performance_logs\summary_performance_v6_20250710_135701.json
2025-07-10 13:57:27,146 - app                       - INFO     - Enhanced DMS v18 시스템 정리 중...
2025-07-10 13:57:27,146 - systems.mediapipe_manager - INFO     - MediaPipe Task 리소스 정리 시작...
2025-07-10 13:57:29,452 - systems.mediapipe_manager - INFO     - MediaPipe Task 리소스 정리 완료.
2025-07-10 13:57:29,474 - io_handler.video_input    - INFO     - VideoInputManager 리소스 해제 완료.
2025-07-10 13:57:29,489 - app                       - INFO     - 최종 성능 요약 - 평균 FPS: 26.5, 성능 점수: 86.4%
2025-07-10 13:57:29,489 - app                       - INFO     - Enhanced DMS v18 시스템 정리 완료
