2025-07-11 15:52:22,189 - __main__                  - INFO     - [진단] main.py: main() 진입
2025-07-11 15:52:28,847 - __main__                  - INFO     - S-Class 설정 완료: {'input_source': 0, 'user_id': 'default', 'camera_position': <CameraPosition.REARVIEW_MIRROR: '백미러 위치'>, 'enable_calibration': False, 'is_same_driver': True, 'system_type': <AnalysisSystemType.STANDARD: 'standard'>, 'use_legacy_engine': False, 'sclass_features': {'enable_rppg': True, 'enable_saccade': True, 'enable_spinal_analysis': True, 'enable_tremor_fft': True, 'enable_bayesian_prediction': True}}
2025-07-11 15:52:28,850 - app                       - INFO     - [수정] app_fixed.py: DMSApp.__init__ 진입
2025-07-11 15:52:28,852 - systems.performance       - INFO     - PerformanceOptimizer 초기화 완료
2025-07-11 15:52:28,853 - systems.personalization   - INFO     - 사용자 프로필 로드됨: default
2025-07-11 15:52:28,854 - systems.dynamic           - INFO     - DynamicAnalysisEngine 상태 초기화됨.
2025-07-11 15:52:28,854 - systems.dynamic           - INFO     - DynamicAnalysisEngine 초기화 완료
2025-07-11 15:52:28,856 - systems.backup            - INFO     - SensorBackupManager 초기화 완료
2025-07-11 15:52:28,858 - app                       - INFO     - [수정] S-Class 시스템 초기화 완료
2025-07-11 15:52:28,859 - app                       - INFO     - [수정] S-Class DMS 시스템 시작
2025-07-11 15:52:28,864 - app                       - INFO     - [수정] S-Class DMS 시스템 초기화 시작...
2025-07-11 15:52:28,866 - systems.metrics_manager   - INFO     - MetricsManager 초기화 완료 - 히스토리 크기: 900
2025-07-11 15:52:28,868 - integration.integrated_system - INFO     - 새로운 시스템 초기화 시작 - 성능 우선 전략
2025-07-11 15:52:28,868 - analysis.factory.analysis_factory - INFO     - DMS 분석 시스템 생성 시작: standard
2025-07-11 15:52:28,868 - analysis.factory.analysis_factory - INFO     - 지원 기능: advanced_drowsiness_detection, multi_level_distraction_detection, precise_head_pose_tracking, gaze_zone_classification, emotion_recognition...
2025-07-11 15:52:28,869 - analysis.factory.analysis_factory - INFO     - 표준 성능 DMS 시스템 생성 중...
2025-07-11 15:52:28,871 - analysis.fusion.fusion_engine_advanced - INFO     - MultiModalFusionEngine (S-Class) 초기화 완료 - 디지털 신경과학자 준비됨
2025-07-11 15:52:29,061 - analysis.drowsiness       - INFO     - EnhancedDrowsinessDetector 초기화 완료
2025-07-11 15:52:29,061 - analysis.emotion          - INFO     - EmotionRecognitionSystem 초기화 완료
2025-07-11 15:52:29,061 - analysis.gaze             - INFO     - EnhancedSphericalGazeClassifier 초기화: 11개 구역 정의됨
2025-07-11 15:52:29,061 - analysis.identity         - INFO     - 1명의 운전자 프로필 로드됨
2025-07-11 15:52:29,061 - analysis.identity         - INFO     - DriverIdentificationSystem 초기화 완료
2025-07-11 15:52:29,061 - analysis.processors.face_processor_s_class - INFO     - FaceDataProcessor (S-Class) 초기화 완료 - 디지털 심리학자 준비됨
2025-07-11 15:52:29,061 - analysis.processors.pose_processor_s_class - INFO     - PoseDataProcessor (S-Class) 초기화 완료 - 자세 분석 전문가 준비됨
2025-07-11 15:52:29,061 - analysis.processors.hand_processor_s_class - INFO     - HandDataProcessor (S-Class, 인터페이스 통합) 초기화 완료
2025-07-11 15:52:29,061 - analysis.processors.object_processor_s_class - INFO     - ObjectDataProcessor (S-Class) 초기화 완료 - 행동 예측 전문가 준비됨
2025-07-11 15:52:29,061 - analysis.orchestrator.orchestrator_advanced - INFO     - AnalysisOrchestrator (S-Class) 초기화 완료 - 지능형 지휘자 준비됨
2025-07-11 15:52:29,061 - analysis.factory.analysis_factory - INFO     - 표준 DMS 시스템 생성 완료 - 균형 모드 활성화
2025-07-11 15:52:29,074 - analysis.factory.analysis_factory - INFO     - DMS 분석 시스템 생성 완료: standard
2025-07-11 15:52:29,075 - integration.integrated_system - INFO     - ✅ 새로운 standard 시스템 생성 완료
2025-07-11 15:52:29,075 - integration.integrated_system - INFO     - IntegratedDMSSystem 초기화 완료 - 타입: standard, 레거시: False
2025-07-11 15:52:29,075 - events.event_bus          - INFO     - EventBus 초기화 완료 - 중추 신경계 가동 시작
2025-07-11 15:52:29,075 - events.event_bus          - INFO     - EventBus 시작됨 - 모든 우선순위 큐 처리 시작
2025-07-11 15:52:29,075 - events.event_bus          - INFO     - 글로벌 이벤트 시스템 초기화 완료
2025-07-11 15:52:29,075 - events.handlers           - INFO     - SafetyEventHandler 초기화 완료 - 안전 모니터링 시작
2025-07-11 15:52:29,075 - events.event_bus          - INFO     - 글로벌 핸들러 등록: SafetyEventHandler
2025-07-11 15:52:29,075 - events.handlers           - INFO     - AnalyticsEventHandler 초기화 완료 - 성능 모니터링 시작
2025-07-11 15:52:29,075 - events.event_bus          - INFO     - 글로벌 핸들러 등록: AnalyticsEventHandler
2025-07-11 15:52:29,075 - systems.metrics_manager   - INFO     - StateManager와 연결됨
2025-07-11 15:52:29,075 - core.state_manager        - INFO     - MetricsManager와 연결됨
2025-07-11 15:52:29,075 - integration.integrated_system - INFO     - IntegratedDMSSystem 비동기 초기화 완료
2025-07-11 15:52:29,075 - systems.personalization   - INFO     - 사용자 프로필 로드됨: default
2025-07-11 15:52:29,075 - systems.personalization   - INFO     - PersonalizationEngine for default initialized.
2025-07-11 15:52:29,075 - systems.dynamic           - INFO     - DynamicAnalysisEngine 상태 초기화됨.
2025-07-11 15:52:29,075 - systems.dynamic           - INFO     - DynamicAnalysisEngine for async initialized.
2025-07-11 15:52:29,075 - app                       - INFO     - [수정] 모든 S-Class 비동기 컴포넌트 초기화 완료
2025-07-11 15:52:29,075 - systems.performance       - INFO     - PerformanceOptimizer 초기화 완료
2025-07-11 15:52:29,075 - systems.mediapipe_manager - INFO     - Windows/개발 환경 감지: models/face_landmarker.task에 CPU 모드 적용
2025-07-11 15:52:29,273 - systems.mediapipe_manager - INFO     - ✅ FaceLandmarker 초기화 완료
2025-07-11 15:52:29,273 - systems.mediapipe_manager - INFO     - Windows/개발 환경 감지: models/pose_landmarker_full.task에 CPU 모드 적용
2025-07-11 15:52:29,674 - systems.mediapipe_manager - INFO     - ✅ PoseLandmarker 초기화 완료
2025-07-11 15:52:29,674 - systems.mediapipe_manager - INFO     - Windows/개발 환경 감지: models/hand_landmarker.task에 CPU 모드 적용
2025-07-11 15:52:29,863 - systems.mediapipe_manager - INFO     - ✅ HandLandmarker 초기화 완료
2025-07-11 15:52:29,864 - systems.mediapipe_manager - INFO     - Windows/개발 환경 감지: models/efficientdet_lite0.tflite에 CPU 모드 적용
2025-07-11 15:52:30,031 - systems.mediapipe_manager - INFO     - ✅ ObjectDetector 초기화 완료
2025-07-11 15:52:30,031 - systems.mediapipe_manager - INFO     - MediaPipe 태스크 초기화 완료: 4/4 성공
2025-07-11 15:52:30,032 - app                       - INFO     - IntegratedCallbackAdapter 초기화 완료
2025-07-11 15:52:30,032 - io_handler.video_input    - INFO     - [진단] video_input.initialize 진입
2025-07-11 15:52:30,032 - io_handler.video_input    - INFO     - [진단] video_input.initialize - self.input_source=0
2025-07-11 15:52:30,033 - io_handler.video_input    - INFO     - 웹캠 모드 - 디바이스 0
2025-07-11 15:52:30,033 - io_handler.video_input    - INFO     - Windows/개발 환경: 표준 웹캠 캡처 사용 (디바이스: 0)
2025-07-11 15:52:55,706 - io_handler.video_input    - INFO     - 웹캠 테스트 성공: (480, 640, 3)
2025-07-11 15:52:55,706 - io_handler.video_input    - INFO     - VideoCapture 객체 성공적으로 생성됨
2025-07-11 15:52:55,722 - io_handler.video_input    - INFO     - [진단] VideoCapture backend: MSMF, codec:    , 총 프레임: -1
2025-07-11 15:52:55,724 - io_handler.video_input    - INFO     - [진단] video_input._reader_thread 진입
2025-07-11 15:52:55,724 - io_handler.video_input    - INFO     - 리더 스레드 시작 대기 중...
2025-07-11 15:52:55,729 - io_handler.video_input    - INFO     - [진단] video_input._reader_thread cap.read(): ret=True, frame type=<class 'numpy.ndarray'>, shape=(480, 640, 3)
2025-07-11 15:52:55,729 - io_handler.video_input    - INFO     - [진단] video_input._reader_thread self.current_frame 갱신: shape=(480, 640, 3)
2025-07-11 15:52:55,736 - io_handler.video_input    - INFO     - [진단] video_input._reader_thread cap.read(): ret=True, frame type=<class 'numpy.ndarray'>, shape=(480, 640, 3)
2025-07-11 15:52:55,736 - io_handler.video_input    - INFO     - [진단] video_input._reader_thread self.current_frame 갱신: shape=(480, 640, 3)
2025-07-11 15:52:55,744 - io_handler.video_input    - INFO     - [진단] video_input._reader_thread cap.read(): ret=True, frame type=<class 'numpy.ndarray'>, shape=(480, 640, 3)
2025-07-11 15:52:55,745 - io_handler.video_input    - INFO     - [진단] video_input._reader_thread self.current_frame 갱신: shape=(480, 640, 3)
2025-07-11 15:52:55,749 - io_handler.video_input    - INFO     - [진단] video_input._reader_thread cap.read(): ret=True, frame type=<class 'numpy.ndarray'>, shape=(480, 640, 3)
2025-07-11 15:52:55,750 - io_handler.video_input    - INFO     - [진단] video_input._reader_thread self.current_frame 갱신: shape=(480, 640, 3)
2025-07-11 15:52:55,783 - io_handler.video_input    - INFO     - [진단] video_input._reader_thread cap.read(): ret=True, frame type=<class 'numpy.ndarray'>, shape=(480, 640, 3)
2025-07-11 15:52:55,783 - io_handler.video_input    - INFO     - [진단] video_input._reader_thread self.current_frame 갱신: shape=(480, 640, 3)
2025-07-11 15:52:55,815 - io_handler.video_input    - INFO     - [진단] video_input._reader_thread cap.read(): ret=True, frame type=<class 'numpy.ndarray'>, shape=(480, 640, 3)
2025-07-11 15:52:55,816 - io_handler.video_input    - INFO     - [진단] video_input._reader_thread self.current_frame 갱신: shape=(480, 640, 3)
2025-07-11 15:52:55,846 - io_handler.video_input    - INFO     - [진단] video_input._reader_thread cap.read(): ret=True, frame type=<class 'numpy.ndarray'>, shape=(480, 640, 3)
2025-07-11 15:52:55,846 - io_handler.video_input    - INFO     - [진단] video_input._reader_thread self.current_frame 갱신: shape=(480, 640, 3)
2025-07-11 15:52:55,880 - io_handler.video_input    - INFO     - [진단] video_input._reader_thread cap.read(): ret=True, frame type=<class 'numpy.ndarray'>, shape=(480, 640, 3)
2025-07-11 15:52:55,881 - io_handler.video_input    - INFO     - [진단] video_input._reader_thread self.current_frame 갱신: shape=(480, 640, 3)
2025-07-11 15:52:55,925 - io_handler.video_input    - INFO     - [진단] video_input._reader_thread cap.read(): ret=True, frame type=<class 'numpy.ndarray'>, shape=(480, 640, 3)
2025-07-11 15:52:55,926 - io_handler.video_input    - INFO     - [진단] video_input._reader_thread self.current_frame 갱신: shape=(480, 640, 3)
2025-07-11 15:52:55,954 - io_handler.video_input    - INFO     - [진단] video_input._reader_thread cap.read(): ret=True, frame type=<class 'numpy.ndarray'>, shape=(480, 640, 3)
2025-07-11 15:52:55,957 - io_handler.video_input    - INFO     - [진단] video_input._reader_thread self.current_frame 갱신: shape=(480, 640, 3)
2025-07-11 15:52:55,987 - io_handler.video_input    - INFO     - [진단] video_input._reader_thread cap.read(): ret=True, frame type=<class 'numpy.ndarray'>, shape=(480, 640, 3)
2025-07-11 15:52:55,987 - io_handler.video_input    - INFO     - [진단] video_input._reader_thread self.current_frame 갱신: shape=(480, 640, 3)
2025-07-11 15:52:56,020 - io_handler.video_input    - INFO     - [진단] video_input._reader_thread cap.read(): ret=True, frame type=<class 'numpy.ndarray'>, shape=(480, 640, 3)
2025-07-11 15:52:56,020 - io_handler.video_input    - INFO     - [진단] video_input._reader_thread self.current_frame 갱신: shape=(480, 640, 3)
2025-07-11 15:52:56,054 - io_handler.video_input    - INFO     - [진단] video_input._reader_thread cap.read(): ret=True, frame type=<class 'numpy.ndarray'>, shape=(480, 640, 3)
2025-07-11 15:52:56,054 - io_handler.video_input    - INFO     - [진단] video_input._reader_thread self.current_frame 갱신: shape=(480, 640, 3)
2025-07-11 15:52:56,085 - io_handler.video_input    - INFO     - [진단] video_input._reader_thread cap.read(): ret=True, frame type=<class 'numpy.ndarray'>, shape=(480, 640, 3)
2025-07-11 15:52:56,085 - io_handler.video_input    - INFO     - [진단] video_input._reader_thread self.current_frame 갱신: shape=(480, 640, 3)
2025-07-11 15:52:56,118 - io_handler.video_input    - INFO     - [진단] video_input._reader_thread cap.read(): ret=True, frame type=<class 'numpy.ndarray'>, shape=(480, 640, 3)
2025-07-11 15:52:56,118 - io_handler.video_input    - INFO     - [진단] video_input._reader_thread self.current_frame 갱신: shape=(480, 640, 3)
2025-07-11 15:52:56,147 - io_handler.video_input    - INFO     - [진단] video_input._reader_thread cap.read(): ret=True, frame type=<class 'numpy.ndarray'>, shape=(480, 640, 3)
2025-07-11 15:52:56,148 - io_handler.video_input    - INFO     - [진단] video_input._reader_thread self.current_frame 갱신: shape=(480, 640, 3)
2025-07-11 15:52:56,183 - io_handler.video_input    - INFO     - [진단] video_input._reader_thread cap.read(): ret=True, frame type=<class 'numpy.ndarray'>, shape=(480, 640, 3)
2025-07-11 15:52:56,183 - io_handler.video_input    - INFO     - [진단] video_input._reader_thread self.current_frame 갱신: shape=(480, 640, 3)
2025-07-11 15:52:56,215 - io_handler.video_input    - INFO     - [진단] video_input._reader_thread cap.read(): ret=True, frame type=<class 'numpy.ndarray'>, shape=(480, 640, 3)
2025-07-11 15:52:56,215 - io_handler.video_input    - INFO     - [진단] video_input._reader_thread self.current_frame 갱신: shape=(480, 640, 3)
2025-07-11 15:52:56,225 - io_handler.video_input    - INFO     - 첫 번째 프레임 대기 중 (최대 5.0초)...
2025-07-11 15:52:56,225 - io_handler.video_input    - INFO     - ✅ 첫 번째 프레임 수신 성공
2025-07-11 15:52:56,226 - io_handler.video_input    - INFO     - ✅ 입력 소스 초기화 및 스레드 시작 완료
2025-07-11 15:52:56,226 - app                       - INFO     - [수정] S-Class DMS 시스템 v18+ (통합 수정) 초기화 완료
2025-07-11 15:52:56,226 - app                       - INFO     - [수정] S-Class 통합 시스템 시작
2025-07-11 15:52:56,246 - io_handler.video_input    - INFO     - [진단] video_input._reader_thread cap.read(): ret=True, frame type=<class 'numpy.ndarray'>, shape=(480, 640, 3)
2025-07-11 15:52:56,247 - io_handler.video_input    - INFO     - [진단] video_input._reader_thread self.current_frame 갱신: shape=(480, 640, 3)
2025-07-11 15:52:56,280 - io_handler.video_input    - INFO     - [진단] video_input._reader_thread cap.read(): ret=True, frame type=<class 'numpy.ndarray'>, shape=(480, 640, 3)
2025-07-11 15:52:56,281 - io_handler.video_input    - INFO     - [진단] video_input._reader_thread self.current_frame 갱신: shape=(480, 640, 3)
2025-07-11 15:52:56,309 - io_handler.video_input    - INFO     - [진단] video_input._reader_thread cap.read(): ret=True, frame type=<class 'numpy.ndarray'>, shape=(480, 640, 3)
2025-07-11 15:52:56,310 - io_handler.video_input    - INFO     - [진단] video_input._reader_thread self.current_frame 갱신: shape=(480, 640, 3)
2025-07-11 15:52:56,391 - io_handler.video_input    - INFO     - [진단] video_input._reader_thread cap.read(): ret=True, frame type=<class 'numpy.ndarray'>, shape=(480, 640, 3)
2025-07-11 15:52:56,394 - io_handler.video_input    - INFO     - [진단] video_input._reader_thread self.current_frame 갱신: shape=(480, 640, 3)
2025-07-11 15:52:56,398 - io_handler.video_input    - INFO     - [진단] video_input._reader_thread cap.read(): ret=True, frame type=<class 'numpy.ndarray'>, shape=(480, 640, 3)
2025-07-11 15:52:56,398 - io_handler.video_input    - INFO     - [진단] video_input._reader_thread self.current_frame 갱신: shape=(480, 640, 3)
2025-07-11 15:52:56,420 - io_handler.video_input    - INFO     - [진단] video_input._reader_thread cap.read(): ret=True, frame type=<class 'numpy.ndarray'>, shape=(480, 640, 3)
2025-07-11 15:52:56,420 - io_handler.video_input    - INFO     - [진단] video_input._reader_thread self.current_frame 갱신: shape=(480, 640, 3)
2025-07-11 15:52:56,454 - io_handler.video_input    - INFO     - [진단] video_input._reader_thread cap.read(): ret=True, frame type=<class 'numpy.ndarray'>, shape=(480, 640, 3)
2025-07-11 15:52:56,456 - io_handler.video_input    - INFO     - [진단] video_input._reader_thread self.current_frame 갱신: shape=(480, 640, 3)
2025-07-11 15:52:56,483 - systems.mediapipe_manager - INFO     - [진단] Pose result callback: landmarks=NO, count=0
2025-07-11 15:52:56,489 - io_handler.video_input    - INFO     - [진단] video_input._reader_thread cap.read(): ret=True, frame type=<class 'numpy.ndarray'>, shape=(480, 640, 3)
2025-07-11 15:52:56,493 - io_handler.video_input    - INFO     - [진단] video_input._reader_thread self.current_frame 갱신: shape=(480, 640, 3)
2025-07-11 15:52:56,514 - systems.mediapipe_manager - INFO     - [진단] Face result callback: landmarks=YES, count=1
2025-07-11 15:52:56,516 - io_handler.video_input    - INFO     - [진단] video_input._reader_thread cap.read(): ret=True, frame type=<class 'numpy.ndarray'>, shape=(480, 640, 3)
2025-07-11 15:52:56,517 - io_handler.video_input    - INFO     - [진단] video_input._reader_thread self.current_frame 갱신: shape=(480, 640, 3)
2025-07-11 15:52:56,526 - systems.mediapipe_manager - INFO     - [진단] Face result callback: landmarks=YES, count=1
2025-07-11 15:52:56,553 - systems.mediapipe_manager - INFO     - [진단] Face result callback: landmarks=YES, count=1
2025-07-11 15:52:56,553 - io_handler.video_input    - INFO     - [진단] video_input._reader_thread cap.read(): ret=True, frame type=<class 'numpy.ndarray'>, shape=(480, 640, 3)
2025-07-11 15:52:56,554 - systems.mediapipe_manager - INFO     - [진단] Pose result callback: landmarks=NO, count=0
2025-07-11 15:52:56,554 - io_handler.video_input    - INFO     - [진단] video_input._reader_thread self.current_frame 갱신: shape=(480, 640, 3)
2025-07-11 15:52:56,584 - io_handler.video_input    - INFO     - [진단] video_input._reader_thread cap.read(): ret=True, frame type=<class 'numpy.ndarray'>, shape=(480, 640, 3)
2025-07-11 15:52:56,586 - io_handler.video_input    - INFO     - [진단] video_input._reader_thread self.current_frame 갱신: shape=(480, 640, 3)
2025-07-11 15:52:56,598 - systems.mediapipe_manager - INFO     - [진단] Face result callback: landmarks=YES, count=1
2025-07-11 15:52:56,611 - systems.mediapipe_manager - INFO     - [진단] Pose result callback: landmarks=NO, count=0
2025-07-11 15:52:56,614 - io_handler.video_input    - INFO     - [진단] video_input._reader_thread cap.read(): ret=True, frame type=<class 'numpy.ndarray'>, shape=(480, 640, 3)
2025-07-11 15:52:56,616 - io_handler.video_input    - INFO     - [진단] video_input._reader_thread self.current_frame 갱신: shape=(480, 640, 3)
2025-07-11 15:52:56,644 - systems.mediapipe_manager - INFO     - [진단] Face result callback: landmarks=YES, count=1
2025-07-11 15:52:56,645 - io_handler.video_input    - INFO     - [진단] video_input._reader_thread cap.read(): ret=True, frame type=<class 'numpy.ndarray'>, shape=(480, 640, 3)
2025-07-11 15:52:56,646 - io_handler.video_input    - INFO     - [진단] video_input._reader_thread self.current_frame 갱신: shape=(480, 640, 3)
2025-07-11 15:52:56,654 - systems.mediapipe_manager - INFO     - [진단] Pose result callback: landmarks=NO, count=0
2025-07-11 15:52:56,681 - io_handler.video_input    - INFO     - [진단] video_input._reader_thread cap.read(): ret=True, frame type=<class 'numpy.ndarray'>, shape=(480, 640, 3)
2025-07-11 15:52:56,682 - io_handler.video_input    - INFO     - [진단] video_input._reader_thread self.current_frame 갱신: shape=(480, 640, 3)
2025-07-11 15:52:56,698 - systems.mediapipe_manager - INFO     - [진단] Face result callback: landmarks=YES, count=1
2025-07-11 15:52:56,710 - io_handler.video_input    - INFO     - [진단] video_input._reader_thread cap.read(): ret=True, frame type=<class 'numpy.ndarray'>, shape=(480, 640, 3)
2025-07-11 15:52:56,711 - io_handler.video_input    - INFO     - [진단] video_input._reader_thread self.current_frame 갱신: shape=(480, 640, 3)
2025-07-11 15:52:56,713 - systems.mediapipe_manager - INFO     - [진단] Pose result callback: landmarks=NO, count=0
2025-07-11 15:52:56,728 - systems.mediapipe_manager - INFO     - [진단] Face result callback: landmarks=YES, count=1
2025-07-11 15:52:56,758 - io_handler.video_input    - INFO     - [진단] video_input._reader_thread cap.read(): ret=True, frame type=<class 'numpy.ndarray'>, shape=(480, 640, 3)
2025-07-11 15:52:56,760 - io_handler.video_input    - INFO     - [진단] video_input._reader_thread self.current_frame 갱신: shape=(480, 640, 3)
2025-07-11 15:52:56,767 - systems.mediapipe_manager - INFO     - [진단] Pose result callback: landmarks=NO, count=0
2025-07-11 15:52:56,777 - systems.mediapipe_manager - INFO     - [진단] Face result callback: landmarks=YES, count=1
2025-07-11 15:52:56,788 - io_handler.video_input    - INFO     - [진단] video_input._reader_thread cap.read(): ret=True, frame type=<class 'numpy.ndarray'>, shape=(480, 640, 3)
2025-07-11 15:52:56,789 - io_handler.video_input    - INFO     - [진단] video_input._reader_thread self.current_frame 갱신: shape=(480, 640, 3)
2025-07-11 15:52:56,819 - systems.mediapipe_manager - INFO     - [진단] Pose result callback: landmarks=NO, count=0
2025-07-11 15:52:56,820 - io_handler.video_input    - INFO     - [진단] video_input._reader_thread cap.read(): ret=True, frame type=<class 'numpy.ndarray'>, shape=(480, 640, 3)
2025-07-11 15:52:56,820 - io_handler.video_input    - INFO     - [진단] video_input._reader_thread self.current_frame 갱신: shape=(480, 640, 3)
2025-07-11 15:52:56,823 - systems.mediapipe_manager - INFO     - [진단] Face result callback: landmarks=YES, count=1
2025-07-11 15:52:56,854 - io_handler.video_input    - INFO     - [진단] video_input._reader_thread cap.read(): ret=True, frame type=<class 'numpy.ndarray'>, shape=(480, 640, 3)
2025-07-11 15:52:56,859 - systems.mediapipe_manager - INFO     - [진단] Face result callback: landmarks=YES, count=1
2025-07-11 15:52:56,860 - io_handler.video_input    - INFO     - [진단] video_input._reader_thread self.current_frame 갱신: shape=(480, 640, 3)
2025-07-11 15:52:56,860 - app                       - INFO     - Frame 10: Face=YES, Pose=NO, Hand=NO | Fatigue=0.00, Distraction=0.00, Confidence=0.00
2025-07-11 15:52:56,866 - systems.mediapipe_manager - INFO     - [진단] Pose result callback: landmarks=NO, count=0
2025-07-11 15:52:56,885 - io_handler.video_input    - INFO     - [진단] video_input._reader_thread cap.read(): ret=True, frame type=<class 'numpy.ndarray'>, shape=(480, 640, 3)
2025-07-11 15:52:56,885 - io_handler.video_input    - INFO     - [진단] video_input._reader_thread self.current_frame 갱신: shape=(480, 640, 3)
2025-07-11 15:52:56,917 - systems.mediapipe_manager - INFO     - [진단] Pose result callback: landmarks=NO, count=0
2025-07-11 15:52:56,917 - io_handler.video_input    - INFO     - [진단] video_input._reader_thread cap.read(): ret=True, frame type=<class 'numpy.ndarray'>, shape=(480, 640, 3)
2025-07-11 15:52:56,917 - io_handler.video_input    - INFO     - [진단] video_input._reader_thread self.current_frame 갱신: shape=(480, 640, 3)
2025-07-11 15:52:56,934 - systems.mediapipe_manager - INFO     - [진단] Face result callback: landmarks=YES, count=1
2025-07-11 15:52:56,951 - io_handler.video_input    - INFO     - [진단] video_input._reader_thread cap.read(): ret=True, frame type=<class 'numpy.ndarray'>, shape=(480, 640, 3)
2025-07-11 15:52:56,951 - io_handler.video_input    - INFO     - [진단] video_input._reader_thread self.current_frame 갱신: shape=(480, 640, 3)
2025-07-11 15:52:56,974 - systems.mediapipe_manager - INFO     - [진단] Pose result callback: landmarks=NO, count=0
2025-07-11 15:52:56,986 - io_handler.video_input    - INFO     - [진단] video_input._reader_thread cap.read(): ret=True, frame type=<class 'numpy.ndarray'>, shape=(480, 640, 3)
2025-07-11 15:52:56,991 - io_handler.video_input    - INFO     - [진단] video_input._reader_thread self.current_frame 갱신: shape=(480, 640, 3)
2025-07-11 15:52:57,009 - systems.mediapipe_manager - INFO     - [진단] Face result callback: landmarks=YES, count=1
2025-07-11 15:52:57,015 - io_handler.video_input    - INFO     - [진단] video_input._reader_thread cap.read(): ret=True, frame type=<class 'numpy.ndarray'>, shape=(480, 640, 3)
2025-07-11 15:52:57,021 - io_handler.video_input    - INFO     - [진단] video_input._reader_thread self.current_frame 갱신: shape=(480, 640, 3)
2025-07-11 15:52:57,048 - systems.mediapipe_manager - INFO     - [진단] Face result callback: landmarks=YES, count=1
2025-07-11 15:52:57,049 - io_handler.video_input    - INFO     - [진단] video_input._reader_thread cap.read(): ret=True, frame type=<class 'numpy.ndarray'>, shape=(480, 640, 3)
2025-07-11 15:52:57,049 - io_handler.video_input    - INFO     - [진단] video_input._reader_thread self.current_frame 갱신: shape=(480, 640, 3)
2025-07-11 15:52:57,062 - systems.mediapipe_manager - INFO     - [진단] Pose result callback: landmarks=NO, count=0
2025-07-11 15:52:57,082 - io_handler.video_input    - INFO     - [진단] video_input._reader_thread cap.read(): ret=True, frame type=<class 'numpy.ndarray'>, shape=(480, 640, 3)
2025-07-11 15:52:57,096 - io_handler.video_input    - INFO     - [진단] video_input._reader_thread self.current_frame 갱신: shape=(480, 640, 3)
2025-07-11 15:52:57,102 - systems.mediapipe_manager - INFO     - [진단] Face result callback: landmarks=YES, count=1
2025-07-11 15:52:57,116 - io_handler.video_input    - INFO     - [진단] video_input._reader_thread cap.read(): ret=True, frame type=<class 'numpy.ndarray'>, shape=(480, 640, 3)
2025-07-11 15:52:57,121 - io_handler.video_input    - INFO     - [진단] video_input._reader_thread self.current_frame 갱신: shape=(480, 640, 3)
2025-07-11 15:52:57,129 - systems.mediapipe_manager - INFO     - [진단] Pose result callback: landmarks=NO, count=0
2025-07-11 15:52:57,159 - io_handler.video_input    - INFO     - [진단] video_input._reader_thread cap.read(): ret=True, frame type=<class 'numpy.ndarray'>, shape=(480, 640, 3)
2025-07-11 15:52:57,162 - io_handler.video_input    - INFO     - [진단] video_input._reader_thread self.current_frame 갱신: shape=(480, 640, 3)
2025-07-11 15:52:57,165 - systems.mediapipe_manager - INFO     - [진단] Face result callback: landmarks=YES, count=1
2025-07-11 15:52:57,192 - io_handler.video_input    - INFO     - [진단] video_input._reader_thread cap.read(): ret=True, frame type=<class 'numpy.ndarray'>, shape=(480, 640, 3)
2025-07-11 15:52:57,219 - systems.mediapipe_manager - INFO     - [진단] Face result callback: landmarks=YES, count=1
2025-07-11 15:52:57,248 - io_handler.video_input    - INFO     - [진단] video_input._reader_thread self.current_frame 갱신: shape=(480, 640, 3)
2025-07-11 15:52:57,267 - systems.mediapipe_manager - INFO     - [진단] Pose result callback: landmarks=NO, count=0
2025-07-11 15:52:57,273 - systems.mediapipe_manager - INFO     - [진단] Face result callback: landmarks=YES, count=1
2025-07-11 15:52:57,285 - io_handler.video_input    - INFO     - [진단] video_input._reader_thread cap.read(): ret=True, frame type=<class 'numpy.ndarray'>, shape=(480, 640, 3)
2025-07-11 15:52:57,287 - io_handler.video_input    - INFO     - [진단] video_input._reader_thread self.current_frame 갱신: shape=(480, 640, 3)
2025-07-11 15:52:57,300 - io_handler.video_input    - INFO     - [진단] video_input._reader_thread cap.read(): ret=True, frame type=<class 'numpy.ndarray'>, shape=(480, 640, 3)
2025-07-11 15:52:57,308 - systems.mediapipe_manager - INFO     - [진단] Face result callback: landmarks=YES, count=1
2025-07-11 15:52:57,331 - io_handler.video_input    - INFO     - [진단] video_input._reader_thread self.current_frame 갱신: shape=(480, 640, 3)
2025-07-11 15:52:57,332 - systems.mediapipe_manager - INFO     - [진단] Pose result callback: landmarks=NO, count=0
2025-07-11 15:52:57,336 - io_handler.video_input    - INFO     - [진단] video_input._reader_thread cap.read(): ret=True, frame type=<class 'numpy.ndarray'>, shape=(480, 640, 3)
2025-07-11 15:52:57,337 - io_handler.video_input    - INFO     - [진단] video_input._reader_thread self.current_frame 갱신: shape=(480, 640, 3)
2025-07-11 15:52:57,349 - systems.mediapipe_manager - INFO     - [진단] Face result callback: landmarks=YES, count=1
2025-07-11 15:52:57,350 - io_handler.video_input    - INFO     - [진단] video_input._reader_thread cap.read(): ret=True, frame type=<class 'numpy.ndarray'>, shape=(480, 640, 3)
2025-07-11 15:52:57,351 - io_handler.video_input    - INFO     - [진단] video_input._reader_thread self.current_frame 갱신: shape=(480, 640, 3)
2025-07-11 15:52:57,356 - io_handler.video_input    - INFO     - [진단] video_input._reader_thread cap.read(): ret=True, frame type=<class 'numpy.ndarray'>, shape=(480, 640, 3)
2025-07-11 15:52:57,358 - app                       - INFO     - Frame 20: Face=YES, Pose=NO, Hand=NO | Fatigue=0.00, Distraction=0.00, Confidence=0.00
2025-07-11 15:52:57,359 - io_handler.video_input    - INFO     - [진단] video_input._reader_thread self.current_frame 갱신: shape=(480, 640, 3)
2025-07-11 15:52:57,380 - systems.mediapipe_manager - INFO     - [진단] Face result callback: landmarks=YES, count=1
2025-07-11 15:52:57,381 - io_handler.video_input    - INFO     - [진단] video_input._reader_thread cap.read(): ret=True, frame type=<class 'numpy.ndarray'>, shape=(480, 640, 3)
2025-07-11 15:52:57,381 - systems.mediapipe_manager - INFO     - [진단] Pose result callback: landmarks=NO, count=0
2025-07-11 15:52:57,382 - io_handler.video_input    - INFO     - [진단] video_input._reader_thread self.current_frame 갱신: shape=(480, 640, 3)
2025-07-11 15:52:57,413 - io_handler.video_input    - INFO     - [진단] video_input._reader_thread cap.read(): ret=True, frame type=<class 'numpy.ndarray'>, shape=(480, 640, 3)
2025-07-11 15:52:57,414 - io_handler.video_input    - INFO     - [진단] video_input._reader_thread self.current_frame 갱신: shape=(480, 640, 3)
2025-07-11 15:52:57,420 - systems.mediapipe_manager - INFO     - [진단] Face result callback: landmarks=YES, count=1
2025-07-11 15:52:57,451 - io_handler.video_input    - INFO     - [진단] video_input._reader_thread cap.read(): ret=True, frame type=<class 'numpy.ndarray'>, shape=(480, 640, 3)
2025-07-11 15:52:57,455 - io_handler.video_input    - INFO     - [진단] video_input._reader_thread self.current_frame 갱신: shape=(480, 640, 3)
2025-07-11 15:52:57,472 - systems.mediapipe_manager - INFO     - [진단] Face result callback: landmarks=YES, count=1
2025-07-11 15:52:57,486 - io_handler.video_input    - INFO     - [진단] video_input._reader_thread cap.read(): ret=True, frame type=<class 'numpy.ndarray'>, shape=(480, 640, 3)
2025-07-11 15:52:57,486 - io_handler.video_input    - INFO     - [진단] video_input._reader_thread self.current_frame 갱신: shape=(480, 640, 3)
2025-07-11 15:52:57,519 - io_handler.video_input    - INFO     - [진단] video_input._reader_thread cap.read(): ret=True, frame type=<class 'numpy.ndarray'>, shape=(480, 640, 3)
2025-07-11 15:52:57,520 - io_handler.video_input    - INFO     - [진단] video_input._reader_thread self.current_frame 갱신: shape=(480, 640, 3)
2025-07-11 15:52:57,544 - systems.mediapipe_manager - INFO     - [진단] Face result callback: landmarks=YES, count=1
2025-07-11 15:52:57,566 - io_handler.video_input    - INFO     - [진단] video_input._reader_thread cap.read(): ret=True, frame type=<class 'numpy.ndarray'>, shape=(480, 640, 3)
2025-07-11 15:52:57,601 - io_handler.video_input    - INFO     - [진단] video_input._reader_thread self.current_frame 갱신: shape=(480, 640, 3)
2025-07-11 15:52:57,607 - io_handler.video_input    - INFO     - [진단] video_input._reader_thread cap.read(): ret=True, frame type=<class 'numpy.ndarray'>, shape=(480, 640, 3)
2025-07-11 15:52:57,618 - io_handler.video_input    - INFO     - [진단] video_input._reader_thread self.current_frame 갱신: shape=(480, 640, 3)
2025-07-11 15:52:57,638 - io_handler.video_input    - INFO     - [진단] video_input._reader_thread cap.read(): ret=True, frame type=<class 'numpy.ndarray'>, shape=(480, 640, 3)
2025-07-11 15:52:57,649 - io_handler.video_input    - INFO     - [진단] video_input._reader_thread self.current_frame 갱신: shape=(480, 640, 3)
2025-07-11 15:52:57,685 - io_handler.video_input    - INFO     - [진단] video_input._reader_thread cap.read(): ret=True, frame type=<class 'numpy.ndarray'>, shape=(480, 640, 3)
2025-07-11 15:52:57,741 - io_handler.video_input    - INFO     - [진단] video_input._reader_thread self.current_frame 갱신: shape=(480, 640, 3)
2025-07-11 15:52:58,490 - systems.mediapipe_manager - INFO     - [진단] Face result callback: landmarks=YES, count=1
2025-07-11 15:52:58,515 - systems.mediapipe_manager - INFO     - [진단] Pose result callback: landmarks=YES, count=1
2025-07-11 15:52:58,515 - io_handler.video_input    - INFO     - [진단] video_input._reader_thread cap.read(): ret=True, frame type=<class 'numpy.ndarray'>, shape=(480, 640, 3)
2025-07-11 15:52:58,548 - systems.mediapipe_manager - INFO     - [진단] Face result callback: landmarks=YES, count=1
2025-07-11 15:52:58,556 - io_handler.video_input    - INFO     - [진단] video_input._reader_thread self.current_frame 갱신: shape=(480, 640, 3)
2025-07-11 15:52:58,579 - systems.mediapipe_manager - INFO     - [진단] Pose result callback: landmarks=YES, count=1
2025-07-11 15:52:58,594 - systems.mediapipe_manager - INFO     - [진단] Pose result callback: landmarks=YES, count=1
2025-07-11 15:52:58,595 - io_handler.video_input    - INFO     - [진단] video_input._reader_thread cap.read(): ret=True, frame type=<class 'numpy.ndarray'>, shape=(480, 640, 3)
2025-07-11 15:52:58,599 - systems.mediapipe_manager - INFO     - [진단] Face result callback: landmarks=YES, count=1
2025-07-11 15:52:58,600 - io_handler.video_input    - INFO     - [진단] video_input._reader_thread self.current_frame 갱신: shape=(480, 640, 3)
2025-07-11 15:52:58,610 - systems.mediapipe_manager - INFO     - [진단] Pose result callback: landmarks=YES, count=1
2025-07-11 15:52:58,618 - io_handler.video_input    - INFO     - [진단] video_input._reader_thread cap.read(): ret=True, frame type=<class 'numpy.ndarray'>, shape=(480, 640, 3)
2025-07-11 15:52:58,628 - systems.mediapipe_manager - INFO     - [진단] Pose result callback: landmarks=YES, count=1
2025-07-11 15:52:58,635 - io_handler.video_input    - INFO     - [진단] video_input._reader_thread self.current_frame 갱신: shape=(480, 640, 3)
2025-07-11 15:52:58,648 - io_handler.video_input    - INFO     - [진단] video_input._reader_thread cap.read(): ret=True, frame type=<class 'numpy.ndarray'>, shape=(480, 640, 3)
2025-07-11 15:52:58,652 - io_handler.video_input    - INFO     - [진단] video_input._reader_thread self.current_frame 갱신: shape=(480, 640, 3)
2025-07-11 15:52:58,657 - systems.mediapipe_manager - INFO     - [진단] Face result callback: landmarks=NO, count=0
2025-07-11 15:52:58,660 - io_handler.video_input    - INFO     - [진단] video_input._reader_thread cap.read(): ret=True, frame type=<class 'numpy.ndarray'>, shape=(480, 640, 3)
2025-07-11 15:52:58,667 - io_handler.video_input    - INFO     - [진단] video_input._reader_thread self.current_frame 갱신: shape=(480, 640, 3)
2025-07-11 15:52:58,673 - io_handler.video_input    - INFO     - [진단] video_input._reader_thread cap.read(): ret=True, frame type=<class 'numpy.ndarray'>, shape=(480, 640, 3)
2025-07-11 15:52:58,677 - io_handler.video_input    - INFO     - [진단] video_input._reader_thread self.current_frame 갱신: shape=(480, 640, 3)
2025-07-11 15:52:58,687 - io_handler.video_input    - INFO     - [진단] video_input._reader_thread cap.read(): ret=True, frame type=<class 'numpy.ndarray'>, shape=(480, 640, 3)
2025-07-11 15:52:58,711 - io_handler.video_input    - INFO     - [진단] video_input._reader_thread self.current_frame 갱신: shape=(480, 640, 3)
2025-07-11 15:52:58,716 - io_handler.video_input    - INFO     - [진단] video_input._reader_thread cap.read(): ret=True, frame type=<class 'numpy.ndarray'>, shape=(480, 640, 3)
2025-07-11 15:52:58,727 - io_handler.video_input    - INFO     - [진단] video_input._reader_thread self.current_frame 갱신: shape=(480, 640, 3)
2025-07-11 15:52:58,765 - systems.mediapipe_manager - INFO     - [진단] Face result callback: landmarks=YES, count=1
2025-07-11 15:52:58,782 - systems.performance       - WARNING  - 성능 최적화 모드 활성화
2025-07-11 15:52:58,785 - io_handler.video_input    - INFO     - [진단] video_input._reader_thread cap.read(): ret=True, frame type=<class 'numpy.ndarray'>, shape=(480, 640, 3)
2025-07-11 15:52:58,798 - systems.mediapipe_manager - INFO     - [진단] Pose result callback: landmarks=YES, count=1
2025-07-11 15:52:58,799 - systems.performance       - INFO     - 적용 전략: 프레임 스키핑 증가
2025-07-11 15:52:58,800 - io_handler.video_input    - INFO     - [진단] video_input._reader_thread self.current_frame 갱신: shape=(480, 640, 3)
2025-07-11 15:52:58,828 - systems.performance       - INFO     - 적용 전략: 분석 해상도 감소
2025-07-11 15:52:58,833 - systems.mediapipe_manager - INFO     - [진단] Face result callback: landmarks=YES, count=1
2025-07-11 15:52:58,838 - systems.performance       - INFO     - 적용 전략: 일부 분석 기능 비활성화
2025-07-11 15:52:58,843 - systems.mediapipe_manager - INFO     - [진단] Face result callback: landmarks=YES, count=1
2025-07-11 15:52:58,855 - systems.performance       - INFO     - 적용 전략: 메모리 정리 강화
2025-07-11 15:52:58,870 - io_handler.video_input    - INFO     - [진단] video_input._reader_thread cap.read(): ret=True, frame type=<class 'numpy.ndarray'>, shape=(480, 640, 3)
2025-07-11 15:52:58,889 - io_handler.video_input    - INFO     - [진단] video_input._reader_thread self.current_frame 갱신: shape=(480, 640, 3)
2025-07-11 15:52:58,892 - app                       - INFO     - Frame 30: Face=YES, Pose=YES, Hand=NO | Fatigue=0.00, Distraction=0.00, Confidence=0.00
2025-07-11 15:52:58,912 - io_handler.video_input    - INFO     - [진단] video_input._reader_thread cap.read(): ret=True, frame type=<class 'numpy.ndarray'>, shape=(480, 640, 3)
2025-07-11 15:52:58,920 - systems.mediapipe_manager - INFO     - [진단] Pose result callback: landmarks=YES, count=1
2025-07-11 15:52:58,947 - io_handler.video_input    - INFO     - [진단] video_input._reader_thread self.current_frame 갱신: shape=(480, 640, 3)
2025-07-11 15:52:58,977 - systems.mediapipe_manager - INFO     - [진단] Face result callback: landmarks=YES, count=1
2025-07-11 15:52:59,008 - io_handler.video_input    - INFO     - [진단] video_input._reader_thread cap.read(): ret=True, frame type=<class 'numpy.ndarray'>, shape=(480, 640, 3)
2025-07-11 15:52:59,020 - io_handler.video_input    - INFO     - [진단] video_input._reader_thread self.current_frame 갱신: shape=(480, 640, 3)
2025-07-11 15:52:59,036 - io_handler.video_input    - INFO     - [진단] video_input._reader_thread cap.read(): ret=True, frame type=<class 'numpy.ndarray'>, shape=(480, 640, 3)
2025-07-11 15:52:59,037 - systems.mediapipe_manager - INFO     - [진단] Pose result callback: landmarks=NO, count=0
2025-07-11 15:52:59,132 - io_handler.video_input    - INFO     - [진단] video_input._reader_thread self.current_frame 갱신: shape=(480, 640, 3)
2025-07-11 15:52:59,150 - systems.mediapipe_manager - INFO     - [진단] Face result callback: landmarks=YES, count=1
2025-07-11 15:52:59,185 - io_handler.video_input    - INFO     - [진단] video_input._reader_thread cap.read(): ret=True, frame type=<class 'numpy.ndarray'>, shape=(480, 640, 3)
2025-07-11 15:52:59,186 - systems.mediapipe_manager - INFO     - [진단] Pose result callback: landmarks=NO, count=0
2025-07-11 15:52:59,230 - io_handler.video_input    - INFO     - [진단] video_input._reader_thread self.current_frame 갱신: shape=(480, 640, 3)
2025-07-11 15:52:59,259 - systems.mediapipe_manager - INFO     - [진단] Face result callback: landmarks=YES, count=1
2025-07-11 15:52:59,266 - systems.mediapipe_manager - INFO     - [진단] Pose result callback: landmarks=NO, count=0
2025-07-11 15:52:59,267 - io_handler.video_input    - INFO     - [진단] video_input._reader_thread cap.read(): ret=True, frame type=<class 'numpy.ndarray'>, shape=(480, 640, 3)
2025-07-11 15:53:01,874 - systems.mediapipe_manager - INFO     - [진단] Face result callback: landmarks=YES, count=1
2025-07-11 15:53:01,910 - io_handler.video_input    - INFO     - [진단] video_input._reader_thread self.current_frame 갱신: shape=(480, 640, 3)
2025-07-11 15:53:01,910 - systems.mediapipe_manager - INFO     - [진단] Pose result callback: landmarks=NO, count=0
2025-07-11 15:53:01,923 - systems.mediapipe_manager - INFO     - [진단] Pose result callback: landmarks=YES, count=1
2025-07-11 15:53:01,930 - systems.mediapipe_manager - INFO     - [진단] Face result callback: landmarks=YES, count=1
2025-07-11 15:53:01,933 - systems.mediapipe_manager - INFO     - [진단] Pose result callback: landmarks=YES, count=1
2025-07-11 15:53:01,942 - systems.mediapipe_manager - INFO     - [진단] Face result callback: landmarks=YES, count=1
2025-07-11 15:53:01,945 - io_handler.video_input    - INFO     - [진단] video_input._reader_thread cap.read(): ret=True, frame type=<class 'numpy.ndarray'>, shape=(480, 640, 3)
2025-07-11 15:53:01,951 - systems.mediapipe_manager - INFO     - [진단] Pose result callback: landmarks=YES, count=1
2025-07-11 15:53:01,952 - io_handler.video_input    - INFO     - [진단] video_input._reader_thread self.current_frame 갱신: shape=(480, 640, 3)
2025-07-11 15:53:01,955 - systems.mediapipe_manager - INFO     - [진단] Pose result callback: landmarks=YES, count=1
2025-07-11 15:53:01,960 - systems.mediapipe_manager - INFO     - [진단] Pose result callback: landmarks=YES, count=1
2025-07-11 15:53:01,966 - systems.mediapipe_manager - INFO     - [진단] Pose result callback: landmarks=YES, count=1
2025-07-11 15:53:01,966 - io_handler.video_input    - INFO     - [진단] video_input._reader_thread cap.read(): ret=True, frame type=<class 'numpy.ndarray'>, shape=(480, 640, 3)
2025-07-11 15:53:01,971 - systems.mediapipe_manager - INFO     - [진단] Pose result callback: landmarks=YES, count=1
2025-07-11 15:53:01,972 - io_handler.video_input    - INFO     - [진단] video_input._reader_thread self.current_frame 갱신: shape=(480, 640, 3)
2025-07-11 15:53:01,976 - systems.mediapipe_manager - INFO     - [진단] Pose result callback: landmarks=YES, count=1
2025-07-11 15:53:01,980 - systems.mediapipe_manager - INFO     - [진단] Pose result callback: landmarks=YES, count=1
2025-07-11 15:53:01,982 - systems.mediapipe_manager - INFO     - [진단] Pose result callback: landmarks=YES, count=1
2025-07-11 15:53:01,984 - io_handler.video_input    - INFO     - [진단] video_input._reader_thread cap.read(): ret=True, frame type=<class 'numpy.ndarray'>, shape=(480, 640, 3)
2025-07-11 15:53:01,985 - io_handler.video_input    - INFO     - [진단] video_input._reader_thread self.current_frame 갱신: shape=(480, 640, 3)
2025-07-11 15:53:01,989 - io_handler.video_input    - INFO     - [진단] video_input._reader_thread cap.read(): ret=True, frame type=<class 'numpy.ndarray'>, shape=(480, 640, 3)
2025-07-11 15:53:01,991 - io_handler.video_input    - INFO     - [진단] video_input._reader_thread self.current_frame 갱신: shape=(480, 640, 3)
2025-07-11 15:53:02,009 - systems.mediapipe_manager - INFO     - [진단] Face result callback: landmarks=YES, count=1
2025-07-11 15:53:02,011 - io_handler.video_input    - INFO     - [진단] video_input._reader_thread cap.read(): ret=True, frame type=<class 'numpy.ndarray'>, shape=(480, 640, 3)
2025-07-11 15:53:02,018 - io_handler.video_input    - INFO     - [진단] video_input._reader_thread self.current_frame 갱신: shape=(480, 640, 3)
2025-07-11 15:53:02,041 - systems.mediapipe_manager - INFO     - [진단] Face result callback: landmarks=YES, count=1
2025-07-11 15:53:02,042 - io_handler.video_input    - INFO     - [진단] video_input._reader_thread cap.read(): ret=True, frame type=<class 'numpy.ndarray'>, shape=(480, 640, 3)
2025-07-11 15:53:02,047 - io_handler.video_input    - INFO     - [진단] video_input._reader_thread self.current_frame 갱신: shape=(480, 640, 3)
2025-07-11 15:53:02,059 - systems.mediapipe_manager - INFO     - [진단] Pose result callback: landmarks=YES, count=1
2025-07-11 15:53:02,066 - app                       - INFO     - Frame 40: Face=YES, Pose=YES, Hand=NO | Fatigue=0.00, Distraction=0.00, Confidence=0.00
2025-07-11 15:53:02,072 - io_handler.video_input    - INFO     - [진단] video_input._reader_thread cap.read(): ret=True, frame type=<class 'numpy.ndarray'>, shape=(480, 640, 3)
2025-07-11 15:53:02,075 - io_handler.video_input    - INFO     - [진단] video_input._reader_thread self.current_frame 갱신: shape=(480, 640, 3)
2025-07-11 15:53:02,082 - systems.mediapipe_manager - INFO     - [진단] Face result callback: landmarks=YES, count=1
2025-07-11 15:53:02,126 - io_handler.video_input    - INFO     - [진단] video_input._reader_thread cap.read(): ret=True, frame type=<class 'numpy.ndarray'>, shape=(480, 640, 3)
2025-07-11 15:53:02,128 - io_handler.video_input    - INFO     - [진단] video_input._reader_thread self.current_frame 갱신: shape=(480, 640, 3)
2025-07-11 15:53:02,128 - systems.mediapipe_manager - INFO     - [진단] Face result callback: landmarks=YES, count=1
2025-07-11 15:53:02,159 - io_handler.video_input    - INFO     - [진단] video_input._reader_thread cap.read(): ret=True, frame type=<class 'numpy.ndarray'>, shape=(480, 640, 3)
2025-07-11 15:53:02,162 - io_handler.video_input    - INFO     - [진단] video_input._reader_thread self.current_frame 갱신: shape=(480, 640, 3)
2025-07-11 15:53:02,174 - systems.mediapipe_manager - INFO     - [진단] Face result callback: landmarks=YES, count=1
2025-07-11 15:53:02,186 - io_handler.video_input    - INFO     - [진단] video_input._reader_thread cap.read(): ret=True, frame type=<class 'numpy.ndarray'>, shape=(480, 640, 3)
2025-07-11 15:53:02,187 - io_handler.video_input    - INFO     - [진단] video_input._reader_thread self.current_frame 갱신: shape=(480, 640, 3)
2025-07-11 15:53:02,202 - systems.mediapipe_manager - INFO     - [진단] Pose result callback: landmarks=YES, count=1
2025-07-11 15:53:02,219 - systems.mediapipe_manager - INFO     - [진단] Face result callback: landmarks=YES, count=1
2025-07-11 15:53:02,221 - io_handler.video_input    - INFO     - [진단] video_input._reader_thread cap.read(): ret=True, frame type=<class 'numpy.ndarray'>, shape=(480, 640, 3)
2025-07-11 15:53:02,224 - io_handler.video_input    - INFO     - [진단] video_input._reader_thread self.current_frame 갱신: shape=(480, 640, 3)
2025-07-11 15:53:02,247 - io_handler.video_input    - INFO     - [진단] video_input._reader_thread cap.read(): ret=True, frame type=<class 'numpy.ndarray'>, shape=(480, 640, 3)
2025-07-11 15:53:02,247 - systems.mediapipe_manager - INFO     - [진단] Face result callback: landmarks=YES, count=1
2025-07-11 15:53:02,247 - io_handler.video_input    - INFO     - [진단] video_input._reader_thread self.current_frame 갱신: shape=(480, 640, 3)
2025-07-11 15:53:02,276 - io_handler.video_input    - INFO     - [진단] video_input._reader_thread cap.read(): ret=True, frame type=<class 'numpy.ndarray'>, shape=(480, 640, 3)
2025-07-11 15:53:02,276 - io_handler.video_input    - INFO     - [진단] video_input._reader_thread self.current_frame 갱신: shape=(480, 640, 3)
2025-07-11 15:53:02,285 - systems.mediapipe_manager - INFO     - [진단] Pose result callback: landmarks=YES, count=1
2025-07-11 15:53:02,291 - systems.mediapipe_manager - INFO     - [진단] Face result callback: landmarks=YES, count=1
2025-07-11 15:53:02,305 - io_handler.video_input    - INFO     - [진단] video_input._reader_thread cap.read(): ret=True, frame type=<class 'numpy.ndarray'>, shape=(480, 640, 3)
2025-07-11 15:53:02,308 - io_handler.video_input    - INFO     - [진단] video_input._reader_thread self.current_frame 갱신: shape=(480, 640, 3)
2025-07-11 15:53:02,339 - io_handler.video_input    - INFO     - [진단] video_input._reader_thread cap.read(): ret=True, frame type=<class 'numpy.ndarray'>, shape=(480, 640, 3)
2025-07-11 15:53:02,341 - systems.mediapipe_manager - INFO     - [진단] Face result callback: landmarks=YES, count=1
2025-07-11 15:53:02,341 - io_handler.video_input    - INFO     - [진단] video_input._reader_thread self.current_frame 갱신: shape=(480, 640, 3)
2025-07-11 15:53:02,351 - systems.mediapipe_manager - INFO     - [진단] Pose result callback: landmarks=YES, count=1
2025-07-11 15:53:02,370 - io_handler.video_input    - INFO     - [진단] video_input._reader_thread cap.read(): ret=True, frame type=<class 'numpy.ndarray'>, shape=(480, 640, 3)
2025-07-11 15:53:02,370 - io_handler.video_input    - INFO     - [진단] video_input._reader_thread self.current_frame 갱신: shape=(480, 640, 3)
2025-07-11 15:53:02,408 - io_handler.video_input    - INFO     - [진단] video_input._reader_thread cap.read(): ret=True, frame type=<class 'numpy.ndarray'>, shape=(480, 640, 3)
2025-07-11 15:53:02,408 - io_handler.video_input    - INFO     - [진단] video_input._reader_thread self.current_frame 갱신: shape=(480, 640, 3)
2025-07-11 15:53:02,423 - systems.mediapipe_manager - INFO     - [진단] Face result callback: landmarks=YES, count=1
2025-07-11 15:53:02,427 - systems.mediapipe_manager - INFO     - [진단] Pose result callback: landmarks=YES, count=1
2025-07-11 15:53:02,436 - io_handler.video_input    - INFO     - [진단] video_input._reader_thread cap.read(): ret=True, frame type=<class 'numpy.ndarray'>, shape=(480, 640, 3)
2025-07-11 15:53:02,436 - io_handler.video_input    - INFO     - [진단] video_input._reader_thread self.current_frame 갱신: shape=(480, 640, 3)
2025-07-11 15:53:02,473 - io_handler.video_input    - INFO     - [진단] video_input._reader_thread cap.read(): ret=True, frame type=<class 'numpy.ndarray'>, shape=(480, 640, 3)
2025-07-11 15:53:02,476 - io_handler.video_input    - INFO     - [진단] video_input._reader_thread self.current_frame 갱신: shape=(480, 640, 3)
2025-07-11 15:53:02,479 - systems.mediapipe_manager - INFO     - [진단] Face result callback: landmarks=YES, count=1
2025-07-11 15:53:02,511 - systems.mediapipe_manager - INFO     - [진단] Pose result callback: landmarks=YES, count=1
2025-07-11 15:53:02,517 - systems.mediapipe_manager - INFO     - [진단] Face result callback: landmarks=YES, count=1
2025-07-11 15:53:02,554 - io_handler.video_input    - INFO     - [진단] video_input._reader_thread cap.read(): ret=True, frame type=<class 'numpy.ndarray'>, shape=(480, 640, 3)
2025-07-11 15:53:02,558 - io_handler.video_input    - INFO     - [진단] video_input._reader_thread self.current_frame 갱신: shape=(480, 640, 3)
2025-07-11 15:53:02,562 - systems.mediapipe_manager - INFO     - [진단] Face result callback: landmarks=YES, count=1
2025-07-11 15:53:02,586 - io_handler.video_input    - INFO     - [진단] video_input._reader_thread cap.read(): ret=True, frame type=<class 'numpy.ndarray'>, shape=(480, 640, 3)
2025-07-11 15:53:02,590 - systems.mediapipe_manager - INFO     - [진단] Pose result callback: landmarks=YES, count=1
2025-07-11 15:53:02,592 - io_handler.video_input    - INFO     - [진단] video_input._reader_thread self.current_frame 갱신: shape=(480, 640, 3)
2025-07-11 15:53:02,594 - app                       - INFO     - Frame 50: Face=YES, Pose=YES, Hand=NO | Fatigue=0.00, Distraction=0.00, Confidence=0.00
2025-07-11 15:53:02,602 - io_handler.video_input    - INFO     - [진단] video_input._reader_thread cap.read(): ret=True, frame type=<class 'numpy.ndarray'>, shape=(480, 640, 3)
2025-07-11 15:53:02,603 - io_handler.video_input    - INFO     - [진단] video_input._reader_thread self.current_frame 갱신: shape=(480, 640, 3)
2025-07-11 15:53:02,616 - io_handler.video_input    - INFO     - [진단] video_input._reader_thread cap.read(): ret=True, frame type=<class 'numpy.ndarray'>, shape=(480, 640, 3)
2025-07-11 15:53:02,619 - systems.mediapipe_manager - INFO     - [진단] Face result callback: landmarks=YES, count=1
2025-07-11 15:53:02,619 - io_handler.video_input    - INFO     - [진단] video_input._reader_thread self.current_frame 갱신: shape=(480, 640, 3)
2025-07-11 15:53:02,647 - io_handler.video_input    - INFO     - [진단] video_input._reader_thread cap.read(): ret=True, frame type=<class 'numpy.ndarray'>, shape=(480, 640, 3)
2025-07-11 15:53:02,649 - io_handler.video_input    - INFO     - [진단] video_input._reader_thread self.current_frame 갱신: shape=(480, 640, 3)
2025-07-11 15:53:02,651 - systems.mediapipe_manager - INFO     - [진단] Face result callback: landmarks=YES, count=1
2025-07-11 15:53:02,668 - systems.mediapipe_manager - INFO     - [진단] Pose result callback: landmarks=YES, count=1
2025-07-11 15:53:02,683 - io_handler.video_input    - INFO     - [진단] video_input._reader_thread cap.read(): ret=True, frame type=<class 'numpy.ndarray'>, shape=(480, 640, 3)
2025-07-11 15:53:02,686 - io_handler.video_input    - INFO     - [진단] video_input._reader_thread self.current_frame 갱신: shape=(480, 640, 3)
2025-07-11 15:53:02,699 - systems.mediapipe_manager - INFO     - [진단] Face result callback: landmarks=YES, count=1
2025-07-11 15:53:02,715 - io_handler.video_input    - INFO     - [진단] video_input._reader_thread cap.read(): ret=True, frame type=<class 'numpy.ndarray'>, shape=(480, 640, 3)
2025-07-11 15:53:02,716 - io_handler.video_input    - INFO     - [진단] video_input._reader_thread self.current_frame 갱신: shape=(480, 640, 3)
2025-07-11 15:53:02,743 - io_handler.video_input    - INFO     - [진단] video_input._reader_thread cap.read(): ret=True, frame type=<class 'numpy.ndarray'>, shape=(480, 640, 3)
2025-07-11 15:53:02,745 - io_handler.video_input    - INFO     - [진단] video_input._reader_thread self.current_frame 갱신: shape=(480, 640, 3)
2025-07-11 15:53:02,748 - systems.mediapipe_manager - INFO     - [진단] Face result callback: landmarks=YES, count=1
2025-07-11 15:53:02,754 - systems.mediapipe_manager - INFO     - [진단] Pose result callback: landmarks=YES, count=1
2025-07-11 15:53:02,777 - io_handler.video_input    - INFO     - [진단] video_input._reader_thread cap.read(): ret=True, frame type=<class 'numpy.ndarray'>, shape=(480, 640, 3)
2025-07-11 15:53:02,778 - io_handler.video_input    - INFO     - [진단] video_input._reader_thread self.current_frame 갱신: shape=(480, 640, 3)
2025-07-11 15:53:02,799 - systems.mediapipe_manager - INFO     - [진단] Face result callback: landmarks=YES, count=1
2025-07-11 15:53:02,809 - io_handler.video_input    - INFO     - [진단] video_input._reader_thread cap.read(): ret=True, frame type=<class 'numpy.ndarray'>, shape=(480, 640, 3)
2025-07-11 15:53:02,811 - io_handler.video_input    - INFO     - [진단] video_input._reader_thread self.current_frame 갱신: shape=(480, 640, 3)
2025-07-11 15:53:02,831 - systems.mediapipe_manager - INFO     - [진단] Face result callback: landmarks=YES, count=1
2025-07-11 15:53:02,838 - io_handler.video_input    - INFO     - [진단] video_input._reader_thread cap.read(): ret=True, frame type=<class 'numpy.ndarray'>, shape=(480, 640, 3)
2025-07-11 15:53:02,842 - io_handler.video_input    - INFO     - [진단] video_input._reader_thread self.current_frame 갱신: shape=(480, 640, 3)
2025-07-11 15:53:02,850 - systems.mediapipe_manager - INFO     - [진단] Pose result callback: landmarks=YES, count=1
2025-07-11 15:53:02,874 - io_handler.video_input    - INFO     - [진단] video_input._reader_thread cap.read(): ret=True, frame type=<class 'numpy.ndarray'>, shape=(480, 640, 3)
2025-07-11 15:53:02,884 - io_handler.video_input    - INFO     - [진단] video_input._reader_thread self.current_frame 갱신: shape=(480, 640, 3)
2025-07-11 15:53:02,901 - systems.mediapipe_manager - INFO     - [진단] Face result callback: landmarks=YES, count=1
2025-07-11 15:53:02,903 - io_handler.video_input    - INFO     - [진단] video_input._reader_thread cap.read(): ret=True, frame type=<class 'numpy.ndarray'>, shape=(480, 640, 3)
2025-07-11 15:53:02,908 - io_handler.video_input    - INFO     - [진단] video_input._reader_thread self.current_frame 갱신: shape=(480, 640, 3)
2025-07-11 15:53:02,940 - systems.mediapipe_manager - INFO     - [진단] Face result callback: landmarks=YES, count=1
2025-07-11 15:53:02,943 - systems.mediapipe_manager - INFO     - [진단] Pose result callback: landmarks=YES, count=1
2025-07-11 15:53:02,980 - io_handler.video_input    - INFO     - [진단] video_input._reader_thread cap.read(): ret=True, frame type=<class 'numpy.ndarray'>, shape=(480, 640, 3)
2025-07-11 15:53:02,980 - io_handler.video_input    - INFO     - [진단] video_input._reader_thread self.current_frame 갱신: shape=(480, 640, 3)
2025-07-11 15:53:02,991 - io_handler.video_input    - INFO     - [진단] video_input._reader_thread cap.read(): ret=True, frame type=<class 'numpy.ndarray'>, shape=(480, 640, 3)
2025-07-11 15:53:02,995 - io_handler.video_input    - INFO     - [진단] video_input._reader_thread self.current_frame 갱신: shape=(480, 640, 3)
2025-07-11 15:53:03,018 - systems.mediapipe_manager - INFO     - [진단] Face result callback: landmarks=YES, count=1
2025-07-11 15:53:03,020 - io_handler.video_input    - INFO     - [진단] video_input._reader_thread cap.read(): ret=True, frame type=<class 'numpy.ndarray'>, shape=(480, 640, 3)
2025-07-11 15:53:03,025 - io_handler.video_input    - INFO     - [진단] video_input._reader_thread self.current_frame 갱신: shape=(480, 640, 3)
2025-07-11 15:53:03,030 - systems.mediapipe_manager - INFO     - [진단] Pose result callback: landmarks=YES, count=1
2025-07-11 15:53:03,039 - app                       - INFO     - Frame 60: Face=YES, Pose=YES, Hand=NO | Fatigue=0.00, Distraction=0.00, Confidence=0.00
2025-07-11 15:53:03,056 - systems.mediapipe_manager - INFO     - [진단] Face result callback: landmarks=YES, count=1
2025-07-11 15:53:03,058 - io_handler.video_input    - INFO     - [진단] video_input._reader_thread cap.read(): ret=True, frame type=<class 'numpy.ndarray'>, shape=(480, 640, 3)
2025-07-11 15:53:03,071 - io_handler.video_input    - INFO     - [진단] video_input._reader_thread self.current_frame 갱신: shape=(480, 640, 3)
2025-07-11 15:53:03,085 - io_handler.video_input    - INFO     - [진단] video_input._reader_thread cap.read(): ret=True, frame type=<class 'numpy.ndarray'>, shape=(480, 640, 3)
2025-07-11 15:53:03,087 - io_handler.video_input    - INFO     - [진단] video_input._reader_thread self.current_frame 갱신: shape=(480, 640, 3)
2025-07-11 15:53:03,099 - systems.mediapipe_manager - INFO     - [진단] Face result callback: landmarks=YES, count=1
2025-07-11 15:53:03,116 - io_handler.video_input    - INFO     - [진단] video_input._reader_thread cap.read(): ret=True, frame type=<class 'numpy.ndarray'>, shape=(480, 640, 3)
2025-07-11 15:53:03,117 - io_handler.video_input    - INFO     - [진단] video_input._reader_thread self.current_frame 갱신: shape=(480, 640, 3)
2025-07-11 15:53:03,133 - systems.mediapipe_manager - INFO     - [진단] Pose result callback: landmarks=YES, count=1
2025-07-11 15:53:03,138 - systems.mediapipe_manager - INFO     - [진단] Face result callback: landmarks=YES, count=1
2025-07-11 15:53:03,144 - io_handler.video_input    - INFO     - [진단] video_input._reader_thread cap.read(): ret=True, frame type=<class 'numpy.ndarray'>, shape=(480, 640, 3)
2025-07-11 15:53:03,146 - io_handler.video_input    - INFO     - [진단] video_input._reader_thread self.current_frame 갱신: shape=(480, 640, 3)
2025-07-11 15:53:03,169 - systems.mediapipe_manager - INFO     - [진단] Face result callback: landmarks=YES, count=1
2025-07-11 15:53:03,174 - io_handler.video_input    - INFO     - [진단] video_input._reader_thread cap.read(): ret=True, frame type=<class 'numpy.ndarray'>, shape=(480, 640, 3)
2025-07-11 15:53:03,179 - io_handler.video_input    - INFO     - [진단] video_input._reader_thread self.current_frame 갱신: shape=(480, 640, 3)
2025-07-11 15:53:03,208 - systems.mediapipe_manager - INFO     - [진단] Face result callback: landmarks=YES, count=1
2025-07-11 15:53:03,210 - io_handler.video_input    - INFO     - [진단] video_input._reader_thread cap.read(): ret=True, frame type=<class 'numpy.ndarray'>, shape=(480, 640, 3)
2025-07-11 15:53:03,211 - io_handler.video_input    - INFO     - [진단] video_input._reader_thread self.current_frame 갱신: shape=(480, 640, 3)
2025-07-11 15:53:03,216 - systems.mediapipe_manager - INFO     - [진단] Pose result callback: landmarks=YES, count=1
2025-07-11 15:53:03,238 - io_handler.video_input    - INFO     - [진단] video_input._reader_thread cap.read(): ret=True, frame type=<class 'numpy.ndarray'>, shape=(480, 640, 3)
2025-07-11 15:53:03,243 - io_handler.video_input    - INFO     - [진단] video_input._reader_thread self.current_frame 갱신: shape=(480, 640, 3)
2025-07-11 15:53:03,267 - systems.mediapipe_manager - INFO     - [진단] Face result callback: landmarks=YES, count=1
2025-07-11 15:53:03,270 - io_handler.video_input    - INFO     - [진단] video_input._reader_thread cap.read(): ret=True, frame type=<class 'numpy.ndarray'>, shape=(480, 640, 3)
2025-07-11 15:53:03,270 - io_handler.video_input    - INFO     - [진단] video_input._reader_thread self.current_frame 갱신: shape=(480, 640, 3)
2025-07-11 15:53:03,285 - systems.mediapipe_manager - INFO     - [진단] Pose result callback: landmarks=YES, count=1
2025-07-11 15:53:03,305 - io_handler.video_input    - INFO     - [진단] video_input._reader_thread cap.read(): ret=True, frame type=<class 'numpy.ndarray'>, shape=(480, 640, 3)
2025-07-11 15:53:03,309 - io_handler.video_input    - INFO     - [진단] video_input._reader_thread self.current_frame 갱신: shape=(480, 640, 3)
2025-07-11 15:53:03,313 - systems.mediapipe_manager - INFO     - [진단] Face result callback: landmarks=YES, count=1
2025-07-11 15:53:03,343 - systems.mediapipe_manager - INFO     - [진단] Face result callback: landmarks=YES, count=1
2025-07-11 15:53:03,366 - systems.mediapipe_manager - INFO     - [진단] Pose result callback: landmarks=YES, count=1
2025-07-11 15:53:03,391 - io_handler.video_input    - INFO     - [진단] video_input._reader_thread cap.read(): ret=True, frame type=<class 'numpy.ndarray'>, shape=(480, 640, 3)
2025-07-11 15:53:03,394 - io_handler.video_input    - INFO     - [진단] video_input._reader_thread self.current_frame 갱신: shape=(480, 640, 3)
2025-07-11 15:53:03,404 - systems.mediapipe_manager - INFO     - [진단] Face result callback: landmarks=YES, count=1
2025-07-11 15:53:03,423 - io_handler.video_input    - INFO     - [진단] video_input._reader_thread cap.read(): ret=True, frame type=<class 'numpy.ndarray'>, shape=(480, 640, 3)
2025-07-11 15:53:03,425 - io_handler.video_input    - INFO     - [진단] video_input._reader_thread self.current_frame 갱신: shape=(480, 640, 3)
2025-07-11 15:53:03,432 - io_handler.video_input    - INFO     - [진단] video_input._reader_thread cap.read(): ret=True, frame type=<class 'numpy.ndarray'>, shape=(480, 640, 3)
2025-07-11 15:53:03,432 - io_handler.video_input    - INFO     - [진단] video_input._reader_thread self.current_frame 갱신: shape=(480, 640, 3)
2025-07-11 15:53:03,452 - systems.mediapipe_manager - INFO     - [진단] Face result callback: landmarks=YES, count=1
2025-07-11 15:53:03,453 - io_handler.video_input    - INFO     - [진단] video_input._reader_thread cap.read(): ret=True, frame type=<class 'numpy.ndarray'>, shape=(480, 640, 3)
2025-07-11 15:53:03,456 - io_handler.video_input    - INFO     - [진단] video_input._reader_thread self.current_frame 갱신: shape=(480, 640, 3)
2025-07-11 15:53:03,472 - systems.mediapipe_manager - INFO     - [진단] Pose result callback: landmarks=YES, count=1
2025-07-11 15:53:03,477 - io_handler.video_input    - INFO     - [진단] video_input._reader_thread cap.read(): ret=True, frame type=<class 'numpy.ndarray'>, shape=(480, 640, 3)
2025-07-11 15:53:03,477 - io_handler.video_input    - INFO     - [진단] video_input._reader_thread self.current_frame 갱신: shape=(480, 640, 3)
2025-07-11 15:53:03,484 - systems.mediapipe_manager - INFO     - [진단] Face result callback: landmarks=YES, count=1
2025-07-11 15:53:03,508 - io_handler.video_input    - INFO     - [진단] video_input._reader_thread cap.read(): ret=True, frame type=<class 'numpy.ndarray'>, shape=(480, 640, 3)
2025-07-11 15:53:03,508 - io_handler.video_input    - INFO     - [진단] video_input._reader_thread self.current_frame 갱신: shape=(480, 640, 3)
2025-07-11 15:53:03,525 - app                       - INFO     - Frame 70: Face=YES, Pose=YES, Hand=NO | Fatigue=0.00, Distraction=0.00, Confidence=0.00
2025-07-11 15:53:03,544 - systems.mediapipe_manager - INFO     - [진단] Pose result callback: landmarks=YES, count=1
2025-07-11 15:53:03,545 - io_handler.video_input    - INFO     - [진단] video_input._reader_thread cap.read(): ret=True, frame type=<class 'numpy.ndarray'>, shape=(480, 640, 3)
2025-07-11 15:53:03,549 - io_handler.video_input    - INFO     - [진단] video_input._reader_thread self.current_frame 갱신: shape=(480, 640, 3)
2025-07-11 15:53:03,556 - systems.mediapipe_manager - INFO     - [진단] Face result callback: landmarks=YES, count=1
2025-07-11 15:53:03,576 - io_handler.video_input    - INFO     - [진단] video_input._reader_thread cap.read(): ret=True, frame type=<class 'numpy.ndarray'>, shape=(480, 640, 3)
2025-07-11 15:53:03,580 - io_handler.video_input    - INFO     - [진단] video_input._reader_thread self.current_frame 갱신: shape=(480, 640, 3)
2025-07-11 15:53:03,603 - systems.mediapipe_manager - INFO     - [진단] Face result callback: landmarks=YES, count=1
2025-07-11 15:53:03,608 - io_handler.video_input    - INFO     - [진단] video_input._reader_thread cap.read(): ret=True, frame type=<class 'numpy.ndarray'>, shape=(480, 640, 3)
2025-07-11 15:53:03,608 - io_handler.video_input    - INFO     - [진단] video_input._reader_thread self.current_frame 갱신: shape=(480, 640, 3)
2025-07-11 15:53:03,651 - io_handler.video_input    - INFO     - [진단] video_input._reader_thread cap.read(): ret=True, frame type=<class 'numpy.ndarray'>, shape=(480, 640, 3)
2025-07-11 15:53:03,652 - systems.mediapipe_manager - INFO     - [진단] Pose result callback: landmarks=YES, count=1
2025-07-11 15:53:03,652 - io_handler.video_input    - INFO     - [진단] video_input._reader_thread self.current_frame 갱신: shape=(480, 640, 3)
2025-07-11 15:53:03,657 - systems.mediapipe_manager - INFO     - [진단] Face result callback: landmarks=YES, count=1
2025-07-11 15:53:03,671 - io_handler.video_input    - INFO     - [진단] video_input._reader_thread cap.read(): ret=True, frame type=<class 'numpy.ndarray'>, shape=(480, 640, 3)
2025-07-11 15:53:03,672 - io_handler.video_input    - INFO     - [진단] video_input._reader_thread self.current_frame 갱신: shape=(480, 640, 3)
2025-07-11 15:53:03,702 - systems.mediapipe_manager - INFO     - [진단] Face result callback: landmarks=YES, count=1
2025-07-11 15:53:03,703 - io_handler.video_input    - INFO     - [진단] video_input._reader_thread cap.read(): ret=True, frame type=<class 'numpy.ndarray'>, shape=(480, 640, 3)
2025-07-11 15:53:03,704 - io_handler.video_input    - INFO     - [진단] video_input._reader_thread self.current_frame 갱신: shape=(480, 640, 3)
2025-07-11 15:53:03,735 - systems.mediapipe_manager - INFO     - [진단] Face result callback: landmarks=YES, count=1
2025-07-11 15:53:03,741 - systems.mediapipe_manager - INFO     - [진단] Pose result callback: landmarks=YES, count=1
2025-07-11 15:53:03,763 - systems.mediapipe_manager - INFO     - [진단] Face result callback: landmarks=YES, count=1
2025-07-11 15:53:03,782 - io_handler.video_input    - INFO     - [진단] video_input._reader_thread cap.read(): ret=True, frame type=<class 'numpy.ndarray'>, shape=(480, 640, 3)
2025-07-11 15:53:03,782 - io_handler.video_input    - INFO     - [진단] video_input._reader_thread self.current_frame 갱신: shape=(480, 640, 3)
2025-07-11 15:53:03,816 - io_handler.video_input    - INFO     - [진단] video_input._reader_thread cap.read(): ret=True, frame type=<class 'numpy.ndarray'>, shape=(480, 640, 3)
2025-07-11 15:53:03,817 - io_handler.video_input    - INFO     - [진단] video_input._reader_thread self.current_frame 갱신: shape=(480, 640, 3)
2025-07-11 15:53:03,818 - systems.mediapipe_manager - INFO     - [진단] Pose result callback: landmarks=YES, count=1
2025-07-11 15:53:03,822 - io_handler.video_input    - INFO     - [진단] video_input._reader_thread cap.read(): ret=True, frame type=<class 'numpy.ndarray'>, shape=(480, 640, 3)
2025-07-11 15:53:03,827 - io_handler.video_input    - INFO     - [진단] video_input._reader_thread self.current_frame 갱신: shape=(480, 640, 3)
2025-07-11 15:53:03,832 - systems.mediapipe_manager - INFO     - [진단] Face result callback: landmarks=YES, count=1
2025-07-11 15:53:03,848 - io_handler.video_input    - INFO     - [진단] video_input._reader_thread cap.read(): ret=True, frame type=<class 'numpy.ndarray'>, shape=(480, 640, 3)
2025-07-11 15:53:03,848 - io_handler.video_input    - INFO     - [진단] video_input._reader_thread self.current_frame 갱신: shape=(480, 640, 3)
2025-07-11 15:53:03,859 - systems.performance       - INFO     - 성능 최적화 모드 비활성화 - 정상 성능 복구
2025-07-11 15:53:03,883 - io_handler.video_input    - INFO     - [진단] video_input._reader_thread cap.read(): ret=True, frame type=<class 'numpy.ndarray'>, shape=(480, 640, 3)
2025-07-11 15:53:03,884 - io_handler.video_input    - INFO     - [진단] video_input._reader_thread self.current_frame 갱신: shape=(480, 640, 3)
2025-07-11 15:53:03,892 - systems.mediapipe_manager - INFO     - [진단] Pose result callback: landmarks=YES, count=1
2025-07-11 15:53:03,909 - io_handler.video_input    - INFO     - [진단] video_input._reader_thread cap.read(): ret=True, frame type=<class 'numpy.ndarray'>, shape=(480, 640, 3)
2025-07-11 15:53:03,909 - io_handler.video_input    - INFO     - [진단] video_input._reader_thread self.current_frame 갱신: shape=(480, 640, 3)
2025-07-11 15:53:03,909 - systems.mediapipe_manager - INFO     - [진단] Face result callback: landmarks=YES, count=1
2025-07-11 15:53:03,941 - io_handler.video_input    - INFO     - [진단] video_input._reader_thread cap.read(): ret=True, frame type=<class 'numpy.ndarray'>, shape=(480, 640, 3)
2025-07-11 15:53:03,941 - io_handler.video_input    - INFO     - [진단] video_input._reader_thread self.current_frame 갱신: shape=(480, 640, 3)
2025-07-11 15:53:03,948 - systems.mediapipe_manager - INFO     - [진단] Face result callback: landmarks=YES, count=1
2025-07-11 15:53:03,957 - systems.mediapipe_manager - INFO     - [진단] Pose result callback: landmarks=YES, count=1
2025-07-11 15:53:03,971 - io_handler.video_input    - INFO     - [진단] video_input._reader_thread cap.read(): ret=True, frame type=<class 'numpy.ndarray'>, shape=(480, 640, 3)
2025-07-11 15:53:03,975 - io_handler.video_input    - INFO     - [진단] video_input._reader_thread self.current_frame 갱신: shape=(480, 640, 3)
2025-07-11 15:53:04,004 - io_handler.video_input    - INFO     - [진단] video_input._reader_thread cap.read(): ret=True, frame type=<class 'numpy.ndarray'>, shape=(480, 640, 3)
2025-07-11 15:53:04,005 - app                       - INFO     - Frame 80: Face=YES, Pose=YES, Hand=NO | Fatigue=0.00, Distraction=0.00, Confidence=0.00
2025-07-11 15:53:04,008 - io_handler.video_input    - INFO     - [진단] video_input._reader_thread self.current_frame 갱신: shape=(480, 640, 3)
2025-07-11 15:53:04,016 - systems.mediapipe_manager - INFO     - [진단] Face result callback: landmarks=YES, count=1
2025-07-11 15:53:04,040 - io_handler.video_input    - INFO     - [진단] video_input._reader_thread cap.read(): ret=True, frame type=<class 'numpy.ndarray'>, shape=(480, 640, 3)
2025-07-11 15:53:04,053 - io_handler.video_input    - INFO     - [진단] video_input._reader_thread self.current_frame 갱신: shape=(480, 640, 3)
2025-07-11 15:53:04,059 - systems.mediapipe_manager - INFO     - [진단] Face result callback: landmarks=YES, count=1
2025-07-11 15:53:04,063 - systems.mediapipe_manager - INFO     - [진단] Pose result callback: landmarks=YES, count=1
2025-07-11 15:53:04,073 - io_handler.video_input    - INFO     - [진단] video_input._reader_thread cap.read(): ret=True, frame type=<class 'numpy.ndarray'>, shape=(480, 640, 3)
2025-07-11 15:53:04,076 - io_handler.video_input    - INFO     - [진단] video_input._reader_thread self.current_frame 갱신: shape=(480, 640, 3)
2025-07-11 15:53:04,093 - systems.mediapipe_manager - INFO     - [진단] Face result callback: landmarks=YES, count=1
2025-07-11 15:53:04,135 - io_handler.video_input    - INFO     - [진단] video_input._reader_thread cap.read(): ret=True, frame type=<class 'numpy.ndarray'>, shape=(480, 640, 3)
2025-07-11 15:53:04,139 - io_handler.video_input    - INFO     - [진단] video_input._reader_thread self.current_frame 갱신: shape=(480, 640, 3)
2025-07-11 15:53:04,143 - systems.mediapipe_manager - INFO     - [진단] Face result callback: landmarks=YES, count=1
2025-07-11 15:53:04,151 - systems.mediapipe_manager - INFO     - [진단] Pose result callback: landmarks=YES, count=1
2025-07-11 15:53:04,184 - io_handler.video_input    - INFO     - [진단] video_input._reader_thread cap.read(): ret=True, frame type=<class 'numpy.ndarray'>, shape=(480, 640, 3)
2025-07-11 15:53:04,187 - io_handler.video_input    - INFO     - [진단] video_input._reader_thread self.current_frame 갱신: shape=(480, 640, 3)
2025-07-11 15:53:04,190 - systems.mediapipe_manager - INFO     - [진단] Face result callback: landmarks=YES, count=1
2025-07-11 15:53:04,218 - io_handler.video_input    - INFO     - [진단] video_input._reader_thread cap.read(): ret=True, frame type=<class 'numpy.ndarray'>, shape=(480, 640, 3)
2025-07-11 15:53:04,223 - io_handler.video_input    - INFO     - [진단] video_input._reader_thread self.current_frame 갱신: shape=(480, 640, 3)
2025-07-11 15:53:04,228 - io_handler.video_input    - INFO     - [진단] video_input._reader_thread cap.read(): ret=True, frame type=<class 'numpy.ndarray'>, shape=(480, 640, 3)
2025-07-11 15:53:04,228 - io_handler.video_input    - INFO     - [진단] video_input._reader_thread self.current_frame 갱신: shape=(480, 640, 3)
2025-07-11 15:53:04,235 - systems.mediapipe_manager - INFO     - [진단] Face result callback: landmarks=YES, count=1
2025-07-11 15:53:04,236 - systems.mediapipe_manager - INFO     - [진단] Pose result callback: landmarks=YES, count=1
2025-07-11 15:53:04,249 - io_handler.video_input    - INFO     - [진단] video_input._reader_thread cap.read(): ret=True, frame type=<class 'numpy.ndarray'>, shape=(480, 640, 3)
2025-07-11 15:53:04,249 - io_handler.video_input    - INFO     - [진단] video_input._reader_thread self.current_frame 갱신: shape=(480, 640, 3)
2025-07-11 15:53:04,278 - systems.mediapipe_manager - INFO     - [진단] Face result callback: landmarks=YES, count=1
2025-07-11 15:53:04,279 - io_handler.video_input    - INFO     - [진단] video_input._reader_thread cap.read(): ret=True, frame type=<class 'numpy.ndarray'>, shape=(480, 640, 3)
2025-07-11 15:53:04,279 - io_handler.video_input    - INFO     - [진단] video_input._reader_thread self.current_frame 갱신: shape=(480, 640, 3)
2025-07-11 15:53:04,312 - io_handler.video_input    - INFO     - [진단] video_input._reader_thread cap.read(): ret=True, frame type=<class 'numpy.ndarray'>, shape=(480, 640, 3)
2025-07-11 15:53:04,314 - io_handler.video_input    - INFO     - [진단] video_input._reader_thread self.current_frame 갱신: shape=(480, 640, 3)
2025-07-11 15:53:04,318 - systems.mediapipe_manager - INFO     - [진단] Pose result callback: landmarks=YES, count=1
2025-07-11 15:53:04,338 - systems.mediapipe_manager - INFO     - [진단] Face result callback: landmarks=YES, count=1
2025-07-11 15:53:04,339 - io_handler.video_input    - INFO     - [진단] video_input._reader_thread cap.read(): ret=True, frame type=<class 'numpy.ndarray'>, shape=(480, 640, 3)
2025-07-11 15:53:04,342 - io_handler.video_input    - INFO     - [진단] video_input._reader_thread self.current_frame 갱신: shape=(480, 640, 3)
2025-07-11 15:53:04,372 - systems.mediapipe_manager - INFO     - [진단] Face result callback: landmarks=YES, count=1
2025-07-11 15:53:04,373 - io_handler.video_input    - INFO     - [진단] video_input._reader_thread cap.read(): ret=True, frame type=<class 'numpy.ndarray'>, shape=(480, 640, 3)
2025-07-11 15:53:04,375 - io_handler.video_input    - INFO     - [진단] video_input._reader_thread self.current_frame 갱신: shape=(480, 640, 3)
2025-07-11 15:53:04,389 - systems.mediapipe_manager - INFO     - [진단] Pose result callback: landmarks=YES, count=1
2025-07-11 15:53:04,407 - io_handler.video_input    - INFO     - [진단] video_input._reader_thread cap.read(): ret=True, frame type=<class 'numpy.ndarray'>, shape=(480, 640, 3)
2025-07-11 15:53:04,408 - io_handler.video_input    - INFO     - [진단] video_input._reader_thread self.current_frame 갱신: shape=(480, 640, 3)
2025-07-11 15:53:04,440 - systems.mediapipe_manager - INFO     - [진단] Face result callback: landmarks=YES, count=1
2025-07-11 15:53:04,441 - io_handler.video_input    - INFO     - [진단] video_input._reader_thread cap.read(): ret=True, frame type=<class 'numpy.ndarray'>, shape=(480, 640, 3)
2025-07-11 15:53:04,442 - io_handler.video_input    - INFO     - [진단] video_input._reader_thread self.current_frame 갱신: shape=(480, 640, 3)
2025-07-11 15:53:04,470 - systems.mediapipe_manager - INFO     - [진단] Pose result callback: landmarks=YES, count=1
2025-07-11 15:53:04,474 - io_handler.video_input    - INFO     - [진단] video_input._reader_thread cap.read(): ret=True, frame type=<class 'numpy.ndarray'>, shape=(480, 640, 3)
2025-07-11 15:53:04,477 - io_handler.video_input    - INFO     - [진단] video_input._reader_thread self.current_frame 갱신: shape=(480, 640, 3)
2025-07-11 15:53:04,500 - systems.mediapipe_manager - INFO     - [진단] Face result callback: landmarks=YES, count=1
2025-07-11 15:53:04,501 - io_handler.video_input    - INFO     - [진단] video_input._reader_thread cap.read(): ret=True, frame type=<class 'numpy.ndarray'>, shape=(480, 640, 3)
2025-07-11 15:53:04,502 - io_handler.video_input    - INFO     - [진단] video_input._reader_thread self.current_frame 갱신: shape=(480, 640, 3)
2025-07-11 15:53:04,531 - app                       - INFO     - Frame 90: Face=YES, Pose=YES, Hand=NO | Fatigue=0.00, Distraction=0.00, Confidence=0.00
2025-07-11 15:53:04,540 - systems.mediapipe_manager - INFO     - [진단] Face result callback: landmarks=YES, count=1
2025-07-11 15:53:04,550 - systems.mediapipe_manager - INFO     - [진단] Pose result callback: landmarks=YES, count=1
2025-07-11 15:53:04,565 - io_handler.video_input    - INFO     - [진단] video_input._reader_thread cap.read(): ret=True, frame type=<class 'numpy.ndarray'>, shape=(480, 640, 3)
2025-07-11 15:53:04,565 - io_handler.video_input    - INFO     - [진단] video_input._reader_thread self.current_frame 갱신: shape=(480, 640, 3)
2025-07-11 15:53:04,612 - systems.mediapipe_manager - INFO     - [진단] Face result callback: landmarks=YES, count=1
2025-07-11 15:53:04,618 - io_handler.video_input    - INFO     - [진단] video_input._reader_thread cap.read(): ret=True, frame type=<class 'numpy.ndarray'>, shape=(480, 640, 3)
2025-07-11 15:53:04,618 - io_handler.video_input    - INFO     - [진단] video_input._reader_thread self.current_frame 갱신: shape=(480, 640, 3)
2025-07-11 15:53:04,649 - io_handler.video_input    - INFO     - [진단] video_input._reader_thread cap.read(): ret=True, frame type=<class 'numpy.ndarray'>, shape=(480, 640, 3)
2025-07-11 15:53:04,649 - io_handler.video_input    - INFO     - [진단] video_input._reader_thread self.current_frame 갱신: shape=(480, 640, 3)
2025-07-11 15:53:04,655 - systems.mediapipe_manager - INFO     - [진단] Pose result callback: landmarks=YES, count=1
2025-07-11 15:53:04,657 - io_handler.video_input    - INFO     - [진단] video_input._reader_thread cap.read(): ret=True, frame type=<class 'numpy.ndarray'>, shape=(480, 640, 3)
2025-07-11 15:53:04,671 - systems.mediapipe_manager - INFO     - [진단] Face result callback: landmarks=YES, count=1
2025-07-11 15:53:04,672 - io_handler.video_input    - INFO     - [진단] video_input._reader_thread self.current_frame 갱신: shape=(480, 640, 3)
2025-07-11 15:53:04,683 - io_handler.video_input    - INFO     - [진단] video_input._reader_thread cap.read(): ret=True, frame type=<class 'numpy.ndarray'>, shape=(480, 640, 3)
2025-07-11 15:53:04,684 - io_handler.video_input    - INFO     - [진단] video_input._reader_thread self.current_frame 갱신: shape=(480, 640, 3)
2025-07-11 15:53:04,702 - systems.mediapipe_manager - INFO     - [진단] Face result callback: landmarks=YES, count=1
2025-07-11 15:53:04,710 - io_handler.video_input    - INFO     - [진단] video_input._reader_thread cap.read(): ret=True, frame type=<class 'numpy.ndarray'>, shape=(480, 640, 3)
2025-07-11 15:53:04,711 - io_handler.video_input    - INFO     - [진단] video_input._reader_thread self.current_frame 갱신: shape=(480, 640, 3)
2025-07-11 15:53:04,732 - systems.mediapipe_manager - INFO     - [진단] Pose result callback: landmarks=YES, count=1
2025-07-11 15:53:04,741 - io_handler.video_input    - INFO     - [진단] video_input._reader_thread cap.read(): ret=True, frame type=<class 'numpy.ndarray'>, shape=(480, 640, 3)
2025-07-11 15:53:04,744 - io_handler.video_input    - INFO     - [진단] video_input._reader_thread self.current_frame 갱신: shape=(480, 640, 3)
2025-07-11 15:53:04,766 - systems.mediapipe_manager - INFO     - [진단] Face result callback: landmarks=YES, count=1
2025-07-11 15:53:04,771 - io_handler.video_input    - INFO     - [진단] video_input._reader_thread cap.read(): ret=True, frame type=<class 'numpy.ndarray'>, shape=(480, 640, 3)
2025-07-11 15:53:04,772 - io_handler.video_input    - INFO     - [진단] video_input._reader_thread self.current_frame 갱신: shape=(480, 640, 3)
2025-07-11 15:53:04,803 - io_handler.video_input    - INFO     - [진단] video_input._reader_thread cap.read(): ret=True, frame type=<class 'numpy.ndarray'>, shape=(480, 640, 3)
2025-07-11 15:53:04,803 - io_handler.video_input    - INFO     - [진단] video_input._reader_thread self.current_frame 갱신: shape=(480, 640, 3)
2025-07-11 15:53:04,805 - systems.mediapipe_manager - INFO     - [진단] Pose result callback: landmarks=YES, count=1
2025-07-11 15:53:04,817 - systems.mediapipe_manager - INFO     - [진단] Face result callback: landmarks=YES, count=1
2025-07-11 15:53:04,837 - io_handler.video_input    - INFO     - [진단] video_input._reader_thread cap.read(): ret=True, frame type=<class 'numpy.ndarray'>, shape=(480, 640, 3)
2025-07-11 15:53:04,837 - io_handler.video_input    - INFO     - [진단] video_input._reader_thread self.current_frame 갱신: shape=(480, 640, 3)
2025-07-11 15:53:04,863 - systems.mediapipe_manager - INFO     - [진단] Face result callback: landmarks=YES, count=1
2025-07-11 15:53:04,868 - io_handler.video_input    - INFO     - [진단] video_input._reader_thread cap.read(): ret=True, frame type=<class 'numpy.ndarray'>, shape=(480, 640, 3)
2025-07-11 15:53:04,868 - io_handler.video_input    - INFO     - [진단] video_input._reader_thread self.current_frame 갱신: shape=(480, 640, 3)
2025-07-11 15:53:04,873 - systems.mediapipe_manager - INFO     - [진단] Pose result callback: landmarks=YES, count=1
2025-07-11 15:53:04,912 - systems.mediapipe_manager - INFO     - [진단] Face result callback: landmarks=YES, count=1
2025-07-11 15:53:04,939 - io_handler.video_input    - INFO     - [진단] video_input._reader_thread cap.read(): ret=True, frame type=<class 'numpy.ndarray'>, shape=(480, 640, 3)
2025-07-11 15:53:04,942 - io_handler.video_input    - INFO     - [진단] video_input._reader_thread self.current_frame 갱신: shape=(480, 640, 3)
2025-07-11 15:53:04,946 - systems.mediapipe_manager - INFO     - [진단] Pose result callback: landmarks=YES, count=1
2025-07-11 15:53:04,971 - io_handler.video_input    - INFO     - [진단] video_input._reader_thread cap.read(): ret=True, frame type=<class 'numpy.ndarray'>, shape=(480, 640, 3)
2025-07-11 15:53:04,973 - io_handler.video_input    - INFO     - [진단] video_input._reader_thread self.current_frame 갱신: shape=(480, 640, 3)
2025-07-11 15:53:04,980 - systems.mediapipe_manager - INFO     - [진단] Face result callback: landmarks=YES, count=1
2025-07-11 15:53:04,998 - app                       - INFO     - Frame 100: Face=YES, Pose=YES, Hand=NO | Fatigue=0.00, Distraction=0.00, Confidence=0.00
2025-07-11 15:53:05,013 - systems.mediapipe_manager - INFO     - [진단] Face result callback: landmarks=YES, count=1
2025-07-11 15:53:05,018 - io_handler.video_input    - INFO     - [진단] video_input._reader_thread cap.read(): ret=True, frame type=<class 'numpy.ndarray'>, shape=(480, 640, 3)
2025-07-11 15:53:05,019 - io_handler.video_input    - INFO     - [진단] video_input._reader_thread self.current_frame 갱신: shape=(480, 640, 3)
2025-07-11 15:53:05,051 - systems.mediapipe_manager - INFO     - [진단] Face result callback: landmarks=YES, count=1
2025-07-11 15:53:05,052 - io_handler.video_input    - INFO     - [진단] video_input._reader_thread cap.read(): ret=True, frame type=<class 'numpy.ndarray'>, shape=(480, 640, 3)
2025-07-11 15:53:05,053 - io_handler.video_input    - INFO     - [진단] video_input._reader_thread self.current_frame 갱신: shape=(480, 640, 3)
2025-07-11 15:53:05,056 - systems.mediapipe_manager - INFO     - [진단] Pose result callback: landmarks=YES, count=1
2025-07-11 15:53:05,061 - io_handler.video_input    - INFO     - [진단] video_input._reader_thread cap.read(): ret=True, frame type=<class 'numpy.ndarray'>, shape=(480, 640, 3)
2025-07-11 15:53:05,087 - io_handler.video_input    - INFO     - [진단] video_input._reader_thread self.current_frame 갱신: shape=(480, 640, 3)
2025-07-11 15:53:05,094 - systems.mediapipe_manager - INFO     - [진단] Face result callback: landmarks=YES, count=1
2025-07-11 15:53:05,104 - io_handler.video_input    - INFO     - [진단] video_input._reader_thread cap.read(): ret=True, frame type=<class 'numpy.ndarray'>, shape=(480, 640, 3)
2025-07-11 15:53:05,113 - io_handler.video_input    - INFO     - [진단] video_input._reader_thread self.current_frame 갱신: shape=(480, 640, 3)
2025-07-11 15:53:05,123 - io_handler.video_input    - INFO     - [진단] video_input._reader_thread cap.read(): ret=True, frame type=<class 'numpy.ndarray'>, shape=(480, 640, 3)
2025-07-11 15:53:05,127 - io_handler.video_input    - INFO     - [진단] video_input._reader_thread self.current_frame 갱신: shape=(480, 640, 3)
2025-07-11 15:53:05,139 - systems.mediapipe_manager - INFO     - [진단] Face result callback: landmarks=YES, count=1
2025-07-11 15:53:05,145 - io_handler.video_input    - INFO     - [진단] video_input._reader_thread cap.read(): ret=True, frame type=<class 'numpy.ndarray'>, shape=(480, 640, 3)
2025-07-11 15:53:05,149 - io_handler.video_input    - INFO     - [진단] video_input._reader_thread self.current_frame 갱신: shape=(480, 640, 3)
2025-07-11 15:53:05,172 - systems.mediapipe_manager - INFO     - [진단] Pose result callback: landmarks=YES, count=1
2025-07-11 15:53:05,185 - systems.mediapipe_manager - INFO     - [진단] Face result callback: landmarks=YES, count=1
2025-07-11 15:53:05,185 - io_handler.video_input    - INFO     - [진단] video_input._reader_thread cap.read(): ret=True, frame type=<class 'numpy.ndarray'>, shape=(480, 640, 3)
2025-07-11 15:53:05,186 - io_handler.video_input    - INFO     - [진단] video_input._reader_thread self.current_frame 갱신: shape=(480, 640, 3)
2025-07-11 15:53:05,208 - io_handler.video_input    - INFO     - [진단] video_input._reader_thread cap.read(): ret=True, frame type=<class 'numpy.ndarray'>, shape=(480, 640, 3)
2025-07-11 15:53:05,208 - io_handler.video_input    - INFO     - [진단] video_input._reader_thread self.current_frame 갱신: shape=(480, 640, 3)
2025-07-11 15:53:05,213 - systems.mediapipe_manager - INFO     - [진단] Face result callback: landmarks=YES, count=1
2025-07-11 15:53:05,241 - io_handler.video_input    - INFO     - [진단] video_input._reader_thread cap.read(): ret=True, frame type=<class 'numpy.ndarray'>, shape=(480, 640, 3)
2025-07-11 15:53:05,244 - io_handler.video_input    - INFO     - [진단] video_input._reader_thread self.current_frame 갱신: shape=(480, 640, 3)
2025-07-11 15:53:05,265 - systems.mediapipe_manager - INFO     - [진단] Face result callback: landmarks=YES, count=1
2025-07-11 15:53:05,266 - systems.mediapipe_manager - INFO     - [진단] Pose result callback: landmarks=YES, count=1
2025-07-11 15:53:05,267 - io_handler.video_input    - INFO     - [진단] video_input._reader_thread cap.read(): ret=True, frame type=<class 'numpy.ndarray'>, shape=(480, 640, 3)
2025-07-11 15:53:05,268 - io_handler.video_input    - INFO     - [진단] video_input._reader_thread self.current_frame 갱신: shape=(480, 640, 3)
2025-07-11 15:53:05,297 - systems.mediapipe_manager - INFO     - [진단] Face result callback: landmarks=YES, count=1
2025-07-11 15:53:05,338 - systems.mediapipe_manager - INFO     - [진단] Pose result callback: landmarks=YES, count=1
2025-07-11 15:53:05,341 - io_handler.video_input    - INFO     - [진단] video_input._reader_thread cap.read(): ret=True, frame type=<class 'numpy.ndarray'>, shape=(480, 640, 3)
2025-07-11 15:53:05,342 - io_handler.video_input    - INFO     - [진단] video_input._reader_thread self.current_frame 갱신: shape=(480, 640, 3)
2025-07-11 15:53:05,351 - systems.mediapipe_manager - INFO     - [진단] Face result callback: landmarks=YES, count=1
2025-07-11 15:53:05,375 - io_handler.video_input    - INFO     - [진단] video_input._reader_thread cap.read(): ret=True, frame type=<class 'numpy.ndarray'>, shape=(480, 640, 3)
2025-07-11 15:53:05,384 - io_handler.video_input    - INFO     - [진단] video_input._reader_thread self.current_frame 갱신: shape=(480, 640, 3)
2025-07-11 15:53:05,400 - systems.mediapipe_manager - INFO     - [진단] Face result callback: landmarks=YES, count=1
2025-07-11 15:53:05,402 - io_handler.video_input    - INFO     - [진단] video_input._reader_thread cap.read(): ret=True, frame type=<class 'numpy.ndarray'>, shape=(480, 640, 3)
2025-07-11 15:53:05,403 - io_handler.video_input    - INFO     - [진단] video_input._reader_thread self.current_frame 갱신: shape=(480, 640, 3)
2025-07-11 15:53:05,421 - systems.mediapipe_manager - INFO     - [진단] Pose result callback: landmarks=YES, count=1
2025-07-11 15:53:05,444 - systems.mediapipe_manager - INFO     - [진단] Face result callback: landmarks=YES, count=1
2025-07-11 15:53:05,452 - io_handler.video_input    - INFO     - [진단] video_input._reader_thread cap.read(): ret=True, frame type=<class 'numpy.ndarray'>, shape=(480, 640, 3)
2025-07-11 15:53:05,452 - io_handler.video_input    - INFO     - [진단] video_input._reader_thread self.current_frame 갱신: shape=(480, 640, 3)
2025-07-11 15:53:05,469 - app                       - INFO     - Frame 110: Face=YES, Pose=YES, Hand=NO | Fatigue=0.00, Distraction=0.00, Confidence=0.00
2025-07-11 15:53:05,480 - io_handler.video_input    - INFO     - [진단] video_input._reader_thread cap.read(): ret=True, frame type=<class 'numpy.ndarray'>, shape=(480, 640, 3)
2025-07-11 15:53:05,482 - io_handler.video_input    - INFO     - [진단] video_input._reader_thread self.current_frame 갱신: shape=(480, 640, 3)
2025-07-11 15:53:05,487 - systems.mediapipe_manager - INFO     - [진단] Face result callback: landmarks=YES, count=1
2025-07-11 15:53:05,489 - io_handler.video_input    - INFO     - [진단] video_input._reader_thread cap.read(): ret=True, frame type=<class 'numpy.ndarray'>, shape=(480, 640, 3)
2025-07-11 15:53:05,502 - io_handler.video_input    - INFO     - [진단] video_input._reader_thread self.current_frame 갱신: shape=(480, 640, 3)
2025-07-11 15:53:05,509 - io_handler.video_input    - INFO     - [진단] video_input._reader_thread cap.read(): ret=True, frame type=<class 'numpy.ndarray'>, shape=(480, 640, 3)
2025-07-11 15:53:05,509 - io_handler.video_input    - INFO     - [진단] video_input._reader_thread self.current_frame 갱신: shape=(480, 640, 3)
2025-07-11 15:53:05,514 - systems.mediapipe_manager - INFO     - [진단] Pose result callback: landmarks=YES, count=1
2025-07-11 15:53:05,537 - systems.mediapipe_manager - INFO     - [진단] Face result callback: landmarks=YES, count=1
2025-07-11 15:53:05,539 - io_handler.video_input    - INFO     - [진단] video_input._reader_thread cap.read(): ret=True, frame type=<class 'numpy.ndarray'>, shape=(480, 640, 3)
2025-07-11 15:53:05,541 - io_handler.video_input    - INFO     - [진단] video_input._reader_thread self.current_frame 갱신: shape=(480, 640, 3)
2025-07-11 15:53:05,574 - io_handler.video_input    - INFO     - [진단] video_input._reader_thread cap.read(): ret=True, frame type=<class 'numpy.ndarray'>, shape=(480, 640, 3)
2025-07-11 15:53:05,581 - io_handler.video_input    - INFO     - [진단] video_input._reader_thread self.current_frame 갱신: shape=(480, 640, 3)
2025-07-11 15:53:05,584 - systems.mediapipe_manager - INFO     - [진단] Face result callback: landmarks=YES, count=1
2025-07-11 15:53:05,605 - io_handler.video_input    - INFO     - [진단] video_input._reader_thread cap.read(): ret=True, frame type=<class 'numpy.ndarray'>, shape=(480, 640, 3)
2025-07-11 15:53:05,610 - io_handler.video_input    - INFO     - [진단] video_input._reader_thread self.current_frame 갱신: shape=(480, 640, 3)
2025-07-11 15:53:05,628 - systems.mediapipe_manager - INFO     - [진단] Pose result callback: landmarks=YES, count=1
2025-07-11 15:53:05,635 - systems.mediapipe_manager - INFO     - [진단] Face result callback: landmarks=YES, count=1
2025-07-11 15:53:05,637 - io_handler.video_input    - INFO     - [진단] video_input._reader_thread cap.read(): ret=True, frame type=<class 'numpy.ndarray'>, shape=(480, 640, 3)
2025-07-11 15:53:05,638 - io_handler.video_input    - INFO     - [진단] video_input._reader_thread self.current_frame 갱신: shape=(480, 640, 3)
2025-07-11 15:53:05,673 - io_handler.video_input    - INFO     - [진단] video_input._reader_thread cap.read(): ret=True, frame type=<class 'numpy.ndarray'>, shape=(480, 640, 3)
2025-07-11 15:53:05,677 - io_handler.video_input    - INFO     - [진단] video_input._reader_thread self.current_frame 갱신: shape=(480, 640, 3)
2025-07-11 15:53:05,679 - systems.mediapipe_manager - INFO     - [진단] Face result callback: landmarks=YES, count=1
2025-07-11 15:53:05,704 - io_handler.video_input    - INFO     - [진단] video_input._reader_thread cap.read(): ret=True, frame type=<class 'numpy.ndarray'>, shape=(480, 640, 3)
2025-07-11 15:53:05,705 - systems.mediapipe_manager - INFO     - [진단] Pose result callback: landmarks=YES, count=1
2025-07-11 15:53:05,709 - io_handler.video_input    - INFO     - [진단] video_input._reader_thread self.current_frame 갱신: shape=(480, 640, 3)
2025-07-11 15:53:05,735 - systems.mediapipe_manager - INFO     - [진단] Face result callback: landmarks=YES, count=1
2025-07-11 15:53:05,769 - systems.mediapipe_manager - INFO     - [진단] Face result callback: landmarks=YES, count=1
2025-07-11 15:53:05,771 - io_handler.video_input    - INFO     - [진단] video_input._reader_thread cap.read(): ret=True, frame type=<class 'numpy.ndarray'>, shape=(480, 640, 3)
2025-07-11 15:53:05,771 - io_handler.video_input    - INFO     - [진단] video_input._reader_thread self.current_frame 갱신: shape=(480, 640, 3)
2025-07-11 15:53:05,777 - systems.mediapipe_manager - INFO     - [진단] Pose result callback: landmarks=YES, count=1
2025-07-11 15:53:05,805 - io_handler.video_input    - INFO     - [진단] video_input._reader_thread cap.read(): ret=True, frame type=<class 'numpy.ndarray'>, shape=(480, 640, 3)
2025-07-11 15:53:05,808 - io_handler.video_input    - INFO     - [진단] video_input._reader_thread self.current_frame 갱신: shape=(480, 640, 3)
2025-07-11 15:53:05,834 - systems.mediapipe_manager - INFO     - [진단] Face result callback: landmarks=YES, count=1
2025-07-11 15:53:05,856 - io_handler.video_input    - INFO     - [진단] video_input._reader_thread cap.read(): ret=True, frame type=<class 'numpy.ndarray'>, shape=(480, 640, 3)
2025-07-11 15:53:05,858 - systems.mediapipe_manager - INFO     - [진단] Pose result callback: landmarks=YES, count=1
2025-07-11 15:53:05,862 - io_handler.video_input    - INFO     - [진단] video_input._reader_thread self.current_frame 갱신: shape=(480, 640, 3)
2025-07-11 15:53:05,883 - io_handler.video_input    - INFO     - [진단] video_input._reader_thread cap.read(): ret=True, frame type=<class 'numpy.ndarray'>, shape=(480, 640, 3)
2025-07-11 15:53:05,886 - io_handler.video_input    - INFO     - [진단] video_input._reader_thread self.current_frame 갱신: shape=(480, 640, 3)
2025-07-11 15:53:05,899 - systems.mediapipe_manager - INFO     - [진단] Face result callback: landmarks=YES, count=1
2025-07-11 15:53:05,899 - io_handler.video_input    - INFO     - [진단] video_input._reader_thread cap.read(): ret=True, frame type=<class 'numpy.ndarray'>, shape=(480, 640, 3)
2025-07-11 15:53:05,899 - io_handler.video_input    - INFO     - [진단] video_input._reader_thread self.current_frame 갱신: shape=(480, 640, 3)
2025-07-11 15:53:05,918 - io_handler.video_input    - INFO     - [진단] video_input._reader_thread cap.read(): ret=True, frame type=<class 'numpy.ndarray'>, shape=(480, 640, 3)
2025-07-11 15:53:05,926 - io_handler.video_input    - INFO     - [진단] video_input._reader_thread self.current_frame 갱신: shape=(480, 640, 3)
2025-07-11 15:53:05,942 - systems.mediapipe_manager - INFO     - [진단] Face result callback: landmarks=YES, count=1
2025-07-11 15:53:05,957 - io_handler.video_input    - INFO     - [진단] video_input._reader_thread cap.read(): ret=True, frame type=<class 'numpy.ndarray'>, shape=(480, 640, 3)
2025-07-11 15:53:05,960 - app                       - INFO     - Frame 120: Face=YES, Pose=YES, Hand=NO | Fatigue=0.00, Distraction=0.00, Confidence=0.00
2025-07-11 15:53:05,960 - io_handler.video_input    - INFO     - [진단] video_input._reader_thread self.current_frame 갱신: shape=(480, 640, 3)
2025-07-11 15:53:05,979 - io_handler.video_input    - INFO     - [진단] video_input._reader_thread cap.read(): ret=True, frame type=<class 'numpy.ndarray'>, shape=(480, 640, 3)
2025-07-11 15:53:05,980 - io_handler.video_input    - INFO     - [진단] video_input._reader_thread self.current_frame 갱신: shape=(480, 640, 3)
2025-07-11 15:53:05,982 - systems.mediapipe_manager - INFO     - [진단] Pose result callback: landmarks=YES, count=1
2025-07-11 15:53:05,998 - systems.mediapipe_manager - INFO     - [진단] Face result callback: landmarks=YES, count=1
2025-07-11 15:53:06,013 - io_handler.video_input    - INFO     - [진단] video_input._reader_thread cap.read(): ret=True, frame type=<class 'numpy.ndarray'>, shape=(480, 640, 3)
2025-07-11 15:53:06,017 - io_handler.video_input    - INFO     - [진단] video_input._reader_thread self.current_frame 갱신: shape=(480, 640, 3)
2025-07-11 15:53:06,051 - systems.mediapipe_manager - INFO     - [진단] Face result callback: landmarks=YES, count=1
2025-07-11 15:53:06,068 - events.event_bus          - INFO     - CRITICAL 우선순위 큐 처리 취소됨
2025-07-11 15:53:06,069 - io_handler.video_input    - INFO     - [진단] video_input._reader_thread cap.read(): ret=True, frame type=<class 'numpy.ndarray'>, shape=(480, 640, 3)
2025-07-11 15:53:06,073 - events.event_bus          - INFO     - MEDIUM 우선순위 큐 처리 취소됨
2025-07-11 15:53:06,082 - events.event_bus          - INFO     - EMERGENCY 우선순위 큐 처리 취소됨
2025-07-11 15:53:06,084 - io_handler.video_input    - INFO     - [진단] video_input._reader_thread self.current_frame 갱신: shape=(480, 640, 3)
2025-07-11 15:53:06,095 - events.event_bus          - INFO     - HIGH 우선순위 큐 처리 취소됨
2025-07-11 15:53:06,101 - events.event_bus          - INFO     - LOW 우선순위 큐 처리 취소됨
2025-07-11 15:53:06,110 - io_handler.video_input    - INFO     - [진단] video_input._reader_thread cap.read(): ret=True, frame type=<class 'numpy.ndarray'>, shape=(480, 640, 3)
2025-07-11 15:53:06,133 - systems.mediapipe_manager - INFO     - [진단] Face result callback: landmarks=YES, count=1
2025-07-11 15:53:06,137 - io_handler.video_input    - INFO     - [진단] video_input._reader_thread self.current_frame 갱신: shape=(480, 640, 3)
2025-07-11 15:53:06,190 - io_handler.video_input    - INFO     - [진단] video_input._reader_thread cap.read(): ret=True, frame type=<class 'numpy.ndarray'>, shape=(480, 640, 3)
2025-07-11 15:53:06,199 - io_handler.video_input    - INFO     - [진단] video_input._reader_thread self.current_frame 갱신: shape=(480, 640, 3)
2025-07-11 15:53:06,216 - systems.mediapipe_manager - INFO     - [진단] Pose result callback: landmarks=YES, count=1
